{"/home/dan/ai-coworkers/src/adapters/eve.ts": {"path":"/home/dan/ai-coworkers/src/adapters/eve.ts","statementMap":{"0":{"start":{"line":33,"column":2},"end":{"line":33,"column":null}},"1":{"start":{"line":33,"column":25},"end":{"line":33,"column":null}},"2":{"start":{"line":34,"column":8},"end":{"line":35,"column":null}},"3":{"start":{"line":35,"column":4},"end":{"line":35,"column":null}},"4":{"start":{"line":36,"column":27},"end":{"line":36,"column":null}},"5":{"start":{"line":37,"column":2},"end":{"line":44,"column":null}},"6":{"start":{"line":41,"column":47},"end":{"line":41,"column":85}}},"fnMap":{"0":{"name":"loadEveAgent","decl":{"start":{"line":32,"column":16},"end":{"line":32,"column":29}},"loc":{"start":{"line":32,"column":60},"end":{"line":45,"column":null}},"line":32},"1":{"name":"(anonymous_1)","decl":{"start":{"line":34,"column":8},"end":{"line":34,"column":20}},"loc":{"start":{"line":35,"column":4},"end":{"line":35,"column":null}},"line":35},"2":{"name":"(anonymous_2)","decl":{"start":{"line":41,"column":33},"end":{"line":41,"column":41}},"loc":{"start":{"line":41,"column":47},"end":{"line":41,"column":85}},"line":41}},"branchMap":{"0":{"loc":{"start":{"line":33,"column":2},"end":{"line":33,"column":null}},"type":"if","locations":[{"start":{"line":33,"column":2},"end":{"line":33,"column":null}},{"start":{},"end":{}}],"line":33},"1":{"loc":{"start":{"line":35,"column":4},"end":{"line":35,"column":null}},"type":"cond-expr","locations":[{"start":{"line":35,"column":34},"end":{"line":35,"column":65}},{"start":{"line":35,"column":65},"end":{"line":35,"column":null}}],"line":35},"2":{"loc":{"start":{"line":39,"column":18},"end":{"line":39,"column":null}},"type":"cond-expr","locations":[{"start":{"line":39,"column":49},"end":{"line":39,"column":90}},{"start":{"line":39,"column":90},"end":{"line":39,"column":null}}],"line":39},"3":{"loc":{"start":{"line":41,"column":47},"end":{"line":41,"column":85}},"type":"binary-expr","locations":[{"start":{"line":41,"column":47},"end":{"line":41,"column":68}},{"start":{"line":41,"column":68},"end":{"line":41,"column":85}}],"line":41}},"s":{"0":2,"1":1,"2":1,"3":3,"4":1,"5":1,"6":1},"f":{"0":2,"1":3,"2":1},"b":{"0":[1,1],"1":[3,0],"2":[1,0],"3":[1,0]},"meta":{"lastBranch":4,"lastFunction":3,"lastStatement":7,"seen":{"f:32:16:32:29":0,"b:33:2:33:Infinity:undefined:undefined:undefined:undefined":0,"s:33:2:33:Infinity":0,"s:33:25:33:Infinity":1,"s:34:8:35:Infinity":2,"f:34:8:34:20":1,"s:35:4:35:Infinity":3,"b:35:34:35:65:35:65:35:Infinity":1,"s:36:27:36:Infinity":4,"s:37:2:44:Infinity":5,"b:39:49:39:90:39:90:39:Infinity":2,"f:41:33:41:41":2,"s:41:47:41:85":6,"b:41:47:41:68:41:68:41:85":3},"fnNames":{}}}
,"/home/dan/ai-coworkers/src/adapters/hermes.ts": {"path":"/home/dan/ai-coworkers/src/adapters/hermes.ts","statementMap":{"0":{"start":{"line":26,"column":2},"end":{"line":26,"column":null}},"1":{"start":{"line":26,"column":24},"end":{"line":26,"column":null}},"2":{"start":{"line":27,"column":32},"end":{"line":27,"column":null}},"3":{"start":{"line":28,"column":2},"end":{"line":36,"column":null}},"4":{"start":{"line":29,"column":21},"end":{"line":29,"column":null}},"5":{"start":{"line":30,"column":4},"end":{"line":30,"column":null}},"6":{"start":{"line":30,"column":43},"end":{"line":30,"column":null}},"7":{"start":{"line":31,"column":15},"end":{"line":31,"column":null}},"8":{"start":{"line":32,"column":4},"end":{"line":32,"column":null}},"9":{"start":{"line":32,"column":25},"end":{"line":32,"column":null}},"10":{"start":{"line":33,"column":16},"end":{"line":33,"column":null}},"11":{"start":{"line":34,"column":40},"end":{"line":34,"column":null}},"12":{"start":{"line":35,"column":4},"end":{"line":35,"column":null}},"13":{"start":{"line":37,"column":2},"end":{"line":37,"column":null}},"14":{"start":{"line":45,"column":2},"end":{"line":45,"column":null}},"15":{"start":{"line":45,"column":22},"end":{"line":45,"column":null}},"16":{"start":{"line":46,"column":17},"end":{"line":46,"column":null}},"17":{"start":{"line":47,"column":26},"end":{"line":51,"column":null}},"18":{"start":{"line":50,"column":25},"end":{"line":50,"column":61}},"19":{"start":{"line":52,"column":20},"end":{"line":52,"column":null}},"20":{"start":{"line":52,"column":41},"end":{"line":52,"column":59}},"21":{"start":{"line":53,"column":2},"end":{"line":58,"column":null}},"22":{"start":{"line":54,"column":4},"end":{"line":54,"column":null}},"23":{"start":{"line":55,"column":4},"end":{"line":57,"column":null}},"24":{"start":{"line":56,"column":6},"end":{"line":56,"column":null}},"25":{"start":{"line":59,"column":2},"end":{"line":59,"column":null}},"26":{"start":{"line":65,"column":12},"end":{"line":65,"column":null}},"27":{"start":{"line":66,"column":2},"end":{"line":66,"column":null}},"28":{"start":{"line":66,"column":10},"end":{"line":66,"column":null}},"29":{"start":{"line":67,"column":13},"end":{"line":72,"column":null}},"30":{"start":{"line":69,"column":17},"end":{"line":69,"column":null}},"31":{"start":{"line":70,"column":6},"end":{"line":70,"column":null}},"32":{"start":{"line":71,"column":23},"end":{"line":71,"column":24}},"33":{"start":{"line":73,"column":2},"end":{"line":77,"column":null}},"34":{"start":{"line":81,"column":2},"end":{"line":81,"column":null}},"35":{"start":{"line":81,"column":39},"end":{"line":81,"column":58}}},"fnMap":{"0":{"name":"loadHermesSkills","decl":{"start":{"line":25,"column":16},"end":{"line":25,"column":33}},"loc":{"start":{"line":25,"column":61},"end":{"line":38,"column":null}},"line":25},"1":{"name":"renderSkillsIndex","decl":{"start":{"line":44,"column":16},"end":{"line":44,"column":34}},"loc":{"start":{"line":44,"column":93},"end":{"line":60,"column":null}},"line":44},"2":{"name":"(anonymous_2)","decl":{"start":{"line":50,"column":14},"end":{"line":50,"column":19}},"loc":{"start":{"line":50,"column":25},"end":{"line":50,"column":61}},"line":50},"3":{"name":"(anonymous_3)","decl":{"start":{"line":52,"column":27},"end":{"line":52,"column":35}},"loc":{"start":{"line":52,"column":41},"end":{"line":52,"column":59}},"line":52},"4":{"name":"parseFrontMatter","decl":{"start":{"line":62,"column":9},"end":{"line":62,"column":26}},"loc":{"start":{"line":64,"column":2},"end":{"line":78,"column":null}},"line":64},"5":{"name":"(anonymous_5)","decl":{"start":{"line":68,"column":24},"end":{"line":68,"column":29}},"loc":{"start":{"line":68,"column":38},"end":{"line":71,"column":5}},"line":68},"6":{"name":"(anonymous_6)","decl":{"start":{"line":71,"column":7},"end":{"line":71,"column":15}},"loc":{"start":{"line":71,"column":23},"end":{"line":71,"column":24}},"line":71},"7":{"name":"firstLine","decl":{"start":{"line":80,"column":9},"end":{"line":80,"column":19}},"loc":{"start":{"line":80,"column":38},"end":{"line":82,"column":null}},"line":80},"8":{"name":"(anonymous_8)","decl":{"start":{"line":81,"column":27},"end":{"line":81,"column":33}},"loc":{"start":{"line":81,"column":39},"end":{"line":81,"column":58}},"line":81}},"branchMap":{"0":{"loc":{"start":{"line":26,"column":2},"end":{"line":26,"column":null}},"type":"if","locations":[{"start":{"line":26,"column":2},"end":{"line":26,"column":null}},{"start":{},"end":{}}],"line":26},"1":{"loc":{"start":{"line":30,"column":4},"end":{"line":30,"column":null}},"type":"if","locations":[{"start":{"line":30,"column":4},"end":{"line":30,"column":null}},{"start":{},"end":{}}],"line":30},"2":{"loc":{"start":{"line":32,"column":4},"end":{"line":32,"column":null}},"type":"if","locations":[{"start":{"line":32,"column":4},"end":{"line":32,"column":null}},{"start":{},"end":{}}],"line":32},"3":{"loc":{"start":{"line":44,"column":57},"end":{"line":44,"column":93}},"type":"default-arg","locations":[{"start":{"line":44,"column":81},"end":{"line":44,"column":93}}],"line":44},"4":{"loc":{"start":{"line":45,"column":2},"end":{"line":45,"column":null}},"type":"if","locations":[{"start":{"line":45,"column":2},"end":{"line":45,"column":null}},{"start":{},"end":{}}],"line":45},"5":{"loc":{"start":{"line":53,"column":2},"end":{"line":58,"column":null}},"type":"if","locations":[{"start":{"line":53,"column":2},"end":{"line":58,"column":null}},{"start":{},"end":{}}],"line":53},"6":{"loc":{"start":{"line":66,"column":2},"end":{"line":66,"column":null}},"type":"if","locations":[{"start":{"line":66,"column":2},"end":{"line":66,"column":null}},{"start":{},"end":{}}],"line":66},"7":{"loc":{"start":{"line":70,"column":13},"end":{"line":70,"column":null}},"type":"cond-expr","locations":[{"start":{"line":70,"column":18},"end":{"line":70,"column":84}},{"start":{"line":70,"column":84},"end":{"line":70,"column":null}}],"line":70},"8":{"loc":{"start":{"line":74,"column":10},"end":{"line":74,"column":null}},"type":"binary-expr","locations":[{"start":{"line":74,"column":10},"end":{"line":74,"column":21}},{"start":{"line":74,"column":21},"end":{"line":74,"column":null}}],"line":74},"9":{"loc":{"start":{"line":75,"column":17},"end":{"line":75,"column":null}},"type":"binary-expr","locations":[{"start":{"line":75,"column":17},"end":{"line":75,"column":35}},{"start":{"line":75,"column":35},"end":{"line":75,"column":null}}],"line":75},"10":{"loc":{"start":{"line":81,"column":10},"end":{"line":81,"column":65}},"type":"binary-expr","locations":[{"start":{"line":81,"column":10},"end":{"line":81,"column":63}},{"start":{"line":81,"column":63},"end":{"line":81,"column":65}}],"line":81}},"s":{"0":5,"1":1,"2":4,"3":4,"4":4,"5":4,"6":0,"7":4,"8":4,"9":1,"10":3,"11":3,"12":3,"13":4,"14":2,"15":1,"16":1,"17":1,"18":2,"19":1,"20":2,"21":1,"22":0,"23":0,"24":0,"25":1,"26":3,"27":3,"28":1,"29":2,"30":4,"31":4,"32":4,"33":2,"34":1,"35":1},"f":{"0":5,"1":2,"2":2,"3":2,"4":3,"5":4,"6":4,"7":1,"8":1},"b":{"0":[1,4],"1":[0,4],"2":[1,3],"3":[2],"4":[1,1],"5":[0,1],"6":[1,2],"7":[4,0],"8":[2,0],"9":[3,0],"10":[1,0]},"meta":{"lastBranch":11,"lastFunction":9,"lastStatement":36,"seen":{"f:25:16:25:33":0,"b:26:2:26:Infinity:undefined:undefined:undefined:undefined":0,"s:26:2:26:Infinity":0,"s:26:24:26:Infinity":1,"s:27:32:27:Infinity":2,"s:28:2:36:Infinity":3,"s:29:21:29:Infinity":4,"b:30:4:30:Infinity:undefined:undefined:undefined:undefined":1,"s:30:4:30:Infinity":5,"s:30:43:30:Infinity":6,"s:31:15:31:Infinity":7,"b:32:4:32:Infinity:undefined:undefined:undefined:undefined":2,"s:32:4:32:Infinity":8,"s:32:25:32:Infinity":9,"s:33:16:33:Infinity":10,"s:34:40:34:Infinity":11,"s:35:4:35:Infinity":12,"s:37:2:37:Infinity":13,"f:44:16:44:34":1,"b:44:81:44:93":3,"b:45:2:45:Infinity:undefined:undefined:undefined:undefined":4,"s:45:2:45:Infinity":14,"s:45:22:45:Infinity":15,"s:46:17:46:Infinity":16,"s:47:26:51:Infinity":17,"f:50:14:50:19":2,"s:50:25:50:61":18,"s:52:20:52:Infinity":19,"f:52:27:52:35":3,"s:52:41:52:59":20,"b:53:2:58:Infinity:undefined:undefined:undefined:undefined":5,"s:53:2:58:Infinity":21,"s:54:4:54:Infinity":22,"s:55:4:57:Infinity":23,"s:56:6:56:Infinity":24,"s:59:2:59:Infinity":25,"f:62:9:62:26":4,"s:65:12:65:Infinity":26,"b:66:2:66:Infinity:undefined:undefined:undefined:undefined":6,"s:66:2:66:Infinity":27,"s:66:10:66:Infinity":28,"s:67:13:72:Infinity":29,"f:68:24:68:29":5,"s:69:17:69:Infinity":30,"s:70:6:70:Infinity":31,"b:70:18:70:84:70:84:70:Infinity":7,"f:71:7:71:15":6,"s:71:23:71:24":32,"s:73:2:77:Infinity":33,"b:74:10:74:21:74:21:74:Infinity":8,"b:75:17:75:35:75:35:75:Infinity":9,"f:80:9:80:19":7,"s:81:2:81:Infinity":34,"b:81:10:81:63:81:63:81:65":10,"f:81:27:81:33":8,"s:81:39:81:58":35},"fnNames":{}}}
,"/home/dan/ai-coworkers/src/runtime/boundaries.ts": {"path":"/home/dan/ai-coworkers/src/runtime/boundaries.ts","statementMap":{"0":{"start":{"line":21,"column":2},"end":{"line":21,"column":null}},"1":{"start":{"line":21,"column":13},"end":{"line":21,"column":null}},"2":{"start":{"line":24,"column":22},"end":{"line":24,"column":null}},"3":{"start":{"line":25,"column":20},"end":{"line":27,"column":null}},"4":{"start":{"line":26,"column":11},"end":{"line":26,"column":null}},"5":{"start":{"line":28,"column":2},"end":{"line":30,"column":null}},"6":{"start":{"line":29,"column":4},"end":{"line":29,"column":null}},"7":{"start":{"line":34,"column":20},"end":{"line":34,"column":null}},"8":{"start":{"line":35,"column":2},"end":{"line":42,"column":null}},"9":{"start":{"line":36,"column":17},"end":{"line":36,"column":null}},"10":{"start":{"line":37,"column":4},"end":{"line":41,"column":null}},"11":{"start":{"line":38,"column":6},"end":{"line":40,"column":null}},"12":{"start":{"line":39,"column":8},"end":{"line":39,"column":null}},"13":{"start":{"line":44,"column":2},"end":{"line":44,"column":null}},"14":{"start":{"line":48,"column":2},"end":{"line":48,"column":null}},"15":{"start":{"line":48,"column":72},"end":{"line":48,"column":76}},"16":{"start":{"line":55,"column":2},"end":{"line":55,"column":null}},"17":{"start":{"line":55,"column":21},"end":{"line":55,"column":null}},"18":{"start":{"line":56,"column":16},"end":{"line":56,"column":null}},"19":{"start":{"line":57,"column":24},"end":{"line":57,"column":null}},"20":{"start":{"line":58,"column":18},"end":{"line":58,"column":null}},"21":{"start":{"line":59,"column":2},"end":{"line":68,"column":null}},"22":{"start":{"line":60,"column":4},"end":{"line":63,"column":null}},"23":{"start":{"line":61,"column":6},"end":{"line":61,"column":null}},"24":{"start":{"line":62,"column":6},"end":{"line":62,"column":null}},"25":{"start":{"line":64,"column":4},"end":{"line":67,"column":null}},"26":{"start":{"line":65,"column":16},"end":{"line":65,"column":null}},"27":{"start":{"line":66,"column":6},"end":{"line":66,"column":null}},"28":{"start":{"line":66,"column":13},"end":{"line":66,"column":null}},"29":{"start":{"line":69,"column":2},"end":{"line":69,"column":null}}},"fnMap":{"0":{"name":"checkAction","decl":{"start":{"line":14,"column":16},"end":{"line":14,"column":null}},"loc":{"start":{"line":19,"column":20},"end":{"line":45,"column":null}},"line":19},"1":{"name":"(anonymous_1)","decl":{"start":{"line":25,"column":32},"end":{"line":25,"column":null}},"loc":{"start":{"line":26,"column":11},"end":{"line":26,"column":null}},"line":26},"2":{"name":"allowedToolNames","decl":{"start":{"line":47,"column":9},"end":{"line":47,"column":26}},"loc":{"start":{"line":47,"column":53},"end":{"line":49,"column":null}},"line":47},"3":{"name":"(anonymous_3)","decl":{"start":{"line":48,"column":61},"end":{"line":48,"column":66}},"loc":{"start":{"line":48,"column":72},"end":{"line":48,"column":76}},"line":48},"4":{"name":"mustNotTouch","decl":{"start":{"line":54,"column":9},"end":{"line":54,"column":22}},"loc":{"start":{"line":54,"column":54},"end":{"line":70,"column":null}},"line":54}},"branchMap":{"0":{"loc":{"start":{"line":21,"column":2},"end":{"line":21,"column":null}},"type":"if","locations":[{"start":{"line":21,"column":2},"end":{"line":21,"column":null}},{"start":{},"end":{}}],"line":21},"1":{"loc":{"start":{"line":26,"column":11},"end":{"line":26,"column":null}},"type":"binary-expr","locations":[{"start":{"line":26,"column":11},"end":{"line":26,"column":30}},{"start":{"line":26,"column":30},"end":{"line":26,"column":null}}],"line":26},"2":{"loc":{"start":{"line":28,"column":2},"end":{"line":30,"column":null}},"type":"if","locations":[{"start":{"line":28,"column":2},"end":{"line":30,"column":null}},{"start":{},"end":{}}],"line":28},"3":{"loc":{"start":{"line":35,"column":2},"end":{"line":42,"column":null}},"type":"if","locations":[{"start":{"line":35,"column":2},"end":{"line":42,"column":null}},{"start":{},"end":{}}],"line":35},"4":{"loc":{"start":{"line":38,"column":6},"end":{"line":40,"column":null}},"type":"if","locations":[{"start":{"line":38,"column":6},"end":{"line":40,"column":null}},{"start":{},"end":{}}],"line":38},"5":{"loc":{"start":{"line":38,"column":10},"end":{"line":38,"column":47}},"type":"binary-expr","locations":[{"start":{"line":38,"column":10},"end":{"line":38,"column":15}},{"start":{"line":38,"column":15},"end":{"line":38,"column":47}}],"line":38},"6":{"loc":{"start":{"line":55,"column":2},"end":{"line":55,"column":null}},"type":"if","locations":[{"start":{"line":55,"column":2},"end":{"line":55,"column":null}},{"start":{},"end":{}}],"line":55},"7":{"loc":{"start":{"line":60,"column":4},"end":{"line":63,"column":null}},"type":"if","locations":[{"start":{"line":60,"column":4},"end":{"line":63,"column":null}},{"start":{},"end":{}}],"line":60},"8":{"loc":{"start":{"line":64,"column":4},"end":{"line":67,"column":null}},"type":"if","locations":[{"start":{"line":64,"column":4},"end":{"line":67,"column":null}},{"start":{},"end":{}}],"line":64},"9":{"loc":{"start":{"line":66,"column":6},"end":{"line":66,"column":null}},"type":"if","locations":[{"start":{"line":66,"column":6},"end":{"line":66,"column":null}},{"start":{},"end":{}}],"line":66}},"s":{"0":7,"1":0,"2":7,"3":7,"4":7,"5":7,"6":1,"7":6,"8":6,"9":4,"10":4,"11":5,"12":2,"13":4,"14":7,"15":7,"16":6,"17":2,"18":4,"19":4,"20":4,"21":4,"22":16,"23":6,"24":6,"25":10,"26":8,"27":8,"28":6,"29":4},"f":{"0":7,"1":7,"2":7,"3":7,"4":6},"b":{"0":[0,7],"1":[7,6],"2":[1,6],"3":[4,2],"4":[2,3],"5":[5,5],"6":[2,4],"7":[6,10],"8":[8,2],"9":[6,2]},"meta":{"lastBranch":10,"lastFunction":5,"lastStatement":30,"seen":{"f:14:16:14:Infinity":0,"b:21:2:21:Infinity:undefined:undefined:undefined:undefined":0,"s:21:2:21:Infinity":0,"s:21:13:21:Infinity":1,"s:24:22:24:Infinity":2,"s:25:20:27:Infinity":3,"f:25:32:25:Infinity":1,"s:26:11:26:Infinity":4,"b:26:11:26:30:26:30:26:Infinity":1,"b:28:2:30:Infinity:undefined:undefined:undefined:undefined":2,"s:28:2:30:Infinity":5,"s:29:4:29:Infinity":6,"s:34:20:34:Infinity":7,"b:35:2:42:Infinity:undefined:undefined:undefined:undefined":3,"s:35:2:42:Infinity":8,"s:36:17:36:Infinity":9,"s:37:4:41:Infinity":10,"b:38:6:40:Infinity:undefined:undefined:undefined:undefined":4,"s:38:6:40:Infinity":11,"b:38:10:38:15:38:15:38:47":5,"s:39:8:39:Infinity":12,"s:44:2:44:Infinity":13,"f:47:9:47:26":2,"s:48:2:48:Infinity":14,"f:48:61:48:66":3,"s:48:72:48:76":15,"f:54:9:54:22":4,"b:55:2:55:Infinity:undefined:undefined:undefined:undefined":6,"s:55:2:55:Infinity":16,"s:55:21:55:Infinity":17,"s:56:16:56:Infinity":18,"s:57:24:57:Infinity":19,"s:58:18:58:Infinity":20,"s:59:2:68:Infinity":21,"b:60:4:63:Infinity:undefined:undefined:undefined:undefined":7,"s:60:4:63:Infinity":22,"s:61:6:61:Infinity":23,"s:62:6:62:Infinity":24,"b:64:4:67:Infinity:undefined:undefined:undefined:undefined":8,"s:64:4:67:Infinity":25,"s:65:16:65:Infinity":26,"b:66:6:66:Infinity:undefined:undefined:undefined:undefined":9,"s:66:6:66:Infinity":27,"s:66:13:66:Infinity":28,"s:69:2:69:Infinity":29},"fnNames":{}}}
,"/home/dan/ai-coworkers/src/runtime/budget.ts": {"path":"/home/dan/ai-coworkers/src/runtime/budget.ts","statementMap":{"0":{"start":{"line":8,"column":20},"end":{"line":8,"column":null}},"1":{"start":{"line":11,"column":12},"end":{"line":11,"column":null}},"2":{"start":{"line":12,"column":2},"end":{"line":12,"column":null}},"3":{"start":{"line":24,"column":21},"end":{"line":24,"column":null}},"4":{"start":{"line":25,"column":22},"end":{"line":27,"column":null}},"5":{"start":{"line":28,"column":20},"end":{"line":28,"column":null}},"6":{"start":{"line":29,"column":2},"end":{"line":34,"column":null}}},"fnMap":{"0":{"name":"extractCallCap","decl":{"start":{"line":10,"column":16},"end":{"line":10,"column":31}},"loc":{"start":{"line":10,"column":61},"end":{"line":13,"column":null}},"line":10},"1":{"name":"checkBudget","decl":{"start":{"line":22,"column":16},"end":{"line":22,"column":28}},"loc":{"start":{"line":22,"column":93},"end":{"line":35,"column":null}},"line":22}},"branchMap":{"0":{"loc":{"start":{"line":12,"column":9},"end":{"line":12,"column":null}},"type":"cond-expr","locations":[{"start":{"line":12,"column":13},"end":{"line":12,"column":28}},{"start":{"line":12,"column":28},"end":{"line":12,"column":null}}],"line":12},"1":{"loc":{"start":{"line":22,"column":63},"end":{"line":22,"column":93}},"type":"default-arg","locations":[{"start":{"line":22,"column":69},"end":{"line":22,"column":93}}],"line":22}},"s":{"0":3,"1":9,"2":9,"3":10,"4":10,"5":10,"6":10},"f":{"0":9,"1":10},"b":{"0":[5,4],"1":[10]},"meta":{"lastBranch":2,"lastFunction":2,"lastStatement":7,"seen":{"s:8:20:8:Infinity":0,"f:10:16:10:31":0,"s:11:12:11:Infinity":1,"s:12:2:12:Infinity":2,"b:12:13:12:28:12:28:12:Infinity":0,"f:22:16:22:28":1,"b:22:69:22:93":1,"s:24:21:24:Infinity":3,"s:25:22:27:Infinity":4,"s:28:20:28:Infinity":5,"s:29:2:34:Infinity":6},"fnNames":{}}}
,"/home/dan/ai-coworkers/src/runtime/circuit.ts": {"path":"/home/dan/ai-coworkers/src/runtime/circuit.ts","statementMap":{"0":{"start":{"line":6,"column":21},"end":{"line":6,"column":null}},"1":{"start":{"line":7,"column":28},"end":{"line":7,"column":null}},"2":{"start":{"line":11,"column":14},"end":{"line":11,"column":null}},"3":{"start":{"line":14,"column":12},"end":{"line":14,"column":null}},"4":{"start":{"line":15,"column":2},"end":{"line":15,"column":null}},"5":{"start":{"line":19,"column":2},"end":{"line":19,"column":null}},"6":{"start":{"line":23,"column":14},"end":{"line":23,"column":null}},"7":{"start":{"line":24,"column":2},"end":{"line":24,"column":null}},"8":{"start":{"line":25,"column":2},"end":{"line":29,"column":null}},"9":{"start":{"line":26,"column":4},"end":{"line":26,"column":null}},"10":{"start":{"line":27,"column":4},"end":{"line":27,"column":null}},"11":{"start":{"line":28,"column":4},"end":{"line":28,"column":null}},"12":{"start":{"line":30,"column":2},"end":{"line":30,"column":null}},"13":{"start":{"line":31,"column":2},"end":{"line":31,"column":null}},"14":{"start":{"line":35,"column":2},"end":{"line":35,"column":null}}},"fnMap":{"0":{"name":"shouldSkip","decl":{"start":{"line":13,"column":16},"end":{"line":13,"column":27}},"loc":{"start":{"line":13,"column":70},"end":{"line":16,"column":null}},"line":13},"1":{"name":"recordSuccess","decl":{"start":{"line":18,"column":16},"end":{"line":18,"column":30}},"loc":{"start":{"line":18,"column":52},"end":{"line":20,"column":null}},"line":18},"2":{"name":"recordError","decl":{"start":{"line":22,"column":16},"end":{"line":22,"column":28}},"loc":{"start":{"line":22,"column":143},"end":{"line":32,"column":null}},"line":22},"3":{"name":"_resetForTests","decl":{"start":{"line":34,"column":16},"end":{"line":34,"column":39}},"loc":{"start":{"line":34,"column":39},"end":{"line":36,"column":null}},"line":34}},"branchMap":{"0":{"loc":{"start":{"line":13,"column":43},"end":{"line":13,"column":70}},"type":"default-arg","locations":[{"start":{"line":13,"column":49},"end":{"line":13,"column":70}}],"line":13},"1":{"loc":{"start":{"line":15,"column":9},"end":{"line":15,"column":null}},"type":"binary-expr","locations":[{"start":{"line":15,"column":9},"end":{"line":15,"column":16}},{"start":{"line":15,"column":16},"end":{"line":15,"column":null}}],"line":15},"2":{"loc":{"start":{"line":22,"column":44},"end":{"line":22,"column":62}},"type":"default-arg","locations":[{"start":{"line":22,"column":50},"end":{"line":22,"column":62}}],"line":22},"3":{"loc":{"start":{"line":22,"column":62},"end":{"line":22,"column":83}},"type":"default-arg","locations":[{"start":{"line":22,"column":69},"end":{"line":22,"column":83}}],"line":22},"4":{"loc":{"start":{"line":22,"column":83},"end":{"line":22,"column":143}},"type":"default-arg","locations":[{"start":{"line":22,"column":96},"end":{"line":22,"column":143}}],"line":22},"5":{"loc":{"start":{"line":23,"column":14},"end":{"line":23,"column":null}},"type":"binary-expr","locations":[{"start":{"line":23,"column":14},"end":{"line":23,"column":35}},{"start":{"line":23,"column":35},"end":{"line":23,"column":null}}],"line":23},"6":{"loc":{"start":{"line":25,"column":2},"end":{"line":29,"column":null}},"type":"if","locations":[{"start":{"line":25,"column":2},"end":{"line":29,"column":null}},{"start":{},"end":{}}],"line":25}},"s":{"0":3,"1":3,"2":3,"3":9,"4":9,"5":5,"6":15,"7":15,"8":15,"9":2,"10":2,"11":2,"12":13,"13":13,"14":11},"f":{"0":9,"1":5,"2":15,"3":11},"b":{"0":[9],"1":[9,3],"2":[15],"3":[15],"4":[15],"5":[15,5],"6":[2,13]},"meta":{"lastBranch":7,"lastFunction":4,"lastStatement":15,"seen":{"s:6:21:6:Infinity":0,"s:7:28:7:Infinity":1,"s:11:14:11:Infinity":2,"f:13:16:13:27":0,"b:13:49:13:70":0,"s:14:12:14:Infinity":3,"s:15:2:15:Infinity":4,"b:15:9:15:16:15:16:15:Infinity":1,"f:18:16:18:30":1,"s:19:2:19:Infinity":5,"f:22:16:22:28":2,"b:22:50:22:62":2,"b:22:69:22:83":3,"b:22:96:22:143":4,"s:23:14:23:Infinity":6,"b:23:14:23:35:23:35:23:Infinity":5,"s:24:2:24:Infinity":7,"b:25:2:29:Infinity:undefined:undefined:undefined:undefined":6,"s:25:2:29:Infinity":8,"s:26:4:26:Infinity":9,"s:27:4:27:Infinity":10,"s:28:4:28:Infinity":11,"s:30:2:30:Infinity":12,"s:31:2:31:Infinity":13,"f:34:16:34:39":3,"s:35:2:35:Infinity":14},"fnNames":{}}}
,"/home/dan/ai-coworkers/src/runtime/deliberate.ts": {"path":"/home/dan/ai-coworkers/src/runtime/deliberate.ts","statementMap":{"0":{"start":{"line":42,"column":22},"end":{"line":46,"column":null}},"1":{"start":{"line":42,"column":42},"end":{"line":46,"column":4}},"2":{"start":{"line":48,"column":18},"end":{"line":119,"column":null}},"3":{"start":{"line":91,"column":10},"end":{"line":91,"column":null}},"4":{"start":{"line":121,"column":14},"end":{"line":128,"column":null}},"5":{"start":{"line":130,"column":2},"end":{"line":130,"column":null}},"6":{"start":{"line":134,"column":15},"end":{"line":134,"column":null}},"7":{"start":{"line":137,"column":19},"end":{"line":141,"column":null}},"8":{"start":{"line":143,"column":2},"end":{"line":176,"column":null}},"9":{"start":{"line":144,"column":4},"end":{"line":175,"column":null}},"10":{"start":{"line":145,"column":18},"end":{"line":145,"column":null}},"11":{"start":{"line":146,"column":23},"end":{"line":146,"column":null}},"12":{"start":{"line":147,"column":6},"end":{"line":147,"column":null}},"13":{"start":{"line":147,"column":33},"end":{"line":147,"column":null}},"14":{"start":{"line":149,"column":6},"end":{"line":157,"column":null}},"15":{"start":{"line":150,"column":8},"end":{"line":156,"column":null}},"16":{"start":{"line":161,"column":23},"end":{"line":163,"column":null}},"17":{"start":{"line":164,"column":6},"end":{"line":172,"column":null}},"18":{"start":{"line":165,"column":8},"end":{"line":171,"column":null}},"19":{"start":{"line":177,"column":2},"end":{"line":181,"column":null}},"20":{"start":{"line":185,"column":16},"end":{"line":185,"column":null}},"21":{"start":{"line":186,"column":2},"end":{"line":186,"column":null}},"22":{"start":{"line":186,"column":20},"end":{"line":186,"column":null}},"23":{"start":{"line":187,"column":14},"end":{"line":187,"column":null}},"24":{"start":{"line":188,"column":17},"end":{"line":188,"column":null}},"25":{"start":{"line":189,"column":15},"end":{"line":189,"column":null}},"26":{"start":{"line":190,"column":2},"end":{"line":204,"column":null}},"27":{"start":{"line":190,"column":15},"end":{"line":190,"column":22}},"28":{"start":{"line":191,"column":14},"end":{"line":191,"column":null}},"29":{"start":{"line":192,"column":4},"end":{"line":203,"column":null}},"30":{"start":{"line":193,"column":6},"end":{"line":195,"column":null}},"31":{"start":{"line":193,"column":18},"end":{"line":193,"column":null}},"32":{"start":{"line":194,"column":11},"end":{"line":195,"column":null}},"33":{"start":{"line":194,"column":27},"end":{"line":194,"column":null}},"34":{"start":{"line":195,"column":11},"end":{"line":195,"column":null}},"35":{"start":{"line":195,"column":26},"end":{"line":195,"column":null}},"36":{"start":{"line":197,"column":6},"end":{"line":202,"column":null}},"37":{"start":{"line":197,"column":21},"end":{"line":197,"column":null}},"38":{"start":{"line":198,"column":11},"end":{"line":202,"column":null}},"39":{"start":{"line":198,"column":26},"end":{"line":198,"column":null}},"40":{"start":{"line":199,"column":11},"end":{"line":202,"column":null}},"41":{"start":{"line":200,"column":8},"end":{"line":200,"column":null}},"42":{"start":{"line":201,"column":8},"end":{"line":201,"column":null}},"43":{"start":{"line":201,"column":25},"end":{"line":201,"column":null}},"44":{"start":{"line":205,"column":2},"end":{"line":205,"column":null}}},"fnMap":{"0":{"name":"deliberate","decl":{"start":{"line":35,"column":22},"end":{"line":35,"column":null}},"loc":{"start":{"line":41,"column":21},"end":{"line":131,"column":null}},"line":41},"1":{"name":"(anonymous_1)","decl":{"start":{"line":42,"column":30},"end":{"line":42,"column":35}},"loc":{"start":{"line":42,"column":42},"end":{"line":46,"column":4}},"line":42},"2":{"name":"(anonymous_2)","decl":{"start":{"line":90,"column":19},"end":{"line":90,"column":24}},"loc":{"start":{"line":91,"column":10},"end":{"line":91,"column":null}},"line":91},"3":{"name":"parseDecision","decl":{"start":{"line":133,"column":16},"end":{"line":133,"column":30}},"loc":{"start":{"line":133,"column":78},"end":{"line":182,"column":null}},"line":133},"4":{"name":"extractFirstJsonObject","decl":{"start":{"line":184,"column":9},"end":{"line":184,"column":32}},"loc":{"start":{"line":184,"column":58},"end":{"line":206,"column":null}},"line":184}},"branchMap":{"0":{"loc":{"start":{"line":40,"column":2},"end":{"line":40,"column":null}},"type":"default-arg","locations":[{"start":{"line":40,"column":28},"end":{"line":40,"column":null}}],"line":40},"1":{"loc":{"start":{"line":56,"column":34},"end":{"line":56,"column":null}},"type":"binary-expr","locations":[{"start":{"line":56,"column":34},"end":{"line":56,"column":77}},{"start":{"line":56,"column":77},"end":{"line":56,"column":null}}],"line":56},"2":{"loc":{"start":{"line":57,"column":41},"end":{"line":57,"column":null}},"type":"binary-expr","locations":[{"start":{"line":57,"column":41},"end":{"line":57,"column":94}},{"start":{"line":57,"column":94},"end":{"line":57,"column":null}}],"line":57},"3":{"loc":{"start":{"line":61,"column":4},"end":{"line":61,"column":null}},"type":"binary-expr","locations":[{"start":{"line":61,"column":4},"end":{"line":61,"column":32}},{"start":{"line":61,"column":32},"end":{"line":61,"column":null}}],"line":61},"4":{"loc":{"start":{"line":67,"column":4},"end":{"line":67,"column":null}},"type":"binary-expr","locations":[{"start":{"line":67,"column":4},"end":{"line":67,"column":33}},{"start":{"line":67,"column":33},"end":{"line":67,"column":null}}],"line":67},"5":{"loc":{"start":{"line":81,"column":4},"end":{"line":83,"column":null}},"type":"cond-expr","locations":[{"start":{"line":82,"column":8},"end":{"line":82,"column":null}},{"start":{"line":83,"column":8},"end":{"line":83,"column":null}}],"line":81},"6":{"loc":{"start":{"line":84,"column":4},"end":{"line":84,"column":null}},"type":"cond-expr","locations":[{"start":{"line":84,"column":29},"end":{"line":84,"column":34}},{"start":{"line":84,"column":34},"end":{"line":84,"column":null}}],"line":84},"7":{"loc":{"start":{"line":86,"column":4},"end":{"line":86,"column":null}},"type":"binary-expr","locations":[{"start":{"line":86,"column":4},"end":{"line":86,"column":33}},{"start":{"line":86,"column":33},"end":{"line":86,"column":null}}],"line":86},"8":{"loc":{"start":{"line":88,"column":4},"end":{"line":88,"column":null}},"type":"cond-expr","locations":[{"start":{"line":88,"column":24},"end":{"line":88,"column":92}},{"start":{"line":88,"column":92},"end":{"line":88,"column":null}}],"line":88},"9":{"loc":{"start":{"line":89,"column":4},"end":{"line":93,"column":null}},"type":"cond-expr","locations":[{"start":{"line":90,"column":8},"end":{"line":92,"column":null}},{"start":{"line":93,"column":8},"end":{"line":93,"column":null}}],"line":89},"10":{"loc":{"start":{"line":94,"column":4},"end":{"line":94,"column":null}},"type":"cond-expr","locations":[{"start":{"line":94,"column":24},"end":{"line":94,"column":29}},{"start":{"line":94,"column":29},"end":{"line":94,"column":null}}],"line":94},"11":{"loc":{"start":{"line":104,"column":4},"end":{"line":106,"column":null}},"type":"cond-expr","locations":[{"start":{"line":105,"column":8},"end":{"line":105,"column":null}},{"start":{"line":106,"column":8},"end":{"line":106,"column":null}}],"line":104},"12":{"loc":{"start":{"line":146,"column":23},"end":{"line":146,"column":null}},"type":"cond-expr","locations":[{"start":{"line":146,"column":58},"end":{"line":146,"column":73}},{"start":{"line":146,"column":73},"end":{"line":146,"column":null}}],"line":146},"13":{"loc":{"start":{"line":147,"column":6},"end":{"line":147,"column":null}},"type":"if","locations":[{"start":{"line":147,"column":6},"end":{"line":147,"column":null}},{"start":{},"end":{}}],"line":147},"14":{"loc":{"start":{"line":147,"column":73},"end":{"line":147,"column":89}},"type":"binary-expr","locations":[{"start":{"line":147,"column":73},"end":{"line":147,"column":87}},{"start":{"line":147,"column":87},"end":{"line":147,"column":89}}],"line":147},"15":{"loc":{"start":{"line":149,"column":6},"end":{"line":157,"column":null}},"type":"if","locations":[{"start":{"line":149,"column":6},"end":{"line":157,"column":null}},{"start":{},"end":{}}],"line":149},"16":{"loc":{"start":{"line":149,"column":10},"end":{"line":149,"column":45}},"type":"binary-expr","locations":[{"start":{"line":149,"column":10},"end":{"line":149,"column":35}},{"start":{"line":149,"column":35},"end":{"line":149,"column":45}}],"line":149},"17":{"loc":{"start":{"line":153,"column":17},"end":{"line":153,"column":null}},"type":"binary-expr","locations":[{"start":{"line":153,"column":17},"end":{"line":153,"column":30}},{"start":{"line":153,"column":30},"end":{"line":153,"column":null}}],"line":153},"18":{"loc":{"start":{"line":154,"column":25},"end":{"line":154,"column":41}},"type":"binary-expr","locations":[{"start":{"line":154,"column":25},"end":{"line":154,"column":39}},{"start":{"line":154,"column":39},"end":{"line":154,"column":41}}],"line":154},"19":{"loc":{"start":{"line":161,"column":23},"end":{"line":163,"column":null}},"type":"cond-expr","locations":[{"start":{"line":161,"column":54},"end":{"line":161,"column":null}},{"start":{"line":162,"column":11},"end":{"line":163,"column":null}}],"line":161},"20":{"loc":{"start":{"line":162,"column":11},"end":{"line":163,"column":null}},"type":"cond-expr","locations":[{"start":{"line":162,"column":98},"end":{"line":162,"column":null}},{"start":{"line":163,"column":10},"end":{"line":163,"column":null}}],"line":162},"21":{"loc":{"start":{"line":162,"column":11},"end":{"line":162,"column":98}},"type":"binary-expr","locations":[{"start":{"line":162,"column":11},"end":{"line":162,"column":45}},{"start":{"line":162,"column":45},"end":{"line":162,"column":70}},{"start":{"line":162,"column":70},"end":{"line":162,"column":98}}],"line":162},"22":{"loc":{"start":{"line":164,"column":6},"end":{"line":172,"column":null}},"type":"if","locations":[{"start":{"line":164,"column":6},"end":{"line":172,"column":null}},{"start":{},"end":{}}],"line":164},"23":{"loc":{"start":{"line":168,"column":17},"end":{"line":168,"column":null}},"type":"binary-expr","locations":[{"start":{"line":168,"column":17},"end":{"line":168,"column":30}},{"start":{"line":168,"column":30},"end":{"line":168,"column":47}},{"start":{"line":168,"column":47},"end":{"line":168,"column":59}},{"start":{"line":168,"column":59},"end":{"line":168,"column":null}}],"line":168},"24":{"loc":{"start":{"line":169,"column":25},"end":{"line":169,"column":41}},"type":"binary-expr","locations":[{"start":{"line":169,"column":25},"end":{"line":169,"column":39}},{"start":{"line":169,"column":39},"end":{"line":169,"column":41}}],"line":169},"25":{"loc":{"start":{"line":186,"column":2},"end":{"line":186,"column":null}},"type":"if","locations":[{"start":{"line":186,"column":2},"end":{"line":186,"column":null}},{"start":{},"end":{}}],"line":186},"26":{"loc":{"start":{"line":192,"column":4},"end":{"line":203,"column":null}},"type":"if","locations":[{"start":{"line":192,"column":4},"end":{"line":203,"column":null}},{"start":{"line":196,"column":11},"end":{"line":203,"column":null}}],"line":192},"27":{"loc":{"start":{"line":193,"column":6},"end":{"line":195,"column":null}},"type":"if","locations":[{"start":{"line":193,"column":6},"end":{"line":195,"column":null}},{"start":{"line":194,"column":11},"end":{"line":195,"column":null}}],"line":193},"28":{"loc":{"start":{"line":194,"column":11},"end":{"line":195,"column":null}},"type":"if","locations":[{"start":{"line":194,"column":11},"end":{"line":195,"column":null}},{"start":{"line":195,"column":11},"end":{"line":195,"column":null}}],"line":194},"29":{"loc":{"start":{"line":195,"column":11},"end":{"line":195,"column":null}},"type":"if","locations":[{"start":{"line":195,"column":11},"end":{"line":195,"column":null}},{"start":{},"end":{}}],"line":195},"30":{"loc":{"start":{"line":197,"column":6},"end":{"line":202,"column":null}},"type":"if","locations":[{"start":{"line":197,"column":6},"end":{"line":202,"column":null}},{"start":{"line":198,"column":11},"end":{"line":202,"column":null}}],"line":197},"31":{"loc":{"start":{"line":198,"column":11},"end":{"line":202,"column":null}},"type":"if","locations":[{"start":{"line":198,"column":11},"end":{"line":202,"column":null}},{"start":{"line":199,"column":11},"end":{"line":202,"column":null}}],"line":198},"32":{"loc":{"start":{"line":199,"column":11},"end":{"line":202,"column":null}},"type":"if","locations":[{"start":{"line":199,"column":11},"end":{"line":202,"column":null}},{"start":{},"end":{}}],"line":199},"33":{"loc":{"start":{"line":201,"column":8},"end":{"line":201,"column":null}},"type":"if","locations":[{"start":{"line":201,"column":8},"end":{"line":201,"column":null}},{"start":{},"end":{}}],"line":201}},"s":{"0":7,"1":4,"2":7,"3":1,"4":7,"5":7,"6":15,"7":15,"8":15,"9":19,"10":19,"11":19,"12":19,"13":7,"14":7,"15":5,"16":2,"17":19,"18":2,"19":1,"20":15,"21":15,"22":1,"23":14,"24":14,"25":14,"26":14,"27":14,"28":754,"29":754,"30":543,"31":0,"32":543,"33":0,"34":543,"35":89,"36":211,"37":89,"38":122,"39":22,"40":100,"41":22,"42":22,"43":14,"44":0},"f":{"0":7,"1":4,"2":1,"3":15,"4":15},"b":{"0":[7],"1":[7,7],"2":[7,0],"3":[7,3],"4":[7,7],"5":[0,7],"6":[0,7],"7":[7,7],"8":[1,6],"9":[1,6],"10":[1,6],"11":[1,6],"12":[0,14],"13":[7,12],"14":[7,0],"15":[5,2],"16":[7,5],"17":[5,0],"18":[5,0],"19":[1,1],"20":[1,0],"21":[1,1,1],"22":[2,17],"23":[2,1,0,0],"24":[2,0],"25":[1,14],"26":[543,211],"27":[0,543],"28":[0,543],"29":[89,454],"30":[89,122],"31":[22,100],"32":[22,78],"33":[14,8]},"meta":{"lastBranch":34,"lastFunction":5,"lastStatement":45,"seen":{"f:35:22:35:Infinity":0,"b:40:28:40:Infinity":0,"s:42:22:46:Infinity":0,"f:42:30:42:35":1,"s:42:42:46:4":1,"s:48:18:119:Infinity":2,"b:56:34:56:77:56:77:56:Infinity":1,"b:57:41:57:94:57:94:57:Infinity":2,"b:61:4:61:32:61:32:61:Infinity":3,"b:67:4:67:33:67:33:67:Infinity":4,"b:82:8:82:Infinity:83:8:83:Infinity":5,"b:84:29:84:34:84:34:84:Infinity":6,"b:86:4:86:33:86:33:86:Infinity":7,"b:88:24:88:92:88:92:88:Infinity":8,"b:90:8:92:Infinity:93:8:93:Infinity":9,"f:90:19:90:24":2,"s:91:10:91:Infinity":3,"b:94:24:94:29:94:29:94:Infinity":10,"b:105:8:105:Infinity:106:8:106:Infinity":11,"s:121:14:128:Infinity":4,"s:130:2:130:Infinity":5,"f:133:16:133:30":3,"s:134:15:134:Infinity":6,"s:137:19:141:Infinity":7,"s:143:2:176:Infinity":8,"s:144:4:175:Infinity":9,"s:145:18:145:Infinity":10,"s:146:23:146:Infinity":11,"b:146:58:146:73:146:73:146:Infinity":12,"b:147:6:147:Infinity:undefined:undefined:undefined:undefined":13,"s:147:6:147:Infinity":12,"s:147:33:147:Infinity":13,"b:147:73:147:87:147:87:147:89":14,"b:149:6:157:Infinity:undefined:undefined:undefined:undefined":15,"s:149:6:157:Infinity":14,"b:149:10:149:35:149:35:149:45":16,"s:150:8:156:Infinity":15,"b:153:17:153:30:153:30:153:Infinity":17,"b:154:25:154:39:154:39:154:41":18,"s:161:23:163:Infinity":16,"b:161:54:161:Infinity:162:11:163:Infinity":19,"b:162:98:162:Infinity:163:10:163:Infinity":20,"b:162:11:162:45:162:45:162:70:162:70:162:98":21,"b:164:6:172:Infinity:undefined:undefined:undefined:undefined":22,"s:164:6:172:Infinity":17,"s:165:8:171:Infinity":18,"b:168:17:168:30:168:30:168:47:168:47:168:59:168:59:168:Infinity":23,"b:169:25:169:39:169:39:169:41":24,"s:177:2:181:Infinity":19,"f:184:9:184:32":4,"s:185:16:185:Infinity":20,"b:186:2:186:Infinity:undefined:undefined:undefined:undefined":25,"s:186:2:186:Infinity":21,"s:186:20:186:Infinity":22,"s:187:14:187:Infinity":23,"s:188:17:188:Infinity":24,"s:189:15:189:Infinity":25,"s:190:2:204:Infinity":26,"s:190:15:190:22":27,"s:191:14:191:Infinity":28,"b:192:4:203:Infinity:196:11:203:Infinity":26,"s:192:4:203:Infinity":29,"b:193:6:195:Infinity:194:11:195:Infinity":27,"s:193:6:195:Infinity":30,"s:193:18:193:Infinity":31,"b:194:11:195:Infinity:195:11:195:Infinity":28,"s:194:11:195:Infinity":32,"s:194:27:194:Infinity":33,"b:195:11:195:Infinity:undefined:undefined:undefined:undefined":29,"s:195:11:195:Infinity":34,"s:195:26:195:Infinity":35,"b:197:6:202:Infinity:198:11:202:Infinity":30,"s:197:6:202:Infinity":36,"s:197:21:197:Infinity":37,"b:198:11:202:Infinity:199:11:202:Infinity":31,"s:198:11:202:Infinity":38,"s:198:26:198:Infinity":39,"b:199:11:202:Infinity:undefined:undefined:undefined:undefined":32,"s:199:11:202:Infinity":40,"s:200:8:200:Infinity":41,"b:201:8:201:Infinity:undefined:undefined:undefined:undefined":33,"s:201:8:201:Infinity":42,"s:201:25:201:Infinity":43,"s:205:2:205:Infinity":44},"fnNames":{}}}
,"/home/dan/ai-coworkers/src/runtime/entities.ts": {"path":"/home/dan/ai-coworkers/src/runtime/entities.ts","statementMap":{"0":{"start":{"line":16,"column":21},"end":{"line":16,"column":null}},"1":{"start":{"line":30,"column":12},"end":{"line":30,"column":null}},"2":{"start":{"line":33,"column":20},"end":{"line":33,"column":null}},"3":{"start":{"line":34,"column":22},"end":{"line":34,"column":null}},"4":{"start":{"line":35,"column":2},"end":{"line":35,"column":null}},"5":{"start":{"line":36,"column":2},"end":{"line":36,"column":null}},"6":{"start":{"line":38,"column":8},"end":{"line":41,"column":null}},"7":{"start":{"line":39,"column":4},"end":{"line":41,"column":null}},"8":{"start":{"line":40,"column":21},"end":{"line":40,"column":38}},"9":{"start":{"line":41,"column":18},"end":{"line":41,"column":36}},"10":{"start":{"line":43,"column":8},"end":{"line":47,"column":null}},"11":{"start":{"line":44,"column":4},"end":{"line":44,"column":null}},"12":{"start":{"line":44,"column":33},"end":{"line":44,"column":null}},"13":{"start":{"line":45,"column":14},"end":{"line":45,"column":null}},"14":{"start":{"line":46,"column":4},"end":{"line":46,"column":null}},"15":{"start":{"line":49,"column":8},"end":{"line":58,"column":null}},"16":{"start":{"line":50,"column":4},"end":{"line":50,"column":null}},"17":{"start":{"line":50,"column":33},"end":{"line":50,"column":null}},"18":{"start":{"line":51,"column":4},"end":{"line":51,"column":null}},"19":{"start":{"line":51,"column":27},"end":{"line":51,"column":null}},"20":{"start":{"line":52,"column":14},"end":{"line":52,"column":null}},"21":{"start":{"line":53,"column":4},"end":{"line":53,"column":null}},"22":{"start":{"line":53,"column":22},"end":{"line":53,"column":null}},"23":{"start":{"line":54,"column":14},"end":{"line":54,"column":null}},"24":{"start":{"line":55,"column":4},"end":{"line":55,"column":null}},"25":{"start":{"line":56,"column":4},"end":{"line":56,"column":null}},"26":{"start":{"line":57,"column":4},"end":{"line":57,"column":null}},"27":{"start":{"line":60,"column":2},"end":{"line":72,"column":null}},"28":{"start":{"line":61,"column":18},"end":{"line":61,"column":null}},"29":{"start":{"line":62,"column":20},"end":{"line":62,"column":null}},"30":{"start":{"line":63,"column":23},"end":{"line":63,"column":null}},"31":{"start":{"line":64,"column":24},"end":{"line":64,"column":null}},"32":{"start":{"line":65,"column":36},"end":{"line":65,"column":null}},"33":{"start":{"line":66,"column":37},"end":{"line":66,"column":null}},"34":{"start":{"line":68,"column":21},"end":{"line":68,"column":null}},"35":{"start":{"line":68,"column":51},"end":{"line":68,"column":67}},"36":{"start":{"line":69,"column":23},"end":{"line":69,"column":null}},"37":{"start":{"line":69,"column":55},"end":{"line":69,"column":100}},"38":{"start":{"line":70,"column":6},"end":{"line":70,"column":null}}},"fnMap":{"0":{"name":"openEntities","decl":{"start":{"line":32,"column":16},"end":{"line":32,"column":29}},"loc":{"start":{"line":32,"column":56},"end":{"line":73,"column":null}},"line":32},"1":{"name":"(anonymous_1)","decl":{"start":{"line":38,"column":8},"end":{"line":38,"column":16}},"loc":{"start":{"line":39,"column":4},"end":{"line":41,"column":null}},"line":39},"2":{"name":"(anonymous_2)","decl":{"start":{"line":40,"column":7},"end":{"line":40,"column":15}},"loc":{"start":{"line":40,"column":21},"end":{"line":40,"column":38}},"line":40},"3":{"name":"(anonymous_3)","decl":{"start":{"line":41,"column":7},"end":{"line":41,"column":12}},"loc":{"start":{"line":41,"column":18},"end":{"line":41,"column":36}},"line":41},"4":{"name":"(anonymous_4)","decl":{"start":{"line":43,"column":8},"end":{"line":43,"column":16}},"loc":{"start":{"line":43,"column":53},"end":{"line":47,"column":null}},"line":43},"5":{"name":"(anonymous_5)","decl":{"start":{"line":49,"column":8},"end":{"line":49,"column":18}},"loc":{"start":{"line":49,"column":77},"end":{"line":58,"column":null}},"line":49},"6":{"name":"(anonymous_6)","decl":{"start":{"line":61,"column":4},"end":{"line":61,"column":18}},"loc":{"start":{"line":61,"column":18},"end":{"line":61,"column":null}},"line":61},"7":{"name":"(anonymous_7)","decl":{"start":{"line":62,"column":4},"end":{"line":62,"column":20}},"loc":{"start":{"line":62,"column":20},"end":{"line":62,"column":null}},"line":62},"8":{"name":"(anonymous_8)","decl":{"start":{"line":63,"column":4},"end":{"line":63,"column":17}},"loc":{"start":{"line":63,"column":23},"end":{"line":63,"column":null}},"line":63},"9":{"name":"(anonymous_9)","decl":{"start":{"line":64,"column":4},"end":{"line":64,"column":18}},"loc":{"start":{"line":64,"column":24},"end":{"line":64,"column":null}},"line":64},"10":{"name":"(anonymous_10)","decl":{"start":{"line":65,"column":4},"end":{"line":65,"column":19}},"loc":{"start":{"line":65,"column":36},"end":{"line":65,"column":null}},"line":65},"11":{"name":"(anonymous_11)","decl":{"start":{"line":66,"column":4},"end":{"line":66,"column":20}},"loc":{"start":{"line":66,"column":37},"end":{"line":66,"column":null}},"line":66},"12":{"name":"detect","decl":{"start":{"line":67,"column":4},"end":{"line":67,"column":11}},"loc":{"start":{"line":67,"column":17},"end":{"line":71,"column":null}},"line":67},"13":{"name":"(anonymous_13)","decl":{"start":{"line":68,"column":37},"end":{"line":68,"column":45}},"loc":{"start":{"line":68,"column":51},"end":{"line":68,"column":67}},"line":68},"14":{"name":"(anonymous_14)","decl":{"start":{"line":69,"column":41},"end":{"line":69,"column":49}},"loc":{"start":{"line":69,"column":55},"end":{"line":69,"column":100}},"line":69}},"branchMap":{"0":{"loc":{"start":{"line":44,"column":4},"end":{"line":44,"column":null}},"type":"if","locations":[{"start":{"line":44,"column":4},"end":{"line":44,"column":null}},{"start":{},"end":{}}],"line":44},"1":{"loc":{"start":{"line":46,"column":11},"end":{"line":46,"column":null}},"type":"cond-expr","locations":[{"start":{"line":46,"column":27},"end":{"line":46,"column":53}},{"start":{"line":46,"column":53},"end":{"line":46,"column":null}}],"line":46},"2":{"loc":{"start":{"line":50,"column":4},"end":{"line":50,"column":null}},"type":"if","locations":[{"start":{"line":50,"column":4},"end":{"line":50,"column":null}},{"start":{},"end":{}}],"line":50},"3":{"loc":{"start":{"line":51,"column":4},"end":{"line":51,"column":null}},"type":"if","locations":[{"start":{"line":51,"column":4},"end":{"line":51,"column":null}},{"start":{},"end":{}}],"line":51},"4":{"loc":{"start":{"line":53,"column":4},"end":{"line":53,"column":null}},"type":"if","locations":[{"start":{"line":53,"column":4},"end":{"line":53,"column":null}},{"start":{},"end":{}}],"line":53}},"s":{"0":4,"1":4,"2":16,"3":16,"4":16,"5":16,"6":16,"7":19,"8":5,"9":5,"10":16,"11":2,"12":0,"13":2,"14":2,"15":16,"16":10,"17":1,"18":9,"19":0,"20":9,"21":9,"22":2,"23":7,"24":7,"25":7,"26":7,"27":16,"28":2,"29":1,"30":2,"31":0,"32":6,"33":4,"34":8,"35":2,"36":8,"37":2,"38":8},"f":{"0":16,"1":19,"2":5,"3":5,"4":2,"5":10,"6":2,"7":1,"8":2,"9":0,"10":6,"11":4,"12":8,"13":2,"14":2},"b":{"0":[0,2],"1":[2,0],"2":[1,9],"3":[0,9],"4":[2,7]},"meta":{"lastBranch":5,"lastFunction":15,"lastStatement":39,"seen":{"s:16:21:16:Infinity":0,"s:30:12:30:Infinity":1,"f:32:16:32:29":0,"s:33:20:33:Infinity":2,"s:34:22:34:Infinity":3,"s:35:2:35:Infinity":4,"s:36:2:36:Infinity":5,"s:38:8:41:Infinity":6,"f:38:8:38:16":1,"s:39:4:41:Infinity":7,"f:40:7:40:15":2,"s:40:21:40:38":8,"f:41:7:41:12":3,"s:41:18:41:36":9,"s:43:8:47:Infinity":10,"f:43:8:43:16":4,"b:44:4:44:Infinity:undefined:undefined:undefined:undefined":0,"s:44:4:44:Infinity":11,"s:44:33:44:Infinity":12,"s:45:14:45:Infinity":13,"s:46:4:46:Infinity":14,"b:46:27:46:53:46:53:46:Infinity":1,"s:49:8:58:Infinity":15,"f:49:8:49:18":5,"b:50:4:50:Infinity:undefined:undefined:undefined:undefined":2,"s:50:4:50:Infinity":16,"s:50:33:50:Infinity":17,"b:51:4:51:Infinity:undefined:undefined:undefined:undefined":3,"s:51:4:51:Infinity":18,"s:51:27:51:Infinity":19,"s:52:14:52:Infinity":20,"b:53:4:53:Infinity:undefined:undefined:undefined:undefined":4,"s:53:4:53:Infinity":21,"s:53:22:53:Infinity":22,"s:54:14:54:Infinity":23,"s:55:4:55:Infinity":24,"s:56:4:56:Infinity":25,"s:57:4:57:Infinity":26,"s:60:2:72:Infinity":27,"f:61:4:61:18":6,"s:61:18:61:Infinity":28,"f:62:4:62:20":7,"s:62:20:62:Infinity":29,"f:63:4:63:17":8,"s:63:23:63:Infinity":30,"f:64:4:64:18":9,"s:64:24:64:Infinity":31,"f:65:4:65:19":10,"s:65:36:65:Infinity":32,"f:66:4:66:20":11,"s:66:37:66:Infinity":33,"f:67:4:67:11":12,"s:68:21:68:Infinity":34,"f:68:37:68:45":13,"s:68:51:68:67":35,"s:69:23:69:Infinity":36,"f:69:41:69:49":14,"s:69:55:69:100":37,"s:70:6:70:Infinity":38},"fnNames":{}}}
,"/home/dan/ai-coworkers/src/runtime/episodic.ts": {"path":"/home/dan/ai-coworkers/src/runtime/episodic.ts","statementMap":{"0":{"start":{"line":21,"column":2},"end":{"line":37,"column":null}},"1":{"start":{"line":39,"column":22},"end":{"line":39,"column":null}},"2":{"start":{"line":40,"column":20},"end":{"line":40,"column":null}},"3":{"start":{"line":41,"column":2},"end":{"line":46,"column":null}},"4":{"start":{"line":42,"column":4},"end":{"line":45,"column":null}},"5":{"start":{"line":54,"column":2},"end":{"line":64,"column":null}},"6":{"start":{"line":60,"column":6},"end":{"line":60,"column":null}},"7":{"start":{"line":60,"column":30},"end":{"line":60,"column":null}},"8":{"start":{"line":62,"column":6},"end":{"line":62,"column":null}},"9":{"start":{"line":81,"column":2},"end":{"line":81,"column":null}},"10":{"start":{"line":81,"column":31},"end":{"line":81,"column":null}},"11":{"start":{"line":82,"column":15},"end":{"line":82,"column":null}},"12":{"start":{"line":83,"column":2},"end":{"line":83,"column":null}},"13":{"start":{"line":83,"column":13},"end":{"line":83,"column":null}},"14":{"start":{"line":84,"column":15},"end":{"line":93,"column":null}},"15":{"start":{"line":94,"column":2},"end":{"line":94,"column":null}}},"fnMap":{"0":{"name":"initEpisodic","decl":{"start":{"line":20,"column":16},"end":{"line":20,"column":29}},"loc":{"start":{"line":20,"column":57},"end":{"line":47,"column":null}},"line":20},"1":{"name":"sanitizeQuery","decl":{"start":{"line":53,"column":9},"end":{"line":53,"column":23}},"loc":{"start":{"line":53,"column":44},"end":{"line":65,"column":null}},"line":53},"2":{"name":"(anonymous_2)","decl":{"start":{"line":58,"column":5},"end":{"line":58,"column":10}},"loc":{"start":{"line":58,"column":18},"end":{"line":63,"column":5}},"line":58},"3":{"name":"search","decl":{"start":{"line":76,"column":16},"end":{"line":76,"column":null}},"loc":{"start":{"line":80,"column":17},"end":{"line":95,"column":null}},"line":80}},"branchMap":{"0":{"loc":{"start":{"line":41,"column":2},"end":{"line":46,"column":null}},"type":"if","locations":[{"start":{"line":41,"column":2},"end":{"line":46,"column":null}},{"start":{},"end":{}}],"line":41},"1":{"loc":{"start":{"line":41,"column":6},"end":{"line":41,"column":40}},"type":"binary-expr","locations":[{"start":{"line":41,"column":6},"end":{"line":41,"column":24}},{"start":{"line":41,"column":24},"end":{"line":41,"column":40}}],"line":41},"2":{"loc":{"start":{"line":60,"column":6},"end":{"line":60,"column":null}},"type":"if","locations":[{"start":{"line":60,"column":6},"end":{"line":60,"column":null}},{"start":{},"end":{}}],"line":60},"3":{"loc":{"start":{"line":79,"column":2},"end":{"line":79,"column":null}},"type":"default-arg","locations":[{"start":{"line":79,"column":10},"end":{"line":79,"column":null}}],"line":79},"4":{"loc":{"start":{"line":81,"column":2},"end":{"line":81,"column":null}},"type":"if","locations":[{"start":{"line":81,"column":2},"end":{"line":81,"column":null}},{"start":{},"end":{}}],"line":81},"5":{"loc":{"start":{"line":81,"column":6},"end":{"line":81,"column":31}},"type":"binary-expr","locations":[{"start":{"line":81,"column":6},"end":{"line":81,"column":16}},{"start":{"line":81,"column":16},"end":{"line":81,"column":31}}],"line":81},"6":{"loc":{"start":{"line":83,"column":2},"end":{"line":83,"column":null}},"type":"if","locations":[{"start":{"line":83,"column":2},"end":{"line":83,"column":null}},{"start":{},"end":{}}],"line":83}},"s":{"0":13,"1":13,"2":13,"3":13,"4":1,"5":5,"6":5,"7":0,"8":5,"9":7,"10":2,"11":5,"12":5,"13":0,"14":5,"15":5},"f":{"0":13,"1":5,"2":5,"3":7},"b":{"0":[1,12],"1":[13,1],"2":[0,5],"3":[7],"4":[2,5],"5":[7,6],"6":[0,5]},"meta":{"lastBranch":7,"lastFunction":4,"lastStatement":16,"seen":{"f:20:16:20:29":0,"s:21:2:37:Infinity":0,"s:39:22:39:Infinity":1,"s:40:20:40:Infinity":2,"b:41:2:46:Infinity:undefined:undefined:undefined:undefined":0,"s:41:2:46:Infinity":3,"b:41:6:41:24:41:24:41:40":1,"s:42:4:45:Infinity":4,"f:53:9:53:23":1,"s:54:2:64:Infinity":5,"f:58:5:58:10":2,"b:60:6:60:Infinity:undefined:undefined:undefined:undefined":2,"s:60:6:60:Infinity":6,"s:60:30:60:Infinity":7,"s:62:6:62:Infinity":8,"f:76:16:76:Infinity":3,"b:79:10:79:Infinity":3,"b:81:2:81:Infinity:undefined:undefined:undefined:undefined":4,"s:81:2:81:Infinity":9,"b:81:6:81:16:81:16:81:31":5,"s:81:31:81:Infinity":10,"s:82:15:82:Infinity":11,"b:83:2:83:Infinity:undefined:undefined:undefined:undefined":6,"s:83:2:83:Infinity":12,"s:83:13:83:Infinity":13,"s:84:15:93:Infinity":14,"s:94:2:94:Infinity":15},"fnNames":{}}}
,"/home/dan/ai-coworkers/src/runtime/hygiene.ts": {"path":"/home/dan/ai-coworkers/src/runtime/hygiene.ts","statementMap":{"0":{"start":{"line":19,"column":13},"end":{"line":19,"column":null}},"1":{"start":{"line":20,"column":2},"end":{"line":31,"column":null}},"2":{"start":{"line":32,"column":2},"end":{"line":32,"column":null}},"3":{"start":{"line":51,"column":14},"end":{"line":51,"column":null}},"4":{"start":{"line":52,"column":15},"end":{"line":57,"column":null}},"5":{"start":{"line":58,"column":2},"end":{"line":58,"column":null}},"6":{"start":{"line":62,"column":2},"end":{"line":63,"column":null}},"7":{"start":{"line":71,"column":2},"end":{"line":71,"column":null}},"8":{"start":{"line":75,"column":14},"end":{"line":77,"column":null}},"9":{"start":{"line":78,"column":2},"end":{"line":78,"column":null}},"10":{"start":{"line":82,"column":14},"end":{"line":82,"column":null}},"11":{"start":{"line":83,"column":19},"end":{"line":83,"column":null}},"12":{"start":{"line":84,"column":20},"end":{"line":84,"column":null}},"13":{"start":{"line":86,"column":17},"end":{"line":88,"column":null}},"14":{"start":{"line":90,"column":15},"end":{"line":90,"column":null}},"15":{"start":{"line":92,"column":2},"end":{"line":119,"column":null}},"16":{"start":{"line":93,"column":21},"end":{"line":93,"column":null}},"17":{"start":{"line":94,"column":19},"end":{"line":94,"column":null}},"18":{"start":{"line":97,"column":4},"end":{"line":103,"column":null}},"19":{"start":{"line":98,"column":6},"end":{"line":98,"column":null}},"20":{"start":{"line":99,"column":6},"end":{"line":99,"column":null}},"21":{"start":{"line":100,"column":6},"end":{"line":100,"column":null}},"22":{"start":{"line":101,"column":6},"end":{"line":101,"column":null}},"23":{"start":{"line":102,"column":6},"end":{"line":102,"column":null}},"24":{"start":{"line":106,"column":4},"end":{"line":118,"column":null}},"25":{"start":{"line":107,"column":18},"end":{"line":107,"column":null}},"26":{"start":{"line":108,"column":6},"end":{"line":111,"column":null}},"27":{"start":{"line":109,"column":8},"end":{"line":109,"column":null}},"28":{"start":{"line":110,"column":8},"end":{"line":110,"column":null}},"29":{"start":{"line":112,"column":6},"end":{"line":117,"column":null}},"30":{"start":{"line":113,"column":8},"end":{"line":113,"column":null}},"31":{"start":{"line":113,"column":14},"end":{"line":113,"column":44}},"32":{"start":{"line":114,"column":8},"end":{"line":114,"column":null}},"33":{"start":{"line":115,"column":8},"end":{"line":115,"column":null}},"34":{"start":{"line":116,"column":8},"end":{"line":116,"column":null}},"35":{"start":{"line":122,"column":14},"end":{"line":127,"column":null}},"36":{"start":{"line":128,"column":17},"end":{"line":128,"column":null}},"37":{"start":{"line":129,"column":2},"end":{"line":135,"column":null}},"38":{"start":{"line":129,"column":15},"end":{"line":129,"column":18}},"39":{"start":{"line":130,"column":14},"end":{"line":130,"column":null}},"40":{"start":{"line":131,"column":4},"end":{"line":131,"column":null}},"41":{"start":{"line":132,"column":4},"end":{"line":132,"column":null}},"42":{"start":{"line":133,"column":4},"end":{"line":133,"column":null}},"43":{"start":{"line":134,"column":4},"end":{"line":134,"column":null}},"44":{"start":{"line":137,"column":2},"end":{"line":137,"column":null}},"45":{"start":{"line":141,"column":2},"end":{"line":145,"column":null}},"46":{"start":{"line":142,"column":4},"end":{"line":142,"column":null}},"47":{"start":{"line":142,"column":52},"end":{"line":142,"column":null}},"48":{"start":{"line":149,"column":2},"end":{"line":149,"column":null}},"49":{"start":{"line":149,"column":8},"end":{"line":149,"column":30}},"50":{"start":{"line":149,"column":30},"end":{"line":149,"column":43}},"51":{"start":{"line":149,"column":53},"end":{"line":149,"column":67}}},"fnMap":{"0":{"name":"openHygiene","decl":{"start":{"line":18,"column":16},"end":{"line":18,"column":28}},"loc":{"start":{"line":18,"column":58},"end":{"line":33,"column":null}},"line":18},"1":{"name":"register","decl":{"start":{"line":45,"column":16},"end":{"line":45,"column":null}},"loc":{"start":{"line":50,"column":10},"end":{"line":59,"column":null}},"line":50},"2":{"name":"touch","decl":{"start":{"line":61,"column":16},"end":{"line":61,"column":22}},"loc":{"start":{"line":61,"column":58},"end":{"line":64,"column":null}},"line":61},"3":{"name":"markStatus","decl":{"start":{"line":66,"column":16},"end":{"line":66,"column":null}},"loc":{"start":{"line":70,"column":8},"end":{"line":72,"column":null}},"line":70},"4":{"name":"activeCount","decl":{"start":{"line":74,"column":16},"end":{"line":74,"column":28}},"loc":{"start":{"line":74,"column":74},"end":{"line":79,"column":null}},"line":74},"5":{"name":"sweep","decl":{"start":{"line":81,"column":16},"end":{"line":81,"column":22}},"loc":{"start":{"line":81,"column":80},"end":{"line":138,"column":null}},"line":81},"6":{"name":"reapPath","decl":{"start":{"line":140,"column":9},"end":{"line":140,"column":18}},"loc":{"start":{"line":140,"column":35},"end":{"line":146,"column":null}},"line":140},"7":{"name":"isProcessAlive","decl":{"start":{"line":148,"column":9},"end":{"line":148,"column":24}},"loc":{"start":{"line":148,"column":46},"end":{"line":150,"column":null}},"line":148}},"branchMap":{"0":{"loc":{"start":{"line":97,"column":4},"end":{"line":103,"column":null}},"type":"if","locations":[{"start":{"line":97,"column":4},"end":{"line":103,"column":null}},{"start":{},"end":{}}],"line":97},"1":{"loc":{"start":{"line":97,"column":4},"end":{"line":97,"column":90}},"type":"binary-expr","locations":[{"start":{"line":97,"column":9},"end":{"line":97,"column":34}},{"start":{"line":97,"column":34},"end":{"line":97,"column":63}},{"start":{"line":97,"column":63},"end":{"line":97,"column":90}}],"line":97},"2":{"loc":{"start":{"line":106,"column":4},"end":{"line":118,"column":null}},"type":"if","locations":[{"start":{"line":106,"column":4},"end":{"line":118,"column":null}},{"start":{},"end":{}}],"line":106},"3":{"loc":{"start":{"line":108,"column":6},"end":{"line":111,"column":null}},"type":"if","locations":[{"start":{"line":108,"column":6},"end":{"line":111,"column":null}},{"start":{},"end":{}}],"line":108},"4":{"loc":{"start":{"line":112,"column":6},"end":{"line":117,"column":null}},"type":"if","locations":[{"start":{"line":112,"column":6},"end":{"line":117,"column":null}},{"start":{},"end":{}}],"line":112},"5":{"loc":{"start":{"line":142,"column":4},"end":{"line":142,"column":null}},"type":"if","locations":[{"start":{"line":142,"column":4},"end":{"line":142,"column":null}},{"start":{},"end":{}}],"line":142},"6":{"loc":{"start":{"line":142,"column":8},"end":{"line":142,"column":52}},"type":"binary-expr","locations":[{"start":{"line":142,"column":8},"end":{"line":142,"column":25}},{"start":{"line":142,"column":25},"end":{"line":142,"column":52}}],"line":142}},"s":{"0":12,"1":12,"2":12,"3":5,"4":5,"5":5,"6":1,"7":3,"8":21,"9":21,"10":8,"11":8,"12":8,"13":8,"14":8,"15":8,"16":2,"17":2,"18":2,"19":0,"20":0,"21":0,"22":0,"23":0,"24":2,"25":1,"26":1,"27":1,"28":1,"29":0,"30":0,"31":0,"32":0,"33":0,"34":0,"35":8,"36":8,"37":8,"38":8,"39":1,"40":1,"41":1,"42":1,"43":1,"44":8,"45":1,"46":1,"47":1,"48":1,"49":1,"50":1,"51":1},"f":{"0":12,"1":5,"2":1,"3":3,"4":21,"5":8,"6":1,"7":1},"b":{"0":[0,2],"1":[2,1,1],"2":[1,1],"3":[1,0],"4":[0,0],"5":[1,0],"6":[1,1]},"meta":{"lastBranch":7,"lastFunction":8,"lastStatement":52,"seen":{"f:18:16:18:28":0,"s:19:13:19:Infinity":0,"s:20:2:31:Infinity":1,"s:32:2:32:Infinity":2,"f:45:16:45:Infinity":1,"s:51:14:51:Infinity":3,"s:52:15:57:Infinity":4,"s:58:2:58:Infinity":5,"f:61:16:61:22":2,"s:62:2:63:Infinity":6,"f:66:16:66:Infinity":3,"s:71:2:71:Infinity":7,"f:74:16:74:28":4,"s:75:14:77:Infinity":8,"s:78:2:78:Infinity":9,"f:81:16:81:22":5,"s:82:14:82:Infinity":10,"s:83:19:83:Infinity":11,"s:84:20:84:Infinity":12,"s:86:17:88:Infinity":13,"s:90:15:90:Infinity":14,"s:92:2:119:Infinity":15,"s:93:21:93:Infinity":16,"s:94:19:94:Infinity":17,"b:97:4:103:Infinity:undefined:undefined:undefined:undefined":0,"s:97:4:103:Infinity":18,"b:97:9:97:34:97:34:97:63:97:63:97:90":1,"s:98:6:98:Infinity":19,"s:99:6:99:Infinity":20,"s:100:6:100:Infinity":21,"s:101:6:101:Infinity":22,"s:102:6:102:Infinity":23,"b:106:4:118:Infinity:undefined:undefined:undefined:undefined":2,"s:106:4:118:Infinity":24,"s:107:18:107:Infinity":25,"b:108:6:111:Infinity:undefined:undefined:undefined:undefined":3,"s:108:6:111:Infinity":26,"s:109:8:109:Infinity":27,"s:110:8:110:Infinity":28,"b:112:6:117:Infinity:undefined:undefined:undefined:undefined":4,"s:112:6:117:Infinity":29,"s:113:8:113:Infinity":30,"s:113:14:113:44":31,"s:114:8:114:Infinity":32,"s:115:8:115:Infinity":33,"s:116:8:116:Infinity":34,"s:122:14:127:Infinity":35,"s:128:17:128:Infinity":36,"s:129:2:135:Infinity":37,"s:129:15:129:18":38,"s:130:14:130:Infinity":39,"s:131:4:131:Infinity":40,"s:132:4:132:Infinity":41,"s:133:4:133:Infinity":42,"s:134:4:134:Infinity":43,"s:137:2:137:Infinity":44,"f:140:9:140:18":6,"s:141:2:145:Infinity":45,"b:142:4:142:Infinity:undefined:undefined:undefined:undefined":5,"s:142:4:142:Infinity":46,"b:142:8:142:25:142:25:142:52":6,"s:142:52:142:Infinity":47,"f:148:9:148:24":7,"s:149:2:149:Infinity":48,"s:149:8:149:30":49,"s:149:30:149:43":50,"s:149:53:149:67":51},"fnNames":{}}}
,"/home/dan/ai-coworkers/src/runtime/inbox.ts": {"path":"/home/dan/ai-coworkers/src/runtime/inbox.ts","statementMap":{"0":{"start":{"line":20,"column":21},"end":{"line":20,"column":null}},"1":{"start":{"line":21,"column":8},"end":{"line":25,"column":null}},"2":{"start":{"line":22,"column":4},"end":{"line":22,"column":null}},"3":{"start":{"line":22,"column":33},"end":{"line":22,"column":null}},"4":{"start":{"line":23,"column":14},"end":{"line":23,"column":null}},"5":{"start":{"line":24,"column":4},"end":{"line":24,"column":null}},"6":{"start":{"line":26,"column":8},"end":{"line":26,"column":null}},"7":{"start":{"line":26,"column":37},"end":{"line":26,"column":null}},"8":{"start":{"line":28,"column":2},"end":{"line":49,"column":null}},"9":{"start":{"line":30,"column":6},"end":{"line":30,"column":null}},"10":{"start":{"line":33,"column":6},"end":{"line":33,"column":null}},"11":{"start":{"line":33,"column":29},"end":{"line":33,"column":null}},"12":{"start":{"line":34,"column":19},"end":{"line":34,"column":null}},"13":{"start":{"line":35,"column":19},"end":{"line":35,"column":null}},"14":{"start":{"line":36,"column":20},"end":{"line":36,"column":null}},"15":{"start":{"line":37,"column":6},"end":{"line":37,"column":null}},"16":{"start":{"line":37,"column":25},"end":{"line":37,"column":null}},"17":{"start":{"line":41,"column":16},"end":{"line":41,"column":null}},"18":{"start":{"line":42,"column":6},"end":{"line":42,"column":null}},"19":{"start":{"line":45,"column":6},"end":{"line":45,"column":null}},"20":{"start":{"line":45,"column":29},"end":{"line":45,"column":null}},"21":{"start":{"line":46,"column":19},"end":{"line":46,"column":null}},"22":{"start":{"line":47,"column":6},"end":{"line":47,"column":null}}},"fnMap":{"0":{"name":"openInbox","decl":{"start":{"line":19,"column":16},"end":{"line":19,"column":26}},"loc":{"start":{"line":19,"column":47},"end":{"line":50,"column":null}},"line":19},"1":{"name":"(anonymous_1)","decl":{"start":{"line":21,"column":8},"end":{"line":21,"column":35}},"loc":{"start":{"line":21,"column":35},"end":{"line":25,"column":null}},"line":21},"2":{"name":"(anonymous_2)","decl":{"start":{"line":26,"column":8},"end":{"line":26,"column":23}},"loc":{"start":{"line":26,"column":37},"end":{"line":26,"column":null}},"line":26},"3":{"name":"read","decl":{"start":{"line":29,"column":4},"end":{"line":29,"column":19}},"loc":{"start":{"line":29,"column":19},"end":{"line":31,"column":null}},"line":29},"4":{"name":"unread","decl":{"start":{"line":32,"column":4},"end":{"line":32,"column":21}},"loc":{"start":{"line":32,"column":21},"end":{"line":43,"column":null}},"line":32},"5":{"name":"markAllRead","decl":{"start":{"line":44,"column":4},"end":{"line":44,"column":24}},"loc":{"start":{"line":44,"column":24},"end":{"line":48,"column":null}},"line":44}},"branchMap":{"0":{"loc":{"start":{"line":22,"column":4},"end":{"line":22,"column":null}},"type":"if","locations":[{"start":{"line":22,"column":4},"end":{"line":22,"column":null}},{"start":{},"end":{}}],"line":22},"1":{"loc":{"start":{"line":24,"column":11},"end":{"line":24,"column":null}},"type":"cond-expr","locations":[{"start":{"line":24,"column":32},"end":{"line":24,"column":36}},{"start":{"line":24,"column":36},"end":{"line":24,"column":null}}],"line":24},"2":{"loc":{"start":{"line":30,"column":13},"end":{"line":30,"column":null}},"type":"cond-expr","locations":[{"start":{"line":30,"column":32},"end":{"line":30,"column":61}},{"start":{"line":30,"column":61},"end":{"line":30,"column":null}}],"line":30},"3":{"loc":{"start":{"line":33,"column":6},"end":{"line":33,"column":null}},"type":"if","locations":[{"start":{"line":33,"column":6},"end":{"line":33,"column":null}},{"start":{},"end":{}}],"line":33},"4":{"loc":{"start":{"line":37,"column":6},"end":{"line":37,"column":null}},"type":"if","locations":[{"start":{"line":37,"column":6},"end":{"line":37,"column":null}},{"start":{},"end":{}}],"line":37},"5":{"loc":{"start":{"line":42,"column":13},"end":{"line":42,"column":null}},"type":"cond-expr","locations":[{"start":{"line":42,"column":28},"end":{"line":42,"column":41}},{"start":{"line":42,"column":41},"end":{"line":42,"column":null}}],"line":42},"6":{"loc":{"start":{"line":45,"column":6},"end":{"line":45,"column":null}},"type":"if","locations":[{"start":{"line":45,"column":6},"end":{"line":45,"column":null}},{"start":{},"end":{}}],"line":45}},"s":{"0":12,"1":12,"2":5,"3":3,"4":2,"5":2,"6":12,"7":2,"8":12,"9":1,"10":12,"11":7,"12":5,"13":5,"14":5,"15":5,"16":1,"17":4,"18":4,"19":2,"20":0,"21":2,"22":2},"f":{"0":12,"1":5,"2":2,"3":1,"4":12,"5":2},"b":{"0":[3,2],"1":[2,0],"2":[0,1],"3":[7,5],"4":[1,4],"5":[1,3],"6":[0,2]},"meta":{"lastBranch":7,"lastFunction":6,"lastStatement":23,"seen":{"f:19:16:19:26":0,"s:20:21:20:Infinity":0,"s:21:8:25:Infinity":1,"f:21:8:21:35":1,"b:22:4:22:Infinity:undefined:undefined:undefined:undefined":0,"s:22:4:22:Infinity":2,"s:22:33:22:Infinity":3,"s:23:14:23:Infinity":4,"s:24:4:24:Infinity":5,"b:24:32:24:36:24:36:24:Infinity":1,"s:26:8:26:Infinity":6,"f:26:8:26:23":2,"s:26:37:26:Infinity":7,"s:28:2:49:Infinity":8,"f:29:4:29:19":3,"s:30:6:30:Infinity":9,"b:30:32:30:61:30:61:30:Infinity":2,"f:32:4:32:21":4,"b:33:6:33:Infinity:undefined:undefined:undefined:undefined":3,"s:33:6:33:Infinity":10,"s:33:29:33:Infinity":11,"s:34:19:34:Infinity":12,"s:35:19:35:Infinity":13,"s:36:20:36:Infinity":14,"b:37:6:37:Infinity:undefined:undefined:undefined:undefined":4,"s:37:6:37:Infinity":15,"s:37:25:37:Infinity":16,"s:41:16:41:Infinity":17,"s:42:6:42:Infinity":18,"b:42:28:42:41:42:41:42:Infinity":5,"f:44:4:44:24":5,"b:45:6:45:Infinity:undefined:undefined:undefined:undefined":6,"s:45:6:45:Infinity":19,"s:45:29:45:Infinity":20,"s:46:19:46:Infinity":21,"s:47:6:47:Infinity":22},"fnNames":{}}}
,"/home/dan/ai-coworkers/src/runtime/injection.ts": {"path":"/home/dan/ai-coworkers/src/runtime/injection.ts","statementMap":{"0":{"start":{"line":12,"column":49},"end":{"line":21,"column":null}},"1":{"start":{"line":24,"column":25},"end":{"line":24,"column":null}},"2":{"start":{"line":25,"column":2},"end":{"line":25,"column":null}},"3":{"start":{"line":25,"column":28},"end":{"line":25,"column":null}},"4":{"start":{"line":25,"column":49},"end":{"line":25,"column":null}},"5":{"start":{"line":26,"column":21},"end":{"line":26,"column":null}},"6":{"start":{"line":27,"column":19},"end":{"line":36,"column":null}},"7":{"start":{"line":37,"column":2},"end":{"line":37,"column":null}}},"fnMap":{"0":{"name":"scan","decl":{"start":{"line":23,"column":16},"end":{"line":23,"column":21}},"loc":{"start":{"line":23,"column":50},"end":{"line":38,"column":null}},"line":23}},"branchMap":{"0":{"loc":{"start":{"line":25,"column":28},"end":{"line":25,"column":null}},"type":"if","locations":[{"start":{"line":25,"column":28},"end":{"line":25,"column":null}},{"start":{},"end":{}}],"line":25},"1":{"loc":{"start":{"line":27,"column":19},"end":{"line":36,"column":null}},"type":"cond-expr","locations":[{"start":{"line":28,"column":6},"end":{"line":35,"column":null}},{"start":{"line":36,"column":6},"end":{"line":36,"column":null}}],"line":27}},"s":{"0":8,"1":34,"2":34,"3":272,"4":18,"5":34,"6":34,"7":34},"f":{"0":34},"b":{"0":[18,254],"1":[17,17]},"meta":{"lastBranch":2,"lastFunction":1,"lastStatement":8,"seen":{"s:12:49:21:Infinity":0,"f:23:16:23:21":0,"s:24:25:24:Infinity":1,"s:25:2:25:Infinity":2,"b:25:28:25:Infinity:undefined:undefined:undefined:undefined":0,"s:25:28:25:Infinity":3,"s:25:49:25:Infinity":4,"s:26:21:26:Infinity":5,"s:27:19:36:Infinity":6,"b:28:6:35:Infinity:36:6:36:Infinity":1,"s:37:2:37:Infinity":7},"fnNames":{}}}
,"/home/dan/ai-coworkers/src/runtime/journal.ts": {"path":"/home/dan/ai-coworkers/src/runtime/journal.ts","statementMap":{"0":{"start":{"line":21,"column":49},"end":{"line":21,"column":null}},"1":{"start":{"line":22,"column":2},"end":{"line":22,"column":null}},"2":{"start":{"line":25,"column":14},"end":{"line":25,"column":null}},"3":{"start":{"line":26,"column":20},"end":{"line":26,"column":null}},"4":{"start":{"line":27,"column":19},"end":{"line":27,"column":null}},"5":{"start":{"line":28,"column":17},"end":{"line":28,"column":null}},"6":{"start":{"line":29,"column":15},"end":{"line":35,"column":null}},"7":{"start":{"line":37,"column":19},"end":{"line":37,"column":null}},"8":{"start":{"line":38,"column":15},"end":{"line":38,"column":null}},"9":{"start":{"line":40,"column":2},"end":{"line":44,"column":null}},"10":{"start":{"line":41,"column":17},"end":{"line":41,"column":null}},"11":{"start":{"line":42,"column":4},"end":{"line":42,"column":null}},"12":{"start":{"line":43,"column":4},"end":{"line":43,"column":null}},"13":{"start":{"line":46,"column":18},"end":{"line":46,"column":null}},"14":{"start":{"line":46,"column":46},"end":{"line":46,"column":106}},"15":{"start":{"line":47,"column":17},"end":{"line":56,"column":null}},"16":{"start":{"line":58,"column":13},"end":{"line":58,"column":null}},"17":{"start":{"line":59,"column":2},"end":{"line":67,"column":null}},"18":{"start":{"line":60,"column":16},"end":{"line":63,"column":null}},"19":{"start":{"line":64,"column":4},"end":{"line":64,"column":null}},"20":{"start":{"line":66,"column":4},"end":{"line":66,"column":null}},"21":{"start":{"line":68,"column":2},"end":{"line":68,"column":null}},"22":{"start":{"line":69,"column":2},"end":{"line":69,"column":null}}},"fnMap":{"0":{"name":"writeJournal","decl":{"start":{"line":14,"column":22},"end":{"line":14,"column":35}},"loc":{"start":{"line":20,"column":45},"end":{"line":70,"column":null}},"line":20},"1":{"name":"(anonymous_1)","decl":{"start":{"line":46,"column":35},"end":{"line":46,"column":40}},"loc":{"start":{"line":46,"column":46},"end":{"line":46,"column":106}},"line":46}},"branchMap":{"0":{"loc":{"start":{"line":40,"column":2},"end":{"line":44,"column":null}},"type":"if","locations":[{"start":{"line":40,"column":2},"end":{"line":44,"column":null}},{"start":{},"end":{}}],"line":40}},"s":{"0":8,"1":8,"2":8,"3":8,"4":8,"5":8,"6":8,"7":8,"8":8,"9":8,"10":7,"11":7,"12":7,"13":1,"14":1,"15":1,"16":1,"17":1,"18":1,"19":1,"20":0,"21":1,"22":1},"f":{"0":8,"1":1},"b":{"0":[7,1]},"meta":{"lastBranch":1,"lastFunction":2,"lastStatement":23,"seen":{"f:14:22:14:35":0,"s:21:49:21:Infinity":0,"s:22:2:22:Infinity":1,"s:25:14:25:Infinity":2,"s:26:20:26:Infinity":3,"s:27:19:27:Infinity":4,"s:28:17:28:Infinity":5,"s:29:15:35:Infinity":6,"s:37:19:37:Infinity":7,"s:38:15:38:Infinity":8,"b:40:2:44:Infinity:undefined:undefined:undefined:undefined":0,"s:40:2:44:Infinity":9,"s:41:17:41:Infinity":10,"s:42:4:42:Infinity":11,"s:43:4:43:Infinity":12,"s:46:18:46:Infinity":13,"f:46:35:46:40":1,"s:46:46:46:106":14,"s:47:17:56:Infinity":15,"s:58:13:58:Infinity":16,"s:59:2:67:Infinity":17,"s:60:16:63:Infinity":18,"s:64:4:64:Infinity":19,"s:66:4:66:Infinity":20,"s:68:2:68:Infinity":21,"s:69:2:69:Infinity":22},"fnNames":{}}}
,"/home/dan/ai-coworkers/src/runtime/llm.ts": {"path":"/home/dan/ai-coworkers/src/runtime/llm.ts","statementMap":{"0":{"start":{"line":27,"column":14},"end":{"line":27,"column":null}},"1":{"start":{"line":28,"column":40},"end":{"line":33,"column":null}},"2":{"start":{"line":34,"column":2},"end":{"line":34,"column":null}},"3":{"start":{"line":34,"column":17},"end":{"line":34,"column":null}},"4":{"start":{"line":36,"column":14},"end":{"line":43,"column":null}},"5":{"start":{"line":44,"column":2},"end":{"line":47,"column":null}},"6":{"start":{"line":45,"column":17},"end":{"line":45,"column":null}},"7":{"start":{"line":46,"column":4},"end":{"line":46,"column":null}},"8":{"start":{"line":48,"column":16},"end":{"line":48,"column":null}},"9":{"start":{"line":52,"column":2},"end":{"line":55,"column":null}}},"fnMap":{"0":{"name":"chat","decl":{"start":{"line":22,"column":22},"end":{"line":22,"column":null}},"loc":{"start":{"line":26,"column":22},"end":{"line":56,"column":null}},"line":26}},"branchMap":{"0":{"loc":{"start":{"line":25,"column":2},"end":{"line":25,"column":null}},"type":"default-arg","locations":[{"start":{"line":25,"column":71},"end":{"line":25,"column":null}}],"line":25},"1":{"loc":{"start":{"line":31,"column":17},"end":{"line":31,"column":null}},"type":"binary-expr","locations":[{"start":{"line":31,"column":17},"end":{"line":31,"column":37}},{"start":{"line":31,"column":37},"end":{"line":31,"column":null}}],"line":31},"2":{"loc":{"start":{"line":32,"column":16},"end":{"line":32,"column":null}},"type":"binary-expr","locations":[{"start":{"line":32,"column":16},"end":{"line":32,"column":34}},{"start":{"line":32,"column":34},"end":{"line":32,"column":null}}],"line":32},"3":{"loc":{"start":{"line":34,"column":2},"end":{"line":34,"column":null}},"type":"if","locations":[{"start":{"line":34,"column":2},"end":{"line":34,"column":null}},{"start":{},"end":{}}],"line":34},"4":{"loc":{"start":{"line":40,"column":10},"end":{"line":40,"column":null}},"type":"cond-expr","locations":[{"start":{"line":40,"column":23},"end":{"line":40,"column":67}},{"start":{"line":40,"column":67},"end":{"line":40,"column":null}}],"line":40},"5":{"loc":{"start":{"line":44,"column":2},"end":{"line":47,"column":null}},"type":"if","locations":[{"start":{"line":44,"column":2},"end":{"line":47,"column":null}},{"start":{},"end":{}}],"line":44},"6":{"loc":{"start":{"line":53,"column":13},"end":{"line":53,"column":null}},"type":"binary-expr","locations":[{"start":{"line":53,"column":13},"end":{"line":53,"column":52}},{"start":{"line":53,"column":52},"end":{"line":53,"column":null}}],"line":53}},"s":{"0":10,"1":10,"2":10,"3":9,"4":10,"5":10,"6":1,"7":1,"8":9,"9":9},"f":{"0":10},"b":{"0":[10],"1":[10,0],"2":[10,0],"3":[9,1],"4":[0,10],"5":[1,9],"6":[9,0]},"meta":{"lastBranch":7,"lastFunction":1,"lastStatement":10,"seen":{"f:22:22:22:Infinity":0,"b:25:71:25:Infinity":0,"s:27:14:27:Infinity":0,"s:28:40:33:Infinity":1,"b:31:17:31:37:31:37:31:Infinity":1,"b:32:16:32:34:32:34:32:Infinity":2,"b:34:2:34:Infinity:undefined:undefined:undefined:undefined":3,"s:34:2:34:Infinity":2,"s:34:17:34:Infinity":3,"s:36:14:43:Infinity":4,"b:40:23:40:67:40:67:40:Infinity":4,"b:44:2:47:Infinity:undefined:undefined:undefined:undefined":5,"s:44:2:47:Infinity":5,"s:45:17:45:Infinity":6,"s:46:4:46:Infinity":7,"s:48:16:48:Infinity":8,"s:52:2:55:Infinity":9,"b:53:13:53:52:53:52:53:Infinity":6},"fnNames":{}}}
,"/home/dan/ai-coworkers/src/runtime/log.ts": {"path":"/home/dan/ai-coworkers/src/runtime/log.ts","statementMap":{"0":{"start":{"line":35,"column":13},"end":{"line":35,"column":null}},"1":{"start":{"line":36,"column":2},"end":{"line":46,"column":null}},"2":{"start":{"line":47,"column":2},"end":{"line":47,"column":null}},"3":{"start":{"line":57,"column":4},"end":{"line":57,"column":null}},"4":{"start":{"line":58,"column":4},"end":{"line":58,"column":null}},"5":{"start":{"line":59,"column":4},"end":{"line":59,"column":null}},"6":{"start":{"line":60,"column":4},"end":{"line":60,"column":null}},"7":{"start":{"line":64,"column":15},"end":{"line":64,"column":null}},"8":{"start":{"line":65,"column":4},"end":{"line":69,"column":null}},"9":{"start":{"line":66,"column":6},"end":{"line":68,"column":null}},"10":{"start":{"line":74,"column":14},"end":{"line":74,"column":null}},"11":{"start":{"line":75,"column":22},"end":{"line":75,"column":null}},"12":{"start":{"line":76,"column":4},"end":{"line":76,"column":null}},"13":{"start":{"line":77,"column":4},"end":{"line":77,"column":null}},"14":{"start":{"line":77,"column":27},"end":{"line":77,"column":88}},"15":{"start":{"line":77,"column":33},"end":{"line":77,"column":77}},"16":{"start":{"line":84,"column":14},"end":{"line":84,"column":null}},"17":{"start":{"line":85,"column":22},"end":{"line":85,"column":null}},"18":{"start":{"line":86,"column":4},"end":{"line":86,"column":null}},"19":{"start":{"line":87,"column":4},"end":{"line":87,"column":null}},"20":{"start":{"line":87,"column":30},"end":{"line":87,"column":94}},"21":{"start":{"line":87,"column":36},"end":{"line":87,"column":83}},"22":{"start":{"line":88,"column":4},"end":{"line":88,"column":null}},"23":{"start":{"line":88,"column":30},"end":{"line":88,"column":91}},"24":{"start":{"line":88,"column":36},"end":{"line":88,"column":80}},"25":{"start":{"line":96,"column":2},"end":{"line":96,"column":null}},"26":{"start":{"line":96,"column":25},"end":{"line":96,"column":null}},"27":{"start":{"line":97,"column":2},"end":{"line":103,"column":null}},"28":{"start":{"line":98,"column":17},"e
[...]
undefined":0,"s:21:2:21:Infinity":2,"s:21:15:21:Infinity":3,"s:22:16:22:Infinity":4,"b:23:2:23:Infinity:undefined:undefined:undefined:undefined":1,"s:23:2:23:Infinity":5,"s:23:19:23:Infinity":6,"s:24:2:24:Infinity":7,"s:27:40:53:Infinity":8,"f:32:11:32:18":1,"s:33:16:33:Infinity":9,"b:34:4:34:Infinity:undefined:undefined:undefined:undefined":2,"s:34:4:34:Infinity":10,"s:34:14:34:Infinity":11,"s:35:14:35:Infinity":12,"s:50:17:50:Infinity":13,"s:51:4:51:Infinity":14,"s:55:45:101:Infinity":15,"f:60:11:60:18":2,"s:61:16:61:Infinity":16,"b:62:4:62:Infinity:undefined:undefined:undefined:undefined":3,"s:62:4:62:Infinity":17,"s:62:14:62:Infinity":18,"s:63:19:63:Infinity":19,"b:63:28:63:59:63:59:63:61":4,"f:63:74:63:79":3,"s:63:85:63:93":20,"s:66:29:66:Infinity":21,"s:67:31:67:Infinity":22,"s:68:4:91:Infinity":23,"s:68:20:68:23":24,"s:69:16:69:Infinity":25,"s:85:19:87:Infinity":26,"s:88:6:88:Infinity":27,"b:89:6:89:Infinity:undefined:undefined:undefined:undefined":5,"s:89:6:89:Infinity":28,"s:89:45:89:Infinity":29,"s:90:6:90:Infinity":30,"s:92:21:94:Infinity":31,"f:92:31:92:39":4,"s:92:39:93:Infinity":32,"b:92:39:93:46:93:46:93:Infinity":6,"b:93:7:93:34:93:34:93:41":7,"s:95:4:99:Infinity":33,"f:98:25:98:36":5,"s:98:42:98:52":34,"f:103:9:103:23":6,"s:104:38:104:Infinity":35,"s:105:2:108:Infinity":36,"s:106:14:106:Infinity":37,"s:107:4:107:Infinity":38,"b:107:14:107:24:107:24:107:29":8,"s:109:2:109:Infinity":39,"s:112:38:144:Infinity":40,"f:124:11:124:18":7,"b:125:4:127:Infinity:undefined:undefined:undefined:undefined":9,"s:125:4:127:Infinity":41,"s:126:6:126:Infinity":42,"s:128:16:128:Infinity":43,"b:129:4:129:Infinity:undefined:undefined:undefined:undefined":10,"s:129:4:129:Infinity":44,"s:129:14:129:Infinity":45,"s:130:14:130:Infinity":46,"s:137:17:141:Infinity":47,"s:142:4:142:Infinity":48,"s:146:42:175:Infinity":49,"f:159:11:159:18":8,"s:160:16:160:Infinity":50,"b:161:4:161:Infinity:undefined:undefined:undefined:undefined":11,"s:161:4:161:Infinity":51,"s:161:14:161:Infinity":52,"s:162:14:162:Infinity":53,"s:172:17:172:Infinity":54,"s:173:4:173:Infinity":55,"s:177:43:211:Infinity":56,"f:189:11:189:18":9,"s:190:16:190:Infinity":57,"b:191:4:191:Infinity:undefined:undefined:undefined:undefined":12,"s:191:4:191:Infinity":58,"s:191:14:191:Infinity":59,"s:192:44:192:Infinity":60,"b:193:4:193:Infinity:undefined:undefined:undefined:undefined":13,"s:193:4:193:Infinity":61,"s:193:21:193:Infinity":62,"b:194:4:194:Infinity:undefined:undefined:undefined:undefined":14,"s:194:4:194:Infinity":63,"s:194:23:194:Infinity":64,"s:195:14:195:Infinity":65,"s:206:17:208:Infinity":66,"b:207:26:207:41:207:41:207:44":15,"s:209:4:209:Infinity":67,"s:213:41:237:Infinity":68,"f:224:11:224:18":10,"s:225:16:225:Infinity":69,"b:226:4:226:Infinity:undefined:undefined:undefined:undefined":16,"s:226:4:226:Infinity":70,"s:226:14:226:Infinity":71,"s:227:14:227:Infinity":72,"s:231:17:233:Infinity":73,"b:234:4:234:Infinity:undefined:undefined:undefined:undefined":17,"s:234:4:234:Infinity":74,"s:234:20:234:Infinity":75,"s:235:4:235:Infinity":76,"s:239:40:266:Infinity":77,"f:251:11:251:18":11,"b:252:4:252:Infinity:undefined:undefined:undefined:undefined":18,"s:252:4:252:Infinity":78,"s:252:20:252:Infinity":79,"s:253:16:253:Infinity":80,"b:254:4:254:Infinity:undefined:undefined:undefined:undefined":19,"s:254:4:254:Infinity":81,"s:254:14:254:Infinity":82,"s:257:14:257:Infinity":83,"s:263:17:263:Infinity":84,"s:264:4:264:Infinity":85,"s:268:48:297:Infinity":86,"f:274:11:274:18":12,"s:275:16:275:Infinity":87,"b:276:4:276:Infinity:undefined:undefined:undefined:undefined":20,"s:276:4:276:Infinity":88,"s:276:14:276:Infinity":89,"s:277:14:277:Infinity":90,"s:284:17:289:Infinity":91,"s:290:4:295:Infinity":92,"f:294:37:294:42":13,"s:294:48:294:54":93,"s:299:38:308:Infinity":94},"fnNames":{}}}
,"/home/dan/ai-coworkers/src/tools/memory.ts": {"path":"/home/dan/ai-coworkers/src/tools/memory.ts","statementMap":{"0":{"start":{"line":14,"column":30},"end":{"line":14,"column":null}},"1":{"start":{"line":16,"column":2},"end":{"line":16,"column":null}},"2":{"start":{"line":16,"column":10},"end":{"line":16,"column":null}},"3":{"start":{"line":19,"column":19},"end":{"line":19,"column":null}},"4":{"start":{"line":20,"column":15},"end":{"line":20,"column":null}},"5":{"start":{"line":21,"column":2},"end":{"line":21,"column":null}},"6":{"start":{"line":22,"column":2},"end":{"line":22,"column":null}},"7":{"start":{"line":25,"column":37},"end":{"line":42,"column":null}},"8":{"start":{"line":39,"column":20},"end":{"line":39,"column":null}},"9":{"start":{"line":40,"column":4},"end":{"line":40,"column":null}},"10":{"start":{"line":48,"column":42},"end":{"line":70,"column":null}},"11":{"start":{"line":62,"column":4},"end":{"line":62,"column":null}},"12":{"start":{"line":62,"column":20},"end":{"line":62,"column":null}},"13":{"start":{"line":64,"column":29},"end":{"line":64,"column":null}},"14":{"start":{"line":65,"column":21},"end":{"line":65,"column":null}},"15":{"start":{"line":66,"column":21},"end":{"line":66,"column":null}},"16":{"start":{"line":67,"column":18},"end":{"line":67,"column":null}},"17":{"start":{"line":68,"column":4},"end":{"line":68,"column":null}},"18":{"start":{"line":72,"column":41},"end":{"line":93,"column":null}},"19":{"start":{"line":86,"column":4},"end":{"line":86,"column":null}},"20":{"start":{"line":86,"column":20},"end":{"line":86,"column":null}},"21":{"start":{"line":87,"column":29},"end":{"line":87,"column":null}},"22":{"start":{"line":88,"column":21},"end":{"line":88,"column":null}},"23":{"start":{"line":89,"column":21},"end":{"line":89,"column":null}},"24":{"start":{"line":90,"column":18},"end":{"line":90,"column":null}},"25":{"start":{"line":91,"column":4},"end":{"line":91,"column":null}},"26":{"start":{"line":95,"column":38},"end":{"line":95,"column":null}}},"fnMap":{"0":{"name":"openLazy","decl":{"start":{"line":15,"column":9},"end":{"line":15,"column":18}},"loc":{"start":{"line":15,"column":46},"end":{"line":23,"column":null}},"line":15},"1":{"name":"(anonymous_1)","decl":{"start":{"line":38,"column":11},"end":{"line":38,"column":18}},"loc":{"start":{"line":38,"column":77},"end":{"line":41,"column":null}},"line":38},"2":{"name":"(anonymous_2)","decl":{"start":{"line":61,"column":11},"end":{"line":61,"column":18}},"loc":{"start":{"line":61,"column":80},"end":{"line":69,"column":null}},"line":61},"3":{"name":"(anonymous_3)","decl":{"start":{"line":85,"column":11},"end":{"line":85,"column":18}},"loc":{"start":{"line":85,"column":76},"end":{"line":92,"column":null}},"line":85}},"branchMap":{"0":{"loc":{"start":{"line":16,"column":2},"end":{"line":16,"column":null}},"type":"if","locations":[{"start":{"line":16,"column":2},"end":{"line":16,"column":null}},{"start":{},"end":{}}],"line":16},"1":{"loc":{"start":{"line":39,"column":55},"end":{"line":39,"column":72}},"type":"binary-expr","locations":[{"start":{"line":39,"column":55},"end":{"line":39,"column":70}},{"start":{"line":39,"column":70},"end":{"line":39,"column":72}}],"line":39},"2":{"loc":{"start":{"line":62,"column":4},"end":{"line":62,"column":null}},"type":"if","locations":[{"start":{"line":62,"column":4},"end":{"line":62,"column":null}},{"start":{},"end":{}}],"line":62},"3":{"loc":{"start":{"line":86,"column":4},"end":{"line":86,"column":null}},"type":"if","locations":[{"start":{"line":86,"column":4},"end":{"line":86,"column":null}},{"start":{},"end":{}}],"line":86}},"s":{"0":2,"1":2,"2":1,"3":1,"4":1,"5":1,"6":1,"7":2,"8":2,"9":2,"10":2,"11":3,"12":1,"13":2,"14":2,"15":2,"16":2,"17":2,"18":2,"19":2,"20":1,"21":1,"22":1,"23":1,"24":1,"25":1,"26":2},"f":{"0":2,"1":2,"2":3,"3":2},"b":{"0":[1,1],"1":[2,2],"2":[1,2],"3":[1,1]},"meta":{"lastBranch":4,"lastFunction":4,"lastStatement":27,"seen":{"s:14:30:14:Infinity":0,"f:15:9:15:18":0,"b:16:2:16:Infinity:undefined:undefined:undefined:undefined":0,"s:16:2:16:Infinity":1,"s:16:10:16:Infinity":2,"s:19:19:19:Infinity":3,"s:20:15:20:Infinity":4,"s:21:2:21:Infinity":5,"s:22:2:22:Infinity":6,"s:25:37:42:Infinity":7,"f:38:11:38:18":1,"s:39:20:39:Infinity":8,"b:39:55:39:70:39:70:39:72":1,"s:40:4:40:Infinity":9,"s:48:42:70:Infinity":10,"f:61:11:61:18":2,"b:62:4:62:Infinity:undefined:undefined:undefined:undefined":2,"s:62:4:62:Infinity":11,"s:62:20:62:Infinity":12,"s:64:29:64:Infinity":13,"s:65:21:65:Infinity":14,"s:66:21:66:Infinity":15,"s:67:18:67:Infinity":16,"s:68:4:68:Infinity":17,"s:72:41:93:Infinity":18,"f:85:11:85:18":3,"b:86:4:86:Infinity:undefined:undefined:undefined:undefined":3,"s:86:4:86:Infinity":19,"s:86:20:86:Infinity":20,"s:87:29:87:Infinity":21,"s:88:21:88:Infinity":22,"s:89:21:89:Infinity":23,"s:90:18:90:Infinity":24,"s:91:4:91:Infinity":25,"s:95:38:95:Infinity":26},"fnNames":{}}}
,"/home/dan/ai-coworkers/src/tools/slack.ts": {"path":"/home/dan/ai-coworkers/src/tools/slack.ts","statementMap":{"0":{"start":{"line":11,"column":14},"end":{"line":11,"column":null}},"1":{"start":{"line":14,"column":16},"end":{"line":14,"column":null}},"2":{"start":{"line":15,"column":14},"end":{"line":15,"column":null}},"3":{"start":{"line":16,"column":14},"end":{"line":24,"column":null}},"4":{"start":{"line":25,"column":16},"end":{"line":25,"column":null}},"5":{"start":{"line":26,"column":2},"end":{"line":26,"column":null}},"6":{"start":{"line":26,"column":16},"end":{"line":26,"column":null}},"7":{"start":{"line":27,"column":2},"end":{"line":27,"column":null}},"8":{"start":{"line":30,"column":38},"end":{"line":62,"column":null}},"9":{"start":{"line":36,"column":18},"end":{"line":36,"column":null}},"10":{"start":{"line":37,"column":4},"end":{"line":37,"column":null}},"11":{"start":{"line":37,"column":16},"end":{"line":37,"column":null}},"12":{"start":{"line":40,"column":17},"end":{"line":40,"column":null}},"13":{"start":{"line":41,"column":24},"end":{"line":41,"column":null}},"14":{"start":{"line":42,"column":21},"end":{"line":42,"column":null}},"15":{"start":{"line":42,"column":55},"end":{"line":42,"column":63}},"16":{"start":{"line":43,"column":4},"end":{"line":43,"column":null}},"17":{"start":{"line":43,"column":26},"end":{"line":43,"column":null}},"18":{"start":{"line":44,"column":31},"end":{"line":44,"column":null}},"19":{"start":{"line":45,"column":10},"end":{"line":45,"column":null}},"20":{"start":{"line":46,"column":4},"end":{"line":59,"column":null}},"21":{"start":{"line":47,"column":6},"end":{"line":58,"column":null}},"22":{"start":{"line":48,"column":18},"end":{"line":50,"column":null}},"23":{"start":{"line":51,"column":8},"end":{"line":55,"column":null}},"24":{"start":{"line":52,"column":10},"end":{"line":54,"column":null}},"25":{"start":{"line":53,"column":12},"end":{"line":53,"column":null}},"26":{"start":{"line":57,"column":8},"end":{"line":57,"column":null}},"27":{"start":{"line":60,"column":4},"end":{"line":60,"column":null}},"28":{"start":{"line":64,"column":34},"end":{"line":84,"column":null}},"29":{"start":{"line":78,"column":4},"end":{"line":78,"column":null}},"30":{"start":{"line":78,"column":20},"end":{"line":78,"column":null}},"31":{"start":{"line":79,"column":18},"end":{"line":79,"column":null}},"32":{"start":{"line":80,"column":4},"end":{"line":80,"column":null}},"33":{"start":{"line":80,"column":16},"end":{"line":80,"column":null}},"34":{"start":{"line":81,"column":16},"end":{"line":81,"column":null}},"35":{"start":{"line":82,"column":4},"end":{"line":82,"column":null}},"36":{"start":{"line":86,"column":32},"end":{"line":109,"column":null}},"37":{"start":{"line":99,"column":4},"end":{"line":99,"column":null}},"38":{"start":{"line":99,"column":20},"end":{"line":99,"column":null}},"39":{"start":{"line":100,"column":18},"end":{"line":100,"column":null}},"40":{"start":{"line":101,"column":4},"end":{"line":101,"column":null}},"41":{"start":{"line":101,"column":16},"end":{"line":101,"column":null}},"42":{"start":{"line":103,"column":17},"end":{"line":103,"column":null}},"43":{"start":{"line":104,"column":16},"end":{"line":106,"column":null}},"44":{"start":{"line":107,"column":4},"end":{"line":107,"column":null}},"45":{"start":{"line":111,"column":37},"end":{"line":111,"column":null}}},"fnMap":{"0":{"name":"slack","decl":{"start":{"line":13,"column":15},"end":{"line":13,"column":24}},"loc":{"start":{"line":13,"column":102},"end":{"line":28,"column":null}},"line":13},"1":{"name":"(anonymous_1)","decl":{"start":{"line":35,"column":11},"end":{"line":35,"column":18}},"loc":{"start":{"line":35,"column":43},"end":{"line":61,"column":null}},"line":35},"2":{"name":"(anonymous_2)","decl":{"start":{"line":42,"column":44},"end":{"line":42,"column":49}},"loc":{"start":{"line":42,"column":55},"end":{"line":42,"column":63}},"line":42},"3":{"name":"(anonymous_3)","decl":{"start":{"line":77,"column":11},"end":{"line":77,"column":18}},"loc":{"start":{"line":77,"column":97},"end":{"line":83,"column":null}},"line":77},"4":{"name":"(anonymous_4)","decl":{"start":{"line":98,"column":11},"end":{"line":98,"column":18}},"loc":{"start":{"line":98,"column":74},"end":{"line":108,"column":null}},"line":98}},"branchMap":{"0":{"loc":{"start":{"line":14,"column":16},"end":{"line":14,"column":null}},"type":"binary-expr","locations":[{"start":{"line":14,"column":16},"end":{"line":14,"column":26}},{"start":{"line":14,"column":26},"end":{"line":14,"column":35}},{"start":{"line":14,"column":35},"end":{"line":14,"column":60}},{"start":{"line":14,"column":60},"end":{"line":14,"column":null}}],"line":14},"1":{"loc":{"start":{"line":15,"column":14},"end":{"line":15,"column":null}},"type":"cond-expr","locations":[{"start":{"line":15,"column":30},"end":{"line":15,"column":89}},{"start":{"line":15,"column":89},"end":{"line":15,"column":null}}],"line":15},"2":{"loc":{"start":{"line":15,"column":14},"end":{"line":15,"column":30}},"type":"binary-expr","locations":[{"start":{"line":15,"column":14},"end":{"line":15,"column":23}},{"start":{"line":15,"column":23},"end":{"line":15,"column":30}}],"line":15},"3":{"loc":{"start":{"line":17,"column":12},"end":{"line":17,"column":null}},"type":"binary-expr","locations":[{"start":{"line":17,"column":12},"end":{"line":17,"column":29}},{"start":{"line":17,"column":29},"end":{"line":17,"column":null}}],"line":17},"4":{"loc":{"start":{"line":17,"column":29},"end":{"line":17,"column":null}},"type":"cond-expr","locations":[{"start":{"line":17,"column":36},"end":{"line":17,"column":45}},{"start":{"line":17,"column":45},"end":{"line":17,"column":null}}],"line":17},"5":{"loc":{"start":{"line":21,"column":10},"end":{"line":21,"column":null}},"type":"binary-expr","locations":[{"start":{"line":21,"column":10},"end":{"line":21,"column":27}},{"start":{"line":21,"column":27},"end":{"line":21,"column":null}}],"line":21},"6":{"loc":{"start":{"line":23,"column":10},"end":{"line":23,"column":null}},"type":"cond-expr","locations":[{"start":{"line":23,"column":17},"end":{"line":23,"column":40}},{"start":{"line":23,"column":40},"end":{"line":23,"column":null}}],"line":23},"7":{"loc":{"start":{"line":26,"column":2},"end":{"line":26,"column":null}},"type":"if","locations":[{"start":{"line":26,"column":2},"end":{"line":26,"column":null}},{"start":{},"end":{}}],"line":26},"8":{"loc":{"start":{"line":26,"column":52},"end":{"line":26,"column":78}},"type":"binary-expr","locations":[{"start":{"line":26,"column":52},"end":{"line":26,"column":66}},{"start":{"line":26,"column":66},"end":{"line":26,"column":78}}],"line":26},"9":{"loc":{"start":{"line":37,"column":4},"end":{"line":37,"column":null}},"type":"if","locations":[{"start":{"line":37,"column":4},"end":{"line":37,"column":null}},{"start":{},"end":{}}],"line":37},"10":{"loc":{"start":{"line":41,"column":24},"end":{"line":41,"column":null}},"type":"binary-expr","locations":[{"start":{"line":41,"column":24},"end":{"line":41,"column":58}},{"start":{"line":41,"column":58},"end":{"line":41,"column":null}}],"line":41},"11":{"loc":{"start":{"line":43,"column":4},"end":{"line":43,"column":null}},"type":"if","locations":[{"start":{"line":43,"column":4},"end":{"line":43,"column":null}},{"start":{},"end":{}}],"line":43},"12":{"loc":{"start":{"line":51,"column":24},"end":{"line":51,"column":42}},"type":"binary-expr","locations":[{"start":{"line":51,"column":24},"end":{"line":51,"column":38}},{"start":{"line":51,"column":38},"end":{"line":51,"column":42}}],"line":51},"13":{"loc":{"start":{"line":52,"column":10},"end":{"line":54,"column":null}},"type":"if","locations":[{"start":{"line":52,"column":10},"end":{"line":54,"column":null}},{"start":{},"end":{}}],"line":52},"14":{"loc":{"start":{"line":78,"column":4},"end":{"line":78,"column":null}},"type":"if","locations":[{"start":{"line":78,"column":4},"end":{"line":78,"column":null}},{"start":{},"end":{}}],"line":78},"15":{"loc":{"start":{"line":80,"column":4},"end":{"line":80,"column":null}},"type":"if","locations":[{"start":{"line":80,"column":4},"end":{"line":80,"column":null}},{"start":{},"end":{}}],"line":80},"16":{"loc":{"start":{"line":99,"column":4},"end":{"line":99,"column":null}},"type":"if","locations":[{"start":{"line":99,"column":4},"end":{"line":99,"column":null}},{"start":{},"end":{}}],"line":99},"17":{"loc":{"start":{"line":101,"column":4},"end":{"line":101,"column":null}},"type":"if","locations":[{"start":{"line":101,"column":4},"end":{"line":101,"column":null}},{"start":{},"end":{}}],"line":101}},"s":{"0":1,"1":6,"2":6,"3":6,"4":6,"5":6,"6":0,"7":6,"8":1,"9":3,"10":3,"11":1,"12":2,"13":2,"14":3,"15":2,"16":3,"17":1,"18":1,"19":1,"20":1,"21":1,"22":1,"23":1,"24":2,"25":1,"26":0,"27":1,"28":1,"29":3,"30":1,"31":2,"32":2,"33":1,"34":1,"35":1,"36":1,"37":2,"38":1,"39":1,"40":1,"41":0,"42":1,"43":1,"44":1,"45":1},"f":{"0":6,"1":3,"2":2,"3":3,"4":2},"b":{"0":[6,3,0,0],"1":[0,6],"2":[6,3],"3":[6,6],"4":[3,3],"5":[6,6],"6":[3,3],"7":[0,6],"8":[0,0],"9":[1,2],"10":[2,1],"11":[1,2],"12":[1,0],"13":[1,1],"14":[1,2],"15":[1,1],"16":[1,1],"17":[0,1]},"meta":{"lastBranch":18,"lastFunction":5,"lastStatement":46,"seen":{"s:11:14:11:Infinity":0,"f:13:15:13:24":0,"s:14:16:14:Infinity":1,"b:14:16:14:26:14:26:14:35:14:35:14:60:14:60:14:Infinity":0,"s:15:14:15:Infinity":2,"b:15:30:15:89:15:89:15:Infinity":1,"b:15:14:15:23:15:23:15:30":2,"s:16:14:24:Infinity":3,"b:17:12:17:29:17:29:17:Infinity":3,"b:17:36:17:45:17:45:17:Infinity":4,"b:21:10:21:27:21:27:21:Infinity":5,"b:23:17:23:40:23:40:23:Infinity":6,"s:25:16:25:Infinity":4,"b:26:2:26:Infinity:undefined:undefined:undefined:undefined":7,"s:26:2:26:Infinity":5,"s:26:16:26:Infinity":6,"b:26:52:26:66:26:66:26:78":8,"s:27:2:27:Infinity":7,"s:30:38:62:Infinity":8,"f:35:11:35:18":1,"s:36:18:36:Infinity":9,"b:37:4:37:Infinity:undefined:undefined:undefined:undefined":9,"s:37:4:37:Infinity":10,"s:37:16:37:Infinity":11,"s:40:17:40:Infinity":12,"s:41:24:41:Infinity":13,"b:41:24:41:58:41:58:41:Infinity":10,"s:42:21:42:Infinity":14,"f:42:44:42:49":2,"s:42:55:42:63":15,"b:43:4:43:Infinity:undefined:undefined:undefined:undefined":11,"s:43:4:43:Infinity":16,"s:43:26:43:Infinity":17,"s:44:31:44:Infinity":18,"s:45:10:45:Infinity":19,"s:46:4:59:Infinity":20,"s:47:6:58:Infinity":21,"s:48:18:50:Infinity":22,"s:51:8:55:Infinity":23,"b:51:24:51:38:51:38:51:42":12,"b:52:10:54:Infinity:undefined:undefined:undefined:undefined":13,"s:52:10:54:Infinity":24,"s:53:12:53:Infinity":25,"s:57:8:57:Infinity":26,"s:60:4:60:Infinity":27,"s:64:34:84:Infinity":28,"f:77:11:77:18":3,"b:78:4:78:Infinity:undefined:undefined:undefined:undefined":14,"s:78:4:78:Infinity":29,"s:78:20:78:Infinity":30,"s:79:18:79:Infinity":31,"b:80:4:80:Infinity:undefined:undefined:undefined:undefined":15,"s:80:4:80:Infinity":32,"s:80:16:80:Infinity":33,"s:81:16:81:Infinity":34,"s:82:4:82:Infinity":35,"s:86:32:109:Infinity":36,"f:98:11:98:18":4,"b:99:4:99:Infinity:undefined:undefined:undefined:undefined":16,"s:99:4:99:Infinity":37,"s:99:20:99:Infinity":38,"s:100:18:100:Infinity":39,"b:101:4:101:Infinity:undefined:undefined:undefined:undefined":17,"s:101:4:101:Infinity":40,"s:101:16:101:Infinity":41,"s:103:17:103:Infinity":42,"s:104:16:106:Infinity":43,"s:107:4:107:Infinity":44,"s:111:37:111:Infinity":45},"fnNames":{}}}
}
