{"/home/dan/ai-coworkers/src/adapters/eve.ts": {"path":"/home/dan/ai-coworkers/src/adapters/eve.ts","statementMap":{"0":{"start":{"line":33,"column":2},"end":{"line":33,"column":null}},"1":{"start":{"line":33,"column":25},"end":{"line":33,"column":null}},"2":{"start":{"line":34,"column":8},"end":{"line":35,"column":null}},"3":{"start":{"line":35,"column":4},"end":{"line":35,"column":null}},"4":{"start":{"line":36,"column":27},"end":{"line":36,"column":null}},"5":{"start":{"line":37,"column":2},"end":{"line":44,"column":null}},"6":{"start":{"line":41,"column":47},"end":{"line":41,"column":85}}},"fnMap":{"0":{"name":"loadEveAgent","decl":{"start":{"line":32,"column":16},"end":{"line":32,"column":29}},"loc":{"start":{"line":32,"column":60},"end":{"line":45,"column":null}},"line":32},"1":{"name":"(anonymous_1)","decl":{"start":{"line":34,"column":8},"end":{"line":34,"column":20}},"loc":{"start":{"line":35,"column":4},"end":{"line":35,"column":null}},"line":35},"2":{"name":"(anonymous_2)","decl":{"start":{"line":41,"column":33},"end":{"line":41,"column":41}},"loc":{"start":{"line":41,"column":47},"end":{"line":41,"column":85}},"line":41}},"branchMap":{"0":{"loc":{"start":{"line":33,"column":2},"end":{"line":33,"column":null}},"type":"if","locations":[{"start":{"line":33,"column":2},"end":{"line":33,"column":null}},{"start":{},"end":{}}],"line":33},"1":{"loc":{"start":{"line":35,"column":4},"end":{"line":35,"column":null}},"type":"cond-expr","locations":[{"start":{"line":35,"column":34},"end":{"line":35,"column":65}},{"start":{"line":35,"column":65},"end":{"line":35,"column":null}}],"line":35},"2":{"loc":{"start":{"line":39,"column":18},"end":{"line":39,"column":null}},"type":"cond-expr","locations":[{"start":{"line":39,"column":49},"end":{"line":39,"column":90}},{"start":{"line":39,"column":90},"end":{"line":39,"column":null}}],"line":39},"3":{"loc":{"start":{"line":41,"column":47},"end":{"line":41,"column":85}},"type":"binary-expr","locations":[{"start":{"line":41,"column":47},"end":{"line":41,"column":68}},{"start":{"line":41,"column":68},"end":{"line":41,"column":85}}],"line":41}},"s":{"0":2,"1":1,"2":1,"3":3,"4":1,"5":1,"6":1},"f":{"0":2,"1":3,"2":1},"b":{"0":[1,1],"1":[3,0],"2":[1,0],"3":[1,0]},"meta":{"lastBranch":4,"lastFunction":3,"lastStatement":7,"seen":{"f:32:16:32:29":0,"b:33:2:33:Infinity:undefined:undefined:undefined:undefined":0,"s:33:2:33:Infinity":0,"s:33:25:33:Infinity":1,"s:34:8:35:Infinity":2,"f:34:8:34:20":1,"s:35:4:35:Infinity":3,"b:35:34:35:65:35:65:35:Infinity":1,"s:36:27:36:Infinity":4,"s:37:2:44:Infinity":5,"b:39:49:39:90:39:90:39:Infinity":2,"f:41:33:41:41":2,"s:41:47:41:85":6,"b:41:47:41:68:41:68:41:85":3},"fnNames":{}}}
,"/home/dan/ai-coworkers/src/adapters/hermes.ts": {"path":"/home/dan/ai-coworkers/src/adapters/hermes.ts","statementMap":{"0":{"start":{"line":26,"column":2},"end":{"line":26,"column":null}},"1":{"start":{"line":26,"column":24},"end":{"line":26,"column":null}},"2":{"start":{"line":27,"column":32},"end":{"line":27,"column":null}},"3":{"start":{"line":28,"column":2},"end":{"line":36,"column":null}},"4":{"start":{"line":29,"column":21},"end":{"line":29,"column":null}},"5":{"start":{"line":30,"column":4},"end":{"line":30,"column":null}},"6":{"start":{"line":30,"column":43},"end":{"line":30,"column":null}},"7":{"start":{"line":31,"column":15},"end":{"line":31,"column":null}},"8":{"start":{"line":32,"column":4},"end":{"line":32,"column":null}},"9":{"start":{"line":32,"column":25},"end":{"line":32,"column":null}},"10":{"start":{"line":33,"column":16},"end":{"line":33,"column":null}},"11":{"start":{"line":34,"column":40},"end":{"line":34,"column":null}},"12":{"start":{"line":35,"column":4},"end":{"line":35,"column":null}},"13":{"start":{"line":37,"column":2},"end":{"line":37,"column":null}},"14":{"start":{"line":45,"column":2},"end":{"line":45,"column":null}},"15":{"start":{"line":45,"column":22},"end":{"line":45,"column":null}},"16":{"start":{"line":46,"column":17},"end":{"line":46,"column":null}},"17":{"start":{"line":47,"column":26},"end":{"line":51,"column":null}},"18":{"start":{"line":50,"column":25},"end":{"line":50,"column":61}},"19":{"start":{"line":52,"column":20},"end":{"line":52,"column":null}},"20":{"start":{"line":52,"column":41},"end":{"line":52,"column":59}},"21":{"start":{"line":53,"column":2},"end":{"line":58,"column":null}},"22":{"start":{"line":54,"column":4},"end":{"line":54,"column":null}},"23":{"start":{"line":55,"column":4},"end":{"line":57,"column":null}},"24":{"start":{"line":56,"column":6},"end":{"line":56,"column":null}},"25":{"start":{"line":59,"column":2},"end":{"line":59,"column":null}},"26":{"start":{"line":65,"column":12},"end":{"line":65,"column":null}},"27":{"start":{"line":66,"column":2},"end":{"line":66,"column":null}},"28":{"start":{"line":66,"column":10},"end":{"line":66,"column":null}},"29":{"start":{"line":67,"column":13},"end":{"line":72,"column":null}},"30":{"start":{"line":69,"column":17},"end":{"line":69,"column":null}},"31":{"start":{"line":70,"column":6},"end":{"line":70,"column":null}},"32":{"start":{"line":71,"column":23},"end":{"line":71,"column":24}},"33":{"start":{"line":73,"column":2},"end":{"line":77,"column":null}},"34":{"start":{"line":81,"column":2},"end":{"line":81,"column":null}},"35":{"start":{"line":81,"column":39},"end":{"line":81,"column":58}}},"fnMap":{"0":{"name":"loadHermesSkills","decl":{"start":{"line":25,"column":16},"end":{"line":25,"column":33}},"loc":{"start":{"line":25,"column":61},"end":{"line":38,"column":null}},"line":25},"1":{"name":"renderSkillsIndex","decl":{"start":{"line":44,"column":16},"end":{"line":44,"column":34}},"loc":{"start":{"line":44,"column":93},"end":{"line":60,"column":null}},"line":44},"2":{"name":"(anonymous_2)","decl":{"start":{"line":50,"column":14},"end":{"line":50,"column":19}},"loc":{"start":{"line":50,"column":25},"end":{"line":50,"column":61}},"line":50},"3":{"name":"(anonymous_3)","decl":{"start":{"line":52,"column":27},"end":{"line":52,"column":35}},"loc":{"start":{"line":52,"column":41},"end":{"line":52,"column":59}},"line":52},"4":{"name":"parseFrontMatter","decl":{"start":{"line":62,"column":9},"end":{"line":62,"column":26}},"loc":{"start":{"line":64,"column":2},"end":{"line":78,"column":null}},"line":64},"5":{"name":"(anonymous_5)","decl":{"start":{"line":68,"column":24},"end":{"line":68,"column":29}},"loc":{"start":{"line":68,"column":38},"end":{"line":71,"column":5}},"line":68},"6":{"name":"(anonymous_6)","decl":{"start":{"line":71,"column":7},"end":{"line":71,"column":15}},"loc":{"start":{"line":71,"column":23},"end":{"line":71,"column":24}},"line":71},"7":{"name":"firstLine","decl":{"start":{"line":80,"column":9},"end":{"line":80,"column":19}},"loc":{"start":{"line":80,"column":38},"end":{"line":82,"column":null}},"line":80},"8":{"name":"(anonymous_8)","decl":{"start":{"line":81,"column":27},"end":{"line":81,"column":33}},"loc":{"start":{"line":81,"column":39},"end":{"line":81,"column":58}},"line":81}},"branchMap":{"0":{"loc":{"start":{"line":26,"column":2},"end":{"line":26,"column":null}},"type":"if","locations":[{"start":{"line":26,"column":2},"end":{"line":26,"column":null}},{"start":{},"end":{}}],"line":26},"1":{"loc":{"start":{"line":30,"column":4},"end":{"line":30,"column":null}},"type":"if","locations":[{"start":{"line":30,"column":4},"end":{"line":30,"column":null}},{"start":{},"end":{}}],"line":30},"2":{"loc":{"start":{"line":32,"column":4},"end":{"line":32,"column":null}},"type":"if","locations":[{"start":{"line":32,"column":4},"end":{"line":32,"column":null}},{"start":{},"end":{}}],"line":32},"3":{"loc":{"start":{"line":44,"column":57},"end":{"line":44,"column":93}},"type":"default-arg","locations":[{"start":{"line":44,"column":81},"end":{"line":44,"column":93}}],"line":44},"4":{"loc":{"start":{"line":45,"column":2},"end":{"line":45,"column":null}},"type":"if","locations":[{"start":{"line":45,"column":2},"end":{"line":45,"column":null}},{"start":{},"end":{}}],"line":45},"5":{"loc":{"start":{"line":53,"column":2},"end":{"line":58,"column":null}},"type":"if","locations":[{"start":{"line":53,"column":2},"end":{"line":58,"column":null}},{"start":{},"end":{}}],"line":53},"6":{"loc":{"start":{"line":66,"column":2},"end":{"line":66,"column":null}},"type":"if","locations":[{"start":{"line":66,"column":2},"end":{"line":66,"column":null}},{"start":{},"end":{}}],"line":66},"7":{"loc":{"start":{"line":70,"column":13},"end":{"line":70,"column":null}},"type":"cond-expr","locations":[{"start":{"line":70,"column":18},"end":{"line":70,"column":84}},{"start":{"line":70,"column":84},"end":{"line":70,"column":null}}],"line":70},"8":{"loc":{"start":{"line":74,"column":10},"end":{"line":74,"column":null}},"type":"binary-expr","locations":[{"start":{"line":74,"column":10},"end":{"line":74,"column":21}},{"start":{"line":74,"column":21},"end":{"line":74,"column":null}}],"line":74},"9":{"loc":{"start":{"line":75,"column":17},"end":{"line":75,"column":null}},"type":"binary-expr","locations":[{"start":{"line":75,"column":17},"end":{"line":75,"column":35}},{"start":{"line":75,"column":35},"end":{"line":75,"column":null}}],"line":75},"10":{"loc":{"start":{"line":81,"column":10},"end":{"line":81,"column":65}},"type":"binary-expr","locations":[{"start":{"line":81,"column":10},"end":{"line":81,"column":63}},{"start":{"line":81,"column":63},"end":{"line":81,"column":65}}],"line":81}},"s":{"0":5,"1":1,"2":4,"3":4,"4":4,"5":4,"6":0,"7":4,"8":4,"9":1,"10":3,"11":3,"12":3,"13":4,"14":3,"15":1,"16":2,"17":2,"18":4,"19":2,"20":4,"21":2,"22":1,"23":1,"24":1,"25":2,"26":3,"27":3,"28":1,"29":2,"30":4,"31":4,"32":4,"33":2,"34":1,"35":1},"f":{"0":5,"1":3,"2":4,"3":4,"4":3,"5":4,"6":4,"7":1,"8":1},"b":{"0":[1,4],"1":[0,4],"2":[1,3],"3":[3],"4":[1,2],"5":[1,1],"6":[1,2],"7":[4,0],"8":[2,0],"9":[3,0],"10":[1,0]},"meta":{"lastBranch":11,"lastFunction":9,"lastStatement":36,"seen":{"f:25:16:25:33":0,"b:26:2:26:Infinity:undefined:undefined:undefined:undefined":0,"s:26:2:26:Infinity":0,"s:26:24:26:Infinity":1,"s:27:32:27:Infinity":2,"s:28:2:36:Infinity":3,"s:29:21:29:Infinity":4,"b:30:4:30:Infinity:undefined:undefined:undefined:undefined":1,"s:30:4:30:Infinity":5,"s:30:43:30:Infinity":6,"s:31:15:31:Infinity":7,"b:32:4:32:Infinity:undefined:undefined:undefined:undefined":2,"s:32:4:32:Infinity":8,"s:32:25:32:Infinity":9,"s:33:16:33:Infinity":10,"s:34:40:34:Infinity":11,"s:35:4:35:Infinity":12,"s:37:2:37:Infinity":13,"f:44:16:44:34":1,"b:44:81:44:93":3,"b:45:2:45:Infinity:undefined:undefined:undefined:undefined":4,"s:45:2:45:Infinity":14,"s:45:22:45:Infinity":15,"s:46:17:46:Infinity":16,"s:47:26:51:Infinity":17,"f:50:14:50:19":2,"s:50:25:50:61":18,"s:52:20:52:Infinity":19,"f:52:27:52:35":3,"s:52:41:52:59":20,"b:53:2:58:Infinity:undefined:undefined:undefined:undefined":5,"s:53:2:58:Infinity":21,"s:54:4:54:Infinity":22,"s:55:4:57:Infinity":23,"s:56:6:56:Infinity":24,"s:59:2:59:Infinity":25,"f:62:9:62:26":4,"s:65:12:65:Infinity":26,"b:66:2:66:Infinity:undefined:undefined:undefined:undefined":6,"s:66:2:66:Infinity":27,"s:66:10:66:Infinity":28,"s:67:13:72:Infinity":29,"f:68:24:68:29":5,"s:69:17:69:Infinity":30,"s:70:6:70:Infinity":31,"b:70:18:70:84:70:84:70:Infinity":7,"f:71:7:71:15":6,"s:71:23:71:24":32,"s:73:2:77:Infinity":33,"b:74:10:74:21:74:21:74:Infinity":8,"b:75:17:75:35:75:35:75:Infinity":9,"f:80:9:80:19":7,"s:81:2:81:Infinity":34,"b:81:10:81:63:81:63:81:65":10,"f:81:27:81:33":8,"s:81:39:81:58":35},"fnNames":{}}}
,"/home/dan/ai-coworkers/src/runtime/boundaries.ts": {"path":"/home/dan/ai-coworkers/src/runtime/boundaries.ts","statementMap":{"0":{"start":{"line":21,"column":2},"end":{"line":21,"column":null}},"1":{"start":{"line":21,"column":13},"end":{"line":21,"column":null}},"2":{"start":{"line":24,"column":22},"end":{"line":24,"column":null}},"3":{"start":{"line":25,"column":20},"end":{"line":27,"column":null}},"4":{"start":{"line":26,"column":11},"end":{"line":26,"column":null}},"5":{"start":{"line":28,"column":2},"end":{"line":30,"column":null}},"6":{"start":{"line":29,"column":4},"end":{"line":29,"column":null}},"7":{"start":{"line":35,"column":20},"end":{"line":35,"column":null}},"8":{"start":{"line":36,"column":2},"end":{"line":47,"column":null}},"9":{"start":{"line":37,"column":17},"end":{"line":37,"column":null}},"10":{"start":{"line":38,"column":4},"end":{"line":46,"column":null}},"11":{"start":{"line":39,"column":16},"end":{"line":39,"column":null}},"12":{"start":{"line":40,"column":6},"end":{"line":40,"column":null}},"13":{"start":{"line":40,"column":30},"end":{"line":40,"column":null}},"14":{"start":{"line":41,"column":22},"end":{"line":41,"column":null}},"15":{"start":{"line":42,"column":17},"end":{"line":42,"column":null}},"16":{"start":{"line":43,"column":6},"end":{"line":45,"column":null}},"17":{"start":{"line":44,"column":8},"end":{"line":44,"column":null}},"18":{"start":{"line":49,"column":2},"end":{"line":49,"column":null}},"19":{"start":{"line":53,"column":2},"end":{"line":53,"column":null}},"20":{"start":{"line":53,"column":72},"end":{"line":53,"column":76}},"21":{"start":{"line":60,"column":2},"end":{"line":60,"column":null}},"22":{"start":{"line":60,"column":21},"end":{"line":60,"column":null}},"23":{"start":{"line":61,"column":16},"end":{"line":61,"column":null}},"24":{"start":{"line":62,"column":24},"end":{"line":62,"column":null}},"25":{"start":{"line":63,"column":18},"end":{"line":63,"column":null}},"26":{"start":{"line":64,"column":2},"end":{"line":73,"column":null}},"27":{"start":{"line":65,"column":4},"end":{"line":68,"column":null}},"28":{"start":{"line":66,"column":6},"end":{"line":66,"column":null}},"29":{"start":{"line":67,"column":6},"end":{"line":67,"column":null}},"30":{"start":{"line":69,"column":4},"end":{"line":72,"column":null}},"31":{"start":{"line":70,"column":16},"end":{"line":70,"column":null}},"32":{"start":{"line":71,"column":6},"end":{"line":71,"column":null}},"33":{"start":{"line":71,"column":13},"end":{"line":71,"column":null}},"34":{"start":{"line":74,"column":2},"end":{"line":74,"column":null}}},"fnMap":{"0":{"name":"checkAction","decl":{"start":{"line":14,"column":16},"end":{"line":14,"column":null}},"loc":{"start":{"line":19,"column":20},"end":{"line":50,"column":null}},"line":19},"1":{"name":"(anonymous_1)","decl":{"start":{"line":25,"column":32},"end":{"line":25,"column":null}},"loc":{"start":{"line":26,"column":11},"end":{"line":26,"column":null}},"line":26},"2":{"name":"allowedToolNames","decl":{"start":{"line":52,"column":9},"end":{"line":52,"column":26}},"loc":{"start":{"line":52,"column":53},"end":{"line":54,"column":null}},"line":52},"3":{"name":"(anonymous_3)","decl":{"start":{"line":53,"column":61},"end":{"line":53,"column":66}},"loc":{"start":{"line":53,"column":72},"end":{"line":53,"column":76}},"line":53},"4":{"name":"mustNotTouch","decl":{"start":{"line":59,"column":9},"end":{"line":59,"column":22}},"loc":{"start":{"line":59,"column":54},"end":{"line":75,"column":null}},"line":59}},"branchMap":{"0":{"loc":{"start":{"line":21,"column":2},"end":{"line":21,"column":null}},"type":"if","locations":[{"start":{"line":21,"column":2},"end":{"line":21,"column":null}},{"start":{},"end":{}}],"line":21},"1":{"loc":{"start":{"line":26,"column":11},"end":{"line":26,"column":null}},"type":"binary-expr","locations":[{"start":{"line":26,"column":11},"end":{"line":26,"column":30}},{"start":{"line":26,"column":30},"end":{"line":26,"column":null}}],"line":26},"2":{"loc":{"start":{"line":28,"column":2},"end":{"line":30,"column":null}},"type":"if","locations":[{"start":{"line":28,"column":2},"end":{"line":30,"column":null}},{"start":{},"end":{}}],"line":28},"3":{"loc":{"start":{"line":36,"column":2},"end":{"line":47,"column":null}},"type":"if","locations":[{"start":{"line":36,"column":2},"end":{"line":47,"column":null}},{"start":{},"end":{}}],"line":36},"4":{"loc":{"start":{"line":40,"column":6},"end":{"line":40,"column":null}},"type":"if","locations":[{"start":{"line":40,"column":6},"end":{"line":40,"column":null}},{"start":{},"end":{}}],"line":40},"5":{"loc":{"start":{"line":40,"column":10},"end":{"line":40,"column":30}},"type":"binary-expr","locations":[{"start":{"line":40,"column":10},"end":{"line":40,"column":16}},{"start":{"line":40,"column":16},"end":{"line":40,"column":30}}],"line":40},"6":{"loc":{"start":{"line":43,"column":6},"end":{"line":45,"column":null}},"type":"if","locations":[{"start":{"line":43,"column":6},"end":{"line":45,"column":null}},{"start":{},"end":{}}],"line":43},"7":{"loc":{"start":{"line":60,"column":2},"end":{"line":60,"column":null}},"type":"if","locations":[{"start":{"line":60,"column":2},"end":{"line":60,"column":null}},{"start":{},"end":{}}],"line":60},"8":{"loc":{"start":{"line":65,"column":4},"end":{"line":68,"column":null}},"type":"if","locations":[{"start":{"line":65,"column":4},"end":{"line":68,"column":null}},{"start":{},"end":{}}],"line":65},"9":{"loc":{"start":{"line":69,"column":4},"end":{"line":72,"column":null}},"type":"if","locations":[{"start":{"line":69,"column":4},"end":{"line":72,"column":null}},{"start":{},"end":{}}],"line":69},"10":{"loc":{"start":{"line":71,"column":6},"end":{"line":71,"column":null}},"type":"if","locations":[{"start":{"line":71,"column":6},"end":{"line":71,"column":null}},{"start":{},"end":{}}],"line":71}},"s":{"0":20,"1":0,"2":20,"3":20,"4":20,"5":20,"6":2,"7":18,"8":18,"9":10,"10":10,"11":11,"12":11,"13":1,"14":10,"15":10,"16":10,"17":5,"18":13,"19":20,"20":20,"21":18,"22":2,"23":16,"24":16,"25":16,"26":16,"27":34,"28":12,"29":12,"30":22,"31":14,"32":14,"33":12,"34":16},"f":{"0":20,"1":20,"2":20,"3":20,"4":18},"b":{"0":[0,20],"1":[20,19],"2":[2,18],"3":[10,8],"4":[1,10],"5":[11,11],"6":[5,5],"7":[2,16],"8":[12,22],"9":[14,8],"10":[12,2]},"meta":{"lastBranch":11,"lastFunction":5,"lastStatement":35,"seen":{"f:14:16:14:Infinity":0,"b:21:2:21:Infinity:undefined:undefined:undefined:undefined":0,"s:21:2:21:Infinity":0,"s:21:13:21:Infinity":1,"s:24:22:24:Infinity":2,"s:25:20:27:Infinity":3,"f:25:32:25:Infinity":1,"s:26:11:26:Infinity":4,"b:26:11:26:30:26:30:26:Infinity":1,"b:28:2:30:Infinity:undefined:undefined:undefined:undefined":2,"s:28:2:30:Infinity":5,"s:29:4:29:Infinity":6,"s:35:20:35:Infinity":7,"b:36:2:47:Infinity:undefined:undefined:undefined:undefined":3,"s:36:2:47:Infinity":8,"s:37:17:37:Infinity":9,"s:38:4:46:Infinity":10,"s:39:16:39:Infinity":11,"b:40:6:40:Infinity:undefined:undefined:undefined:undefined":4,"s:40:6:40:Infinity":12,"b:40:10:40:16:40:16:40:30":5,"s:40:30:40:Infinity":13,"s:41:22:41:Infinity":14,"s:42:17:42:Infinity":15,"b:43:6:45:Infinity:undefined:undefined:undefined:undefined":6,"s:43:6:45:Infinity":16,"s:44:8:44:Infinity":17,"s:49:2:49:Infinity":18,"f:52:9:52:26":2,"s:53:2:53:Infinity":19,"f:53:61:53:66":3,"s:53:72:53:76":20,"f:59:9:59:22":4,"b:60:2:60:Infinity:undefined:undefined:undefined:undefined":7,"s:60:2:60:Infinity":21,"s:60:21:60:Infinity":22,"s:61:16:61:Infinity":23,"s:62:24:62:Infinity":24,"s:63:18:63:Infinity":25,"s:64:2:73:Infinity":26,"b:65:4:68:Infinity:undefined:undefined:undefined:undefined":8,"s:65:4:68:Infinity":27,"s:66:6:66:Infinity":28,"s:67:6:67:Infinity":29,"b:69:4:72:Infinity:undefined:undefined:undefined:undefined":9,"s:69:4:72:Infinity":30,"s:70:16:70:Infinity":31,"b:71:6:71:Infinity:undefined:undefined:undefined:undefined":10,"s:71:6:71:Infinity":32,"s:71:13:71:Infinity":33,"s:74:2:74:Infinity":34},"fnNames":{}}}
,"/home/dan/ai-coworkers/src/runtime/budget.ts": {"path":"/home/dan/ai-coworkers/src/runtime/budget.ts","statementMap":{"0":{"start":{"line":8,"column":20},"end":{"line":8,"column":null}},"1":{"start":{"line":11,"column":12},"end":{"line":11,"column":null}},"2":{"start":{"line":12,"column":2},"end":{"line":12,"column":null}},"3":{"start":{"line":16,"column":12},"end":{"line":16,"column":null}},"4":{"start":{"line":17,"column":2},"end":{"line":17,"column":null}},"5":{"start":{"line":21,"column":12},"end":{"line":21,"column":null}},"6":{"start":{"line":22,"column":2},"end":{"line":22,"column":null}},"7":{"start":{"line":46,"column":21},"end":{"line":46,"column":null}},"8":{"start":{"line":47,"column":22},"end":{"line":49,"column":null}},"9":{"start":{"line":50,"column":20},"end":{"line":50,"column":null}},"10":{"start":{"line":52,"column":22},"end":{"line":52,"column":null}},"11":{"start":{"line":53,"column":25},"end":{"line":55,"column":null}},"12":{"start":{"line":57,"column":29},"end":{"line":57,"column":null}},"13":{"start":{"line":58,"column":24},"end":{"line":58,"column":null}},"14":{"start":{"line":60,"column":2},"end":{"line":70,"column":null}}},"fnMap":{"0":{"name":"extractCallCap","decl":{"start":{"line":10,"column":16},"end":{"line":10,"column":31}},"loc":{"start":{"line":10,"column":61},"end":{"line":13,"column":null}},"line":10},"1":{"name":"extractWindowCap","decl":{"start":{"line":15,"column":16},"end":{"line":15,"column":33}},"loc":{"start":{"line":15,"column":70},"end":{"line":18,"column":null}},"line":15},"2":{"name":"extractWindowMinutes","decl":{"start":{"line":20,"column":16},"end":{"line":20,"column":37}},"loc":{"start":{"line":20,"column":67},"end":{"line":23,"column":null}},"line":20},"3":{"name":"checkBudget","decl":{"start":{"line":39,"column":16},"end":{"line":39,"column":null}},"loc":{"start":{"line":45,"column":14},"end":{"line":71,"column":null}},"line":45}},"branchMap":{"0":{"loc":{"start":{"line":12,"column":9},"end":{"line":12,"column":null}},"type":"cond-expr","locations":[{"start":{"line":12,"column":13},"end":{"line":12,"column":28}},{"start":{"line":12,"column":28},"end":{"line":12,"column":null}}],"line":12},"1":{"loc":{"start":{"line":17,"column":9},"end":{"line":17,"column":null}},"type":"cond-expr","locations":[{"start":{"line":17,"column":13},"end":{"line":17,"column":28}},{"start":{"line":17,"column":28},"end":{"line":17,"column":null}}],"line":17},"2":{"loc":{"start":{"line":22,"column":9},"end":{"line":22,"column":null}},"type":"cond-expr","locations":[{"start":{"line":22,"column":13},"end":{"line":22,"column":33}},{"start":{"line":22,"column":33},"end":{"line":22,"column":null}}],"line":22},"3":{"loc":{"start":{"line":44,"column":2},"end":{"line":44,"column":null}},"type":"default-arg","locations":[{"start":{"line":44,"column":8},"end":{"line":44,"column":null}}],"line":44},"4":{"loc":{"start":{"line":57,"column":29},"end":{"line":57,"column":null}},"type":"binary-expr","locations":[{"start":{"line":57,"column":29},"end":{"line":57,"column":42}},{"start":{"line":57,"column":42},"end":{"line":57,"column":null}}],"line":57}},"s":{"0":4,"1":29,"2":29,"3":27,"4":27,"5":27,"6":27,"7":30,"8":30,"9":30,"10":30,"11":30,"12":30,"13":30,"14":30},"f":{"0":29,"1":27,"2":27,"3":30},"b":{"0":[25,4],"1":[1,26],"2":[1,26],"3":[30],"4":[30,29]},"meta":{"lastBranch":5,"lastFunction":4,"lastStatement":15,"seen":{"s:8:20:8:Infinity":0,"f:10:16:10:31":0,"s:11:12:11:Infinity":1,"s:12:2:12:Infinity":2,"b:12:13:12:28:12:28:12:Infinity":0,"f:15:16:15:33":1,"s:16:12:16:Infinity":3,"s:17:2:17:Infinity":4,"b:17:13:17:28:17:28:17:Infinity":1,"f:20:16:20:37":2,"s:21:12:21:Infinity":5,"s:22:2:22:Infinity":6,"b:22:13:22:33:22:33:22:Infinity":2,"f:39:16:39:Infinity":3,"b:44:8:44:Infinity":3,"s:46:21:46:Infinity":7,"s:47:22:49:Infinity":8,"s:50:20:50:Infinity":9,"s:52:22:52:Infinity":10,"s:53:25:55:Infinity":11,"s:57:29:57:Infinity":12,"b:57:29:57:42:57:42:57:Infinity":4,"s:58:24:58:Infinity":13,"s:60:2:70:Infinity":14},"fnNames":{}}}
,"/home/dan/ai-coworkers/src/runtime/circuit.ts": {"path":"/home/dan/ai-coworkers/src/runtime/circuit.ts","statementMap":{"0":{"start":{"line":6,"column":21},"end":{"line":6,"column":null}},"1":{"start":{"line":7,"column":28},"end":{"line":7,"column":null}},"2":{"start":{"line":11,"column":14},"end":{"line":11,"column":null}},"3":{"start":{"line":14,"column":12},"end":{"line":14,"column":null}},"4":{"start":{"line":15,"column":2},"end":{"line":15,"column":null}},"5":{"start":{"line":19,"column":2},"end":{"line":19,"column":null}},"6":{"start":{"line":23,"column":14},"end":{"line":23,"column":null}},"7":{"start":{"line":24,"column":2},"end":{"line":24,"column":null}},"8":{"start":{"line":25,"column":2},"end":{"line":29,"column":null}},"9":{"start":{"line":26,"column":4},"end":{"line":26,"column":null}},"10":{"start":{"line":27,"column":4},"end":{"line":27,"column":null}},"11":{"start":{"line":28,"column":4},"end":{"line":28,"column":null}},"12":{"start":{"line":30,"column":2},"end":{"line":30,"column":null}},"13":{"start":{"line":31,"column":2},"end":{"line":31,"column":null}},"14":{"start":{"line":35,"column":2},"end":{"line":35,"column":null}}},"fnMap":{"0":{"name":"shouldSkip","decl":{"start":{"line":13,"column":16},"end":{"line":13,"column":27}},"loc":{"start":{"line":13,"column":70},"end":{"line":16,"column":null}},"line":13},"1":{"name":"recordSuccess","decl":{"start":{"line":18,"column":16},"end":{"line":18,"column":30}},"loc":{"start":{"line":18,"column":52},"end":{"line":20,"column":null}},"line":18},"2":{"name":"recordError","decl":{"start":{"line":22,"column":16},"end":{"line":22,"column":28}},"loc":{"start":{"line":22,"column":143},"end":{"line":32,"column":null}},"line":22},"3":{"name":"_resetForTests","decl":{"start":{"line":34,"column":16},"end":{"line":34,"column":39}},"loc":{"start":{"line":34,"column":39},"end":{"line":36,"column":null}},"line":34}},"branchMap":{"0":{"loc":{"start":{"line":13,"column":43},"end":{"line":13,"column":70}},"type":"default-arg","locations":[{"start":{"line":13,"column":49},"end":{"line":13,"column":70}}],"line":13},"1":{"loc":{"start":{"line":15,"column":9},"end":{"line":15,"column":null}},"type":"binary-expr","locations":[{"start":{"line":15,"column":9},"end":{"line":15,"column":16}},{"start":{"line":15,"column":16},"end":{"line":15,"column":null}}],"line":15},"2":{"loc":{"start":{"line":22,"column":44},"end":{"line":22,"column":62}},"type":"default-arg","locations":[{"start":{"line":22,"column":50},"end":{"line":22,"column":62}}],"line":22},"3":{"loc":{"start":{"line":22,"column":62},"end":{"line":22,"column":83}},"type":"default-arg","locations":[{"start":{"line":22,"column":69},"end":{"line":22,"column":83}}],"line":22},"4":{"loc":{"start":{"line":22,"column":83},"end":{"line":22,"column":143}},"type":"default-arg","locations":[{"start":{"line":22,"column":96},"end":{"line":22,"column":143}}],"line":22},"5":{"loc":{"start":{"line":23,"column":14},"end":{"line":23,"column":null}},"type":"binary-expr","locations":[{"start":{"line":23,"column":14},"end":{"line":23,"column":35}},{"start":{"line":23,"column":35},"end":{"line":23,"column":null}}],"line":23},"6":{"loc":{"start":{"line":25,"column":2},"end":{"line":29,"column":null}},"type":"if","locations":[{"start":{"line":25,"column":2},"end":{"line":29,"column":null}},{"start":{},"end":{}}],"line":25}},"s":{"0":4,"1":4,"2":4,"3":16,"4":16,"5":11,"6":16,"7":16,"8":16,"9":2,"10":2,"11":2,"12":14,"13":14,"14":29},"f":{"0":16,"1":11,"2":16,"3":29},"b":{"0":[16],"1":[16,3],"2":[16],"3":[16],"4":[16],"5":[16,6],"6":[2,14]},"meta":{"lastBranch":7,"lastFunction":4,"lastStatement":15,"seen":{"s:6:21:6:Infinity":0,"s:7:28:7:Infinity":1,"s:11:14:11:Infinity":2,"f:13:16:13:27":0,"b:13:49:13:70":0,"s:14:12:14:Infinity":3,"s:15:2:15:Infinity":4,"b:15:9:15:16:15:16:15:Infinity":1,"f:18:16:18:30":1,"s:19:2:19:Infinity":5,"f:22:16:22:28":2,"b:22:50:22:62":2,"b:22:69:22:83":3,"b:22:96:22:143":4,"s:23:14:23:Infinity":6,"b:23:14:23:35:23:35:23:Infinity":5,"s:24:2:24:Infinity":7,"b:25:2:29:Infinity:undefined:undefined:undefined:undefined":6,"s:25:2:29:Infinity":8,"s:26:4:26:Infinity":9,"s:27:4:27:Infinity":10,"s:28:4:28:Infinity":11,"s:30:2:30:Infinity":12,"s:31:2:31:Infinity":13,"f:34:16:34:39":3,"s:35:2:35:Infinity":14},"fnNames":{}}}
,"/home/dan/ai-coworkers/src/runtime/compact.ts": {"path":"/home/dan/ai-coworkers/src/runtime/compact.ts","statementMap":{"0":{"start":{"line":9,"column":14},"end":{"line":9,"column":null}},"1":{"start":{"line":10,"column":18},"end":{"line":10,"column":null}},"2":{"start":{"line":17,"column":15},"end":{"line":17,"column":null}},"3":{"start":{"line":18,"column":2},"end":{"line":18,"column":null}},"4":{"start":{"line":18,"column":37},"end":{"line":18,"column":null}},"5":{"start":{"line":19,"column":14},"end":{"line":19,"column":null}},"6":{"start":{"line":20,"column":14},"end":{"line":20,"column":null}},"7":{"start":{"line":21,"column":2},"end":{"line":21,"column":null}},"8":{"start":{"line":21,"column":11},"end":{"line":21,"column":null}},"9":{"start":{"line":23,"column":2},"end":{"line":43,"column":null}},"10":{"start":{"line":24,"column":16},"end":{"line":32,"column":null}},"11":{"start":{"line":33,"column":20},"end":{"line":33,"column":null}},"12":{"start":{"line":34,"column":4},"end":{"line":37,"column":null}},"13":{"start":{"line":36,"column":6},"end":{"line":36,"column":null}},"14":{"start":{"line":36,"column":54},"end":{"line":36,"column":null}},"15":{"start":{"line":38,"column":4},"end":{"line":38,"column":null}},"16":{"start":{"line":39,"column":4},"end":{"line":39,"column":null}},"17":{"start":{"line":42,"column":4},"end":{"line":42,"column":null}}},"fnMap":{"0":{"name":"compactOutcome","decl":{"start":{"line":12,"column":22},"end":{"line":12,"column":null}},"loc":{"start":{"line":16,"column":19},"end":{"line":44,"column":null}},"line":16}},"branchMap":{"0":{"loc":{"start":{"line":15,"column":2},"end":{"line":15,"column":null}},"type":"default-arg","locations":[{"start":{"line":15,"column":19},"end":{"line":15,"column":null}}],"line":15},"1":{"loc":{"start":{"line":18,"column":2},"end":{"line":18,"column":null}},"type":"if","locations":[{"start":{"line":18,"column":2},"end":{"line":18,"column":null}},{"start":{},"end":{}}],"line":18},"2":{"loc":{"start":{"line":21,"column":2},"end":{"line":21,"column":null}},"type":"if","locations":[{"start":{"line":21,"column":2},"end":{"line":21,"column":null}},{"start":{},"end":{}}],"line":21},"3":{"loc":{"start":{"line":34,"column":4},"end":{"line":37,"column":null}},"type":"if","locations":[{"start":{"line":34,"column":4},"end":{"line":37,"column":null}},{"start":{},"end":{}}],"line":34}},"s":{"0":1,"1":1,"2":5,"3":5,"4":1,"5":4,"6":4,"7":4,"8":1,"9":3,"10":3,"11":2,"12":2,"13":0,"14":0,"15":2,"16":2,"17":1},"f":{"0":5},"b":{"0":[5],"1":[1,4],"2":[1,3],"3":[0,2]},"meta":{"lastBranch":4,"lastFunction":1,"lastStatement":18,"seen":{"s:9:14:9:Infinity":0,"s:10:18:10:Infinity":1,"f:12:22:12:Infinity":0,"b:15:19:15:Infinity":0,"s:17:15:17:Infinity":2,"b:18:2:18:Infinity:undefined:undefined:undefined:undefined":1,"s:18:2:18:Infinity":3,"s:18:37:18:Infinity":4,"s:19:14:19:Infinity":5,"s:20:14:20:Infinity":6,"b:21:2:21:Infinity:undefined:undefined:undefined:undefined":2,"s:21:2:21:Infinity":7,"s:21:11:21:Infinity":8,"s:23:2:43:Infinity":9,"s:24:16:32:Infinity":10,"s:33:20:33:Infinity":11,"b:34:4:37:Infinity:undefined:undefined:undefined:undefined":3,"s:34:4:37:Infinity":12,"s:36:6:36:Infinity":13,"s:36:54:36:Infinity":14,"s:38:4:38:Infinity":15,"s:39:4:39:Infinity":16,"s:42:4:42:Infinity":17},"fnNames":{}}}
,"/home/dan/ai-coworkers/src/runtime/config.ts": {"path":"/home/dan/ai-coworkers/src/runtime/config.ts","statementMap":{"0":{"start":{"line":6,"column":12},"end":{"line":6,"column":null}},"1":{"start":{"line":7,"column":2},"end":{"line":7,"column":null}},"2":{"start":{"line":10,"column":19},"end":{"line":50,"column":null}},"3":{"start":{"line":54,"column":33},"end":{"line":54,"column":null}},"4":{"start":{"line":59,"column":2},"end":{"line":59,"column":null}},"5":{"start":{"line":59,"column":23},"end":{"line":59,"column":null}},"6":{"start":{"line":60,"column":15},"end":{"line":60,"column":null}},"7":{"start":{"line":61,"column":2},"end":{"line":61,"column":null}}},"fnMap":{"0":{"name":"num","decl":{"start":{"line":5,"column":9},"end":{"line":5,"column":13}},"loc":{"start":{"line":5,"column":48},"end":{"line":8,"column":null}},"line":5},"1":{"name":"truncated","decl":{"start":{"line":58,"column":16},"end":{"line":58,"column":26}},"loc":{"start":{"line":58,"column":58},"end":{"line":62,"column":null}},"line":58}},"branchMap":{"0":{"loc":{"start":{"line":7,"column":9},"end":{"line":7,"column":null}},"type":"cond-expr","locations":[{"start":{"line":7,"column":27},"end":{"line":7,"column":33}},{"start":{"line":7,"column":33},"end":{"line":7,"column":null}}],"line":7},"1":{"loc":{"start":{"line":59,"column":2},"end":{"line":59,"column":null}},"type":"if","locations":[{"start":{"line":59,"column":2},"end":{"line":59,"column":null}},{"start":{},"end":{}}],"line":59}},"s":{"0":85,"1":85,"2":5,"3":5,"4":19,"5":17,"6":2,"7":2},"f":{"0":85,"1":19},"b":{"0":[85,0],"1":[17,2]},"meta":{"lastBranch":2,"lastFunction":2,"lastStatement":8,"seen":{"f:5:9:5:13":0,"s:6:12:6:Infinity":0,"s:7:2:7:Infinity":1,"b:7:27:7:33:7:33:7:Infinity":0,"s:10:19:50:Infinity":2,"s:54:33:54:Infinity":3,"f:58:16:58:26":1,"b:59:2:59:Infinity:undefined:undefined:undefined:undefined":1,"s:59:2:59:Infinity":4,"s:59:23:59:Infinity":5,"s:60:15:60:Infinity":6,"s:61:2:61:Infinity":7},"fnNames":{}}}
,"/home/dan/ai-coworkers/src/runtime/deliberate.ts": {"path":"/home/dan/ai-coworkers/src/runtime/deliberate.ts","statementMap":{"0":{"start":{"line":45,"column":22},"end":{"line":49,"column":null}},"1":{"start":{"line":45,"column":42},"end":{"line":49,"column":4}},"2":{"start":{"line":51,"column":18},"end":{"line":133,"column":null}},"3":{"start":{"line":99,"column":10},"end":{"line":99,"column":null}},"4":{"start":{"line":135,"column":14},"end":{"line":142,"column":null}},"5":{"start":{"line":144,"column":19},"end":{"line":144,"column":null}},"6":{"start":{"line":146,"column":2},"end":{"line":146,"column":null}},"7":{"start":{"line":147,"column":2},"end":{"line":147,"column":null}},"8":{"start":{"line":151,"column":15},"end":{"line":151,"column":null}},"9":{"start":{"line":154,"column":19},"end":{"line":158,"column":null}},"10":{"start":{"line":160,"column":2},"end":{"line":196,"column":null}},"11":{"start":{"line":161,"column":4},"end":{"line":195,"column":null}},"12":{"start":{"line":162,"column":18},"end":{"line":162,"column":null}},"13":{"start":{"line":163,"column":23},"end":{"line":163,"column":null}},"14":{"start":{"line":164,"column":20},"end":{"line":164,"column":null}},"15":{"start":{"line":165,"column":6},"end":{"line":165,"column":null}},"16":{"start":{"line":165,"column":33},"end":{"line":165,"column":null}},"17":{"start":{"line":167,"column":6},"end":{"line":176,"column":null}},"18":{"start":{"line":168,"column":8},"end":{"line":175,"column":null}},"19":{"start":{"line":180,"column":23},"end":{"line":182,"column":null}},"20":{"start":{"line":183,"column":6},"end":{"line":192,"column":null}},"21":{"start":{"line":184,"column":8},"end":{"line":191,"column":null}},"22":{"start":{"line":197,"column":2},"end":{"line":201,"column":null}},"23":{"start":{"line":205,"column":16},"end":{"line":205,"column":null}},"24":{"start":{"line":206,"column":2},"end":{"line":206,"column":null}},"25":{"start":{"line":206,"column":20},"end":{"line":206,"column":null}},"26":{"start":{"line":207,"column":14},"end":{"line":207,"column":null}},"27":{"start":{"line":208,"column":17},"end":{"line":208,"column":null}},"28":{"start":{"line":209,"column":15},"end":{"line":209,"column":null}},"29":{"start":{"line":210,"column":2},"end":{"line":224,"column":null}},"30":{"start":{"line":210,"column":15},"end":{"line":210,"column":22}},"31":{"start":{"line":211,"column":14},"end":{"line":211,"column":null}},"32":{"start":{"line":212,"column":4},"end":{"line":223,"column":null}},"33":{"start":{"line":213,"column":6},"end":{"line":215,"column":null}},"34":{"start":{"line":213,"column":18},"end":{"line":213,"column":null}},"35":{"start":{"line":214,"column":11},"end":{"line":215,"column":null}},"36":{"start":{"line":214,"column":27},"end":{"line":214,"column":null}},"37":{"start":{"line":215,"column":11},"end":{"line":215,"column":null}},"38":{"start":{"line":215,"column":26},"end":{"line":215,"column":null}},"39":{"start":{"line":217,"column":6},"end":{"line":222,"column":null}},"40":{"start":{"line":217,"column":21},"end":{"line":217,"column":null}},"41":{"start":{"line":218,"column":11},"end":{"line":222,"column":null}},"42":{"start":{"line":218,"column":26},"end":{"line":218,"column":null}},"43":{"start":{"line":219,"column":11},"end":{"line":222,"column":null}},"44":{"start":{"line":220,"column":8},"end":{"line":220,"column":null}},"45":{"start":{"line":221,"column":8},"end":{"line":221,"column":null}},"46":{"start":{"line":221,"column":25},"end":{"line":221,"column":null}},"47":{"start":{"line":225,"column":2},"end":{"line":225,"column":null}}},"fnMap":{"0":{"name":"deliberate","decl":{"start":{"line":38,"column":22},"end":{"line":38,"column":null}},"loc":{"start":{"line":44,"column":21},"end":{"line":148,"column":null}},"line":44},"1":{"name":"(anonymous_1)","decl":{"start":{"line":45,"column":30},"end":{"line":45,"column":35}},"loc":{"start":{"line":45,"column":42},"end":{"line":49,"column":4}},"line":45},"2":{"name":"(anonymous_2)","decl":{"start":{"line":95,"column":19},"end":{"line":95,"column":24}},"loc":{"start":{"line":99,"column":10},"end":{"line":99,"column":null}},"line":99},"3":{"name":"parseDecision","decl":{"start":{"line":150,"column":16},"end":{"line":150,"column":30}},"loc":{"start":{"line":150,"column":78},"end":{"line":202,"column":null}},"line":150},"4":{"name":"extractFirstJsonObject","decl":{"start":{"line":204,"column":9},"end":{"line":204,"column":32}},"loc":{"start":{"line":204,"column":58},"end":{"line":226,"column":null}},"line":204}},"branchMap":{"0":{"loc":{"start":{"line":43,"column":2},"end":{"line":43,"column":null}},"type":"default-arg","locations":[{"start":{"line":43,"column":28},"end":{"line":43,"column":null}}],"line":43},"1":{"loc":{"start":{"line":59,"column":34},"end":{"line":59,"column":null}},"type":"binary-expr","locations":[{"start":{"line":59,"column":34},"end":{"line":59,"column":77}},{"start":{"line":59,"column":77},"end":{"line":59,"column":null}}],"line":59},"2":{"loc":{"start":{"line":60,"column":41},"end":{"line":60,"column":null}},"type":"binary-expr","locations":[{"start":{"line":60,"column":41},"end":{"line":60,"column":94}},{"start":{"line":60,"column":94},"end":{"line":60,"column":null}}],"line":60},"3":{"loc":{"start":{"line":63,"column":21},"end":{"line":63,"column":68}},"type":"binary-expr","locations":[{"start":{"line":63,"column":21},"end":{"line":63,"column":64}},{"start":{"line":63,"column":64},"end":{"line":63,"column":68}}],"line":63},"4":{"loc":{"start":{"line":63,"column":83},"end":{"line":63,"column":128}},"type":"binary-expr","locations":[{"start":{"line":63,"column":83},"end":{"line":63,"column":126}},{"start":{"line":63,"column":126},"end":{"line":63,"column":128}}],"line":63},"5":{"loc":{"start":{"line":63,"column":134},"end":{"line":63,"column":177}},"type":"binary-expr","locations":[{"start":{"line":63,"column":134},"end":{"line":63,"column":173}},{"start":{"line":63,"column":173},"end":{"line":63,"column":177}}],"line":63},"6":{"loc":{"start":{"line":63,"column":182},"end":{"line":63,"column":227}},"type":"binary-expr","locations":[{"start":{"line":63,"column":182},"end":{"line":63,"column":225}},{"start":{"line":63,"column":225},"end":{"line":63,"column":227}}],"line":63},"7":{"loc":{"start":{"line":66,"column":4},"end":{"line":66,"column":null}},"type":"binary-expr","locations":[{"start":{"line":66,"column":4},"end":{"line":66,"column":32}},{"start":{"line":66,"column":32},"end":{"line":66,"column":null}}],"line":66},"8":{"loc":{"start":{"line":72,"column":4},"end":{"line":72,"column":null}},"type":"binary-expr","locations":[{"start":{"line":72,"column":4},"end":{"line":72,"column":33}},{"start":{"line":72,"column":33},"end":{"line":72,"column":null}}],"line":72},"9":{"loc":{"start":{"line":86,"column":4},"end":{"line":88,"column":null}},"type":"cond-expr","locations":[{"start":{"line":87,"column":8},"end":{"line":87,"column":null}},{"start":{"line":88,"column":8},"end":{"line":88,"column":null}}],"line":86},"10":{"loc":{"start":{"line":89,"column":4},"end":{"line":89,"column":null}},"type":"cond-expr","locations":[{"start":{"line":89,"column":29},"end":{"line":89,"column":34}},{"start":{"line":89,"column":34},"end":{"line":89,"column":null}}],"line":89},"11":{"loc":{"start":{"line":91,"column":4},"end":{"line":91,"column":null}},"type":"binary-expr","locations":[{"start":{"line":91,"column":4},"end":{"line":91,"column":33}},{"start":{"line":91,"column":33},"end":{"line":91,"column":null}}],"line":91},"12":{"loc":{"start":{"line":93,"column":4},"end":{"line":93,"column":null}},"type":"cond-expr","locations":[{"start":{"line":93,"column":24},"end":{"line":93,"column":92}},{"start":{"line":93,"column":92},"end":{"line":93,"column":null}}],"line":93},"13":{"loc":{"start":{"line":94,"column":4},"end":{"line":101,"column":null}},"type":"cond-expr","locations":[{"start":{"line":95,"column":8},"end":{"line":100,"column":null}},{"start":{"line":101,"column":8},"end":{"line":101,"column":null}}],"line":94},"14":{"loc":{"start":{"line":102,"column":4},"end":{"line":102,"column":null}},"type":"cond-expr","locations":[{"start":{"line":102,"column":24},"end":{"line":102,"column":29}},{"start":{"line":102,"column":29},"end":{"line":102,"column":null}}],"line":102},"15":{"loc":{"start":{"line":112,"column":4},"end":{"line":114,"column":null}},"type":"cond-expr","locations":[{"start":{"line":113,"column":8},"end":{"line":113,"column":null}},{"start":{"line":114,"column":8},"end":{"line":114,"column":null}}],"line":112},"16":{"loc":{"start":{"line":163,"column":23},"end":{"line":163,"column":null}},"type":"cond-expr","locations":[{"start":{"line":163,"column":58},"end":{"line":163,"column":73}},{"start":{"line":163,"column":73},"end":{"line":163,"column":null}}],"line":163},"17":{"loc":{"start":{"line":164,"column":20},"end":{"line":164,"column":null}},"type":"cond-expr","locations":[{"start":{"line":164,"column":80},"end":{"line":164,"column":99}},{"start":{"line":164,"column":99},"end":{"line":164,"column":null}}],"line":164},"18":{"loc":{"start":{"line":165,"column":6},"end":{"line":165,"column":null}},"type":"if","locations":[{"start":{"line":165,"column":6},"end":{"line":165,"column":null}},{"start":{},"end":{}}],"line":165},"19":{"loc":{"start":{"line":165,"column":73},"end":{"line":165,"column":89}},"type":"binary-expr","locations":[{"start":{"line":165,"column":73},"end":{"line":165,"column":87}},{"start":{"line":165,"column":87},"end":{"line":165,"column":89}}],"line":165},"20":{"loc":{"start":{"line":167,"column":6},"end":{"line":176,"column":null}},"type":"if","locations":[{"start":{"line":167,"column":6},"end":{"line":176,"column":null}},{"start":{},"end":{}}],"line":167},"21":{"loc":{"start":{"line":167,"column":10},"end":{"line":167,"column":45}},"type":"binary-expr","locations":[{"start":{"line":167,"column":10},"end":{"line":167,"column":35}},{"start":{"line":167,"column":35},"end":{"line":167,"column":45}}],"line":167},"22":{"loc":{"start":{"line":171,"column":17},"end":{"line":171,"column":null}},"type":"binary-expr","locations":[{"start":{"line":171,"column":17},"end":{"line":171,"column":30}},{"start":{"line":171,"column":30},"end":{"line":171,"column":null}}],"line":171},"23":{"loc":{"start":{"line":172,"column":25},"end":{"line":172,"column":41}},"type":"binary-expr","locations":[{"start":{"line":172,"column":25},"end":{"line":172,"column":39}},{"start":{"line":172,"column":39},"end":{"line":172,"column":41}}],"line":172},"24":{"loc":{"start":{"line":180,"column":23},"end":{"line":182,"column":null}},"type":"cond-expr","locations":[{"start":{"line":180,"column":54},"end":{"line":180,"column":null}},{"start":{"line":181,"column":11},"end":{"line":182,"column":null}}],"line":180},"25":{"loc":{"start":{"line":181,"column":11},"end":{"line":182,"column":null}},"type":"cond-expr","locations":[{"start":{"line":181,"column":98},"end":{"line":181,"column":null}},{"start":{"line":182,"column":10},"end":{"line":182,"column":null}}],"line":181},"26":{"loc":{"start":{"line":181,"column":11},"end":{"line":181,"column":98}},"type":"binary-expr","locations":[{"start":{"line":181,"column":11},"end":{"line":181,"column":45}},{"start":{"line":181,"column":45},"end":{"line":181,"column":70}},{"start":{"line":181,"column":70},"end":{"line":181,"column":98}}],"line":181},"27":{"loc":{"start":{"line":183,"column":6},"end":{"line":192,"column":null}},"type":"if","locations":[{"start":{"line":183,"column":6},"end":{"line":192,"column":null}},{"start":{},"end":{}}],"line":183},"28":{"loc":{"start":{"line":187,"column":17},"end":{"line":187,"column":null}},"type":"binary-expr","locations":[{"start":{"line":187,"column":17},"end":{"line":187,"column":30}},{"start":{"line":187,"column":30},"end":{"line":187,"column":47}},{"start":{"line":187,"column":47},"end":{"line":187,"column":59}},{"start":{"line":187,"column":59},"end":{"line":187,"column":null}}],"line":187},"29":{"loc":{"start":{"line":188,"column":25},"end":{"line":188,"column":41}},"type":"binary-expr","locations":[{"start":{"line":188,"column":25},"end":{"line":188,"column":39}},{"start":{"line":188,"column":39},"end":{"line":188,"column":41}}],"line":188},"30":{"loc":{"start":{"line":206,"column":2},"end":{"line":206,"column":null}},"type":"if","locations":[{"start":{"line":206,"column":2},"end":{"line":206,"column":null}},{"start":{},"end":{}}],"line":206},"31":{"loc":{"start":{"line":212,"column":4},"end":{"line":223,"column":null}},"type":"if","locations":[{"start":{"line":212,"column":4},"end":{"line":223,"column":null}},{"start":{"line":216,"column":11},"end":{"line":223,"column":null}}],"line":212},"32":{"loc":{"start":{"line":213,"column":6},"end":{"line":215,"column":null}},"type":"if","locations":[{"start":{"line":213,"column":6},"end":{"line":215,"column":null}},{"start":{"line":214,"column":11},"end":{"line":215,"column":null}}],"line":213},"33":{"loc":{"start":{"line":214,"column":11},"end":{"line":215,"column":null}},"type":"if","locations":[{"start":{"line":214,"column":11},"end":{"line":215,"column":null}},{"start":{"line":215,"column":11},"end":{"line":215,"column":null}}],"line":214},"34":{"loc":{"start":{"line":215,"column":11},"end":{"line":215,"column":null}},"type":"if","locations":[{"start":{"line":215,"column":11},"end":{"line":215,"column":null}},{"start":{},"end":{}}],"line":215},"35":{"loc":{"start":{"line":217,"column":6},"end":{"line":222,"column":null}},"type":"if","locations":[{"start":{"line":217,"column":6},"end":{"line":222,"column":null}},{"start":{"line":218,"column":11},"end":{"line":222,"column":null}}],"line":217},"36":{"loc":{"start":{"line":218,"column":11},"end":{"line":222,"column":null}},"type":"if","locations":[{"start":{"line":218,"column":11},"end":{"line":222,"column":null}},{"start":{"line":219,"column":11},"end":{"line":222,"column":null}}],"line":218},"37":{"loc":{"start":{"line":219,"column":11},"end":{"line":222,"column":null}},"type":"if","locations":[{"start":{"line":219,"column":11},"end":{"line":222,"column":null}},{"start":{},"end":{}}],"line":219},"38":{"loc":{"start":{"line":221,"column":8},"end":{"line":221,"column":null}},"type":"if","locations":[{"start":{"line":221,"column":8},"end":{"line":221,"column":null}},{"start":{},"end":{}}],"line":221}},"s":{"0":30,"1":15,"2":30,"3":8,"4":30,"5":29,"6":29,"7":29,"8":37,"9":37,"10":37,"11":41,"12":41,"13":41,"14":41,"15":41,"16":20,"17":16,"18":14,"19":2,"20":41,"21":2,"22":1,"23":37,"24":37,"25":1,"26":36,"27":36,"28":36,"29":36,"30":36,"31":1810,"32":1810,"33":1298,"34":0,"35":1298,"36":0,"37":1298,"38":212,"39":512,"40":212,"41":300,"42":53,"43":247,"44":53,"45":53,"46":36,"47":0},"f":{"0":30,"1":15,"2":8,"3":37,"4":37},"b":{"0":[30],"1":[30,30],"2":[30,0],"3":[30,30],"4":[30,30],"5":[30,30],"6":[30,30],"7":[30,26],"8":[30,30],"9":[1,29],"10":[1,29],"11":[30,30],"12":[7,23],"13":[7,23],"14":[7,23],"15":[7,23],"16":[0,36],"17":[1,35],"18":[20,21],"19":[20,0],"20":[14,2],"21":[16,14],"22":[14,0],"23":[14,0],"24":[1,1],"25":[1,0],"26":[1,1,1],"27":[2,39],"28":[2,1,0,0],"29":[2,0],"30":[1,36],"31":[1298,512],"32":[0,1298],"33":[0,1298],"34":[212,1086],"35":[212,300],"36":[53,247],"37":[53,194],"38":[36,17]},"meta":{"lastBranch":39,"lastFunction":5,"lastStatement":48,"seen":{"f:38:22:38:Infinity":0,"b:43:28:43:Infinity":0,"s:45:22:49:Infinity":0,"f:45:30:45:35":1,"s:45:42:49:4":1,"s:51:18:133:Infinity":2,"b:59:34:59:77:59:77:59:Infinity":1,"b:60:41:60:94:60:94:60:Infinity":2,"b:63:21:63:64:63:64:63:68":3,"b:63:83:63:126:63:126:63:128":4,"b:63:134:63:173:63:173:63:177":5,"b:63:182:63:225:63:225:63:227":6,"b:66:4:66:32:66:32:66:Infinity":7,"b:72:4:72:33:72:33:72:Infinity":8,"b:87:8:87:Infinity:88:8:88:Infinity":9,"b:89:29:89:34:89:34:89:Infinity":10,"b:91:4:91:33:91:33:91:Infinity":11,"b:93:24:93:92:93:92:93:Infinity":12,"b:95:8:100:Infinity:101:8:101:Infinity":13,"f:95:19:95:24":2,"s:99:10:99:Infinity":3,"b:102:24:102:29:102:29:102:Infinity":14,"b:113:8:113:Infinity:114:8:114:Infinity":15,"s:135:14:142:Infinity":4,"s:144:19:144:Infinity":5,"s:146:2:146:Infinity":6,"s:147:2:147:Infinity":7,"f:150:16:150:30":3,"s:151:15:151:Infinity":8,"s:154:19:158:Infinity":9,"s:160:2:196:Infinity":10,"s:161:4:195:Infinity":11,"s:162:18:162:Infinity":12,"s:163:23:163:Infinity":13,"b:163:58:163:73:163:73:163:Infinity":16,"s:164:20:164:Infinity":14,"b:164:80:164:99:164:99:164:Infinity":17,"b:165:6:165:Infinity:undefined:undefined:undefined:undefined":18,"s:165:6:165:Infinity":15,"s:165:33:165:Infinity":16,"b:165:73:165:87:165:87:165:89":19,"b:167:6:176:Infinity:undefined:undefined:undefined:undefined":20,"s:167:6:176:Infinity":17,"b:167:10:167:35:167:35:167:45":21,"s:168:8:175:Infinity":18,"b:171:17:171:30:171:30:171:Infinity":22,"b:172:25:172:39:172:39:172:41":23,"s:180:23:182:Infinity":19,"b:180:54:180:Infinity:181:11:182:Infinity":24,"b:181:98:181:Infinity:182:10:182:Infinity":25,"b:181:11:181:45:181:45:181:70:181:70:181:98":26,"b:183:6:192:Infinity:undefined:undefined:undefined:undefined":27,"s:183:6:192:Infinity":20,"s:184:8:191:Infinity":21,"b:187:17:187:30:187:30:187:47:187:47:187:59:187:59:187:Infinity":28,"b:188:25:188:39:188:39:188:41":29,"s:197:2:201:Infinity":22,"f:204:9:204:32":4,"s:205:16:205:Infinity":23,"b:206:2:206:Infinity:undefined:undefined:undefined:undefined":30,"s:206:2:206:Infinity":24,"s:206:20:206:Infinity":25,"s:207:14:207:Infinity":26,"s:208:17:208:Infinity":27,"s:209:15:209:Infinity":28,"s:210:2:224:Infinity":29,"s:210:15:210:22":30,"s:211:14:211:Infinity":31,"b:212:4:223:Infinity:216:11:223:Infinity":31,"s:212:4:223:Infinity":32,"b:213:6:215:Infinity:214:11:215:Infinity":32,"s:213:6:215:Infinity":33,"s:213:18:213:Infinity":34,"b:214:11:215:Infinity:215:11:215:Infinity":33,"s:214:11:215:Infinity":35,"s:214:27:214:Infinity":36,"b:215:11:215:Infinity:undefined:undefined:undefined:undefined":34,"s:215:11:215:Infinity":37,"s:215:26:215:Infinity":38,"b:217:6:222:Infinity:218:11:222:Infinity":35,"s:217:6:222:Infinity":39,"s:217:21:217:Infinity":40,"b:218:11:222:Infinity:219:11:222:Infinity":36,"s:218:11:222:Infinity":41,"s:218:26:218:Infinity":42,"b:219:11:222:Infinity:undefined:undefined:undefined:undefined":37,"s:219:11:222:Infinity":43,"s:220:8:220:Infinity":44,"b:221:8:221:Infinity:undefined:undefined:undefined:undefined":38,"s:221:8:221:Infinity":45,"s:221:25:221:Infinity":46,"s:225:2:225:Infinity":47},"fnNames":{}}}
,"/home/dan/ai-coworkers/src/runtime/entities.ts": {"path":"/home/dan/ai-coworkers/src/runtime/entities.ts","statementMap":{"0":{"start":{"line":16,"column":21},"end":{"line":16,"column":null}},"1":{"start":{"line":30,"column":12},"end":{"line":30,"column":null}},"2":{"start":{"line":33,"column":20},"end":{"line":33,"column":null}},"3":{"start":{"line":34,"column":22},"end":{"line":34,"column":null}},"4":{"start":{"line":35,"column":2},"end":{"line":35,"column":null}},"5":{"start":{"line":36,"column":2},"end":{"line":36,"column":null}},"6":{"start":{"line":38,"column":8},"end":{"line":41,"column":null}},"7":{"start":{"line":39,"column":4},"end":{"line":41,"column":null}},"8":{"start":{"line":40,"column":21},"end":{"line":40,"column":38}},"9":{"start":{"line":41,"column":18},"end":{"line":41,"column":36}},"10":{"start":{"line":43,"column":8},"end":{"line":47,"column":null}},"11":{"start":{"line":44,"column":4},"end":{"line":44,"column":null}},"12":{"start":{"line":44,"column":33},"end":{"line":44,"column":null}},"13":{"start":{"line":45,"column":14},"end":{"line":45,"column":null}},"14":{"start":{"line":46,"column":4},"end":{"line":46,"column":null}},"15":{"start":{"line":49,"column":8},"end":{"line":58,"column":null}},"16":{"start":{"line":50,"column":4},"end":{"line":50,"column":null}},"17":{"start":{"line":50,"column":33},"end":{"line":50,"column":null}},"18":{"start":{"line":51,"column":4},"end":{"line":51,"column":null}},"19":{"start":{"line":51,"column":27},"end":{"line":51,"column":null}},"20":{"start":{"line":52,"column":14},"end":{"line":52,"column":null}},"21":{"start":{"line":53,"column":4},"end":{"line":53,"column":null}},"22":{"start":{"line":53,"column":22},"end":{"line":53,"column":null}},"23":{"start":{"line":54,"column":14},"end":{"line":54,"column":null}},"24":{"start":{"line":55,"column":4},"end":{"line":55,"column":null}},"25":{"start":{"line":56,"column":4},"end":{"line":56,"column":null}},"26":{"start":{"line":57,"column":4},"end":{"line":57,"column":null}},"27":{"start":{"line":60,"column":2},"end":{"line":85,"column":null}},"28":{"start":{"line":61,"column":18},"end":{"line":61,"column":null}},"29":{"start":{"line":62,"column":20},"end":{"line":62,"column":null}},"30":{"start":{"line":63,"column":23},"end":{"line":63,"column":null}},"31":{"start":{"line":64,"column":24},"end":{"line":64,"column":null}},"32":{"start":{"line":65,"column":36},"end":{"line":65,"column":null}},"33":{"start":{"line":66,"column":37},"end":{"line":66,"column":null}},"34":{"start":{"line":72,"column":31},"end":{"line":72,"column":null}},"35":{"start":{"line":73,"column":6},"end":{"line":79,"column":null}},"36":{"start":{"line":74,"column":21},"end":{"line":74,"column":null}},"37":{"start":{"line":75,"column":27},"end":{"line":75,"column":null}},"38":{"start":{"line":76,"column":8},"end":{"line":78,"column":null}},"39":{"start":{"line":76,"column":40},"end":{"line":76,"column":61}},"40":{"start":{"line":77,"column":10},"end":{"line":77,"column":null}},"41":{"start":{"line":80,"column":23},"end":{"line":82,"column":null}},"42":{"start":{"line":81,"column":15},"end":{"line":81,"column":null}},"43":{"start":{"line":83,"column":6},"end":{"line":83,"column":null}},"44":{"start":{"line":91,"column":12},"end":{"line":91,"column":null}},"45":{"start":{"line":92,"column":2},"end":{"line":92,"column":null}},"46":{"start":{"line":92,"column":10},"end":{"line":92,"column":null}},"47":{"start":{"line":93,"column":2},"end":{"line":96,"column":null}},"48":{"start":{"line":95,"column":16},"end":{"line":95,"column":52}}},"fnMap":{"0":{"name":"openEntities","decl":{"start":{"line":32,"column":16},"end":{"line":32,"column":29}},"loc":{"start":{"line":32,"column":56},"end":{"line":86,"column":null}},"line":32},"1":{"name":"(anonymous_1)","decl":{"start":{"line":38,"column":8},"end":{"line":38,"column":16}},"loc":{"start":{"line":39,"column":4},"end":{"line":41,"column":null}},"line":39},"2":{"name":"(anonymous_2)","decl":{"start":{"line":40,"column":7},"end":{"line":40,"column":15}},"loc":{"start":{"line":40,"column":21},"end":{"line":40,"column":38}},"line":40},"3":{"name":"(anonymous_3)","decl":{"start":{"line":41,"column":7},"end":{"line":41,"column":12}},"loc":{"start":{"line":41,"column":18},"end":{"line":41,"column":36}},"line":41},"4":{"name":"(anonymous_4)","decl":{"start":{"line":43,"column":8},"end":{"line":43,"column":16}},"loc":{"start":{"line":43,"column":53},"end":{"line":47,"column":null}},"line":43},"5":{"name":"(anonymous_5)","decl":{"start":{"line":49,"column":8},"end":{"line":49,"column":18}},"loc":{"start":{"line":49,"column":77},"end":{"line":58,"column":null}},"line":49},"6":{"name":"(anonymous_6)","decl":{"start":{"line":61,"column":4},"end":{"line":61,"column":18}},"loc":{"start":{"line":61,"column":18},"end":{"line":61,"column":null}},"line":61},"7":{"name":"(anonymous_7)","decl":{"start":{"line":62,"column":4},"end":{"line":62,"column":20}},"loc":{"start":{"line":62,"column":20},"end":{"line":62,"column":null}},"line":62},"8":{"name":"(anonymous_8)","decl":{"start":{"line":63,"column":4},"end":{"line":63,"column":17}},"loc":{"start":{"line":63,"column":23},"end":{"line":63,"column":null}},"line":63},"9":{"name":"(anonymous_9)","decl":{"start":{"line":64,"column":4},"end":{"line":64,"column":18}},"loc":{"start":{"line":64,"column":24},"end":{"line":64,"column":null}},"line":64},"10":{"name":"(anonymous_10)","decl":{"start":{"line":65,"column":4},"end":{"line":65,"column":19}},"loc":{"start":{"line":65,"column":36},"end":{"line":65,"column":null}},"line":65},"11":{"name":"(anonymous_11)","decl":{"start":{"line":66,"column":4},"end":{"line":66,"column":20}},"loc":{"start":{"line":66,"column":37},"end":{"line":66,"column":null}},"line":66},"12":{"name":"detect","decl":{"start":{"line":67,"column":4},"end":{"line":67,"column":11}},"loc":{"start":{"line":67,"column":17},"end":{"line":84,"column":null}},"line":67},"13":{"name":"(anonymous_13)","decl":{"start":{"line":76,"column":28},"end":{"line":76,"column":34}},"loc":{"start":{"line":76,"column":40},"end":{"line":76,"column":61}},"line":76},"14":{"name":"(anonymous_14)","decl":{"start":{"line":80,"column":41},"end":{"line":80,"column":null}},"loc":{"start":{"line":81,"column":15},"end":{"line":81,"column":null}},"line":81},"15":{"name":"extractAliases","decl":{"start":{"line":90,"column":9},"end":{"line":90,"column":24}},"loc":{"start":{"line":90,"column":48},"end":{"line":97,"column":null}},"line":90},"16":{"name":"(anonymous_16)","decl":{"start":{"line":95,"column":5},"end":{"line":95,"column":10}},"loc":{"start":{"line":95,"column":16},"end":{"line":95,"column":52}},"line":95}},"branchMap":{"0":{"loc":{"start":{"line":44,"column":4},"end":{"line":44,"column":null}},"type":"if","locations":[{"start":{"line":44,"column":4},"end":{"line":44,"column":null}},{"start":{},"end":{}}],"line":44},"1":{"loc":{"start":{"line":46,"column":11},"end":{"line":46,"column":null}},"type":"cond-expr","locations":[{"start":{"line":46,"column":27},"end":{"line":46,"column":53}},{"start":{"line":46,"column":53},"end":{"line":46,"column":null}}],"line":46},"2":{"loc":{"start":{"line":50,"column":4},"end":{"line":50,"column":null}},"type":"if","locations":[{"start":{"line":50,"column":4},"end":{"line":50,"column":null}},{"start":{},"end":{}}],"line":50},"3":{"loc":{"start":{"line":51,"column":4},"end":{"line":51,"column":null}},"type":"if","locations":[{"start":{"line":51,"column":4},"end":{"line":51,"column":null}},{"start":{},"end":{}}],"line":51},"4":{"loc":{"start":{"line":53,"column":4},"end":{"line":53,"column":null}},"type":"if","locations":[{"start":{"line":53,"column":4},"end":{"line":53,"column":null}},{"start":{},"end":{}}],"line":53},"5":{"loc":{"start":{"line":76,"column":8},"end":{"line":78,"column":null}},"type":"if","locations":[{"start":{"line":76,"column":8},"end":{"line":78,"column":null}},{"start":{},"end":{}}],"line":76},"6":{"loc":{"start":{"line":76,"column":40},"end":{"line":76,"column":61}},"type":"binary-expr","locations":[{"start":{"line":76,"column":40},"end":{"line":76,"column":45}},{"start":{"line":76,"column":45},"end":{"line":76,"column":61}}],"line":76},"7":{"loc":{"start":{"line":92,"column":2},"end":{"line":92,"column":null}},"type":"if","locations":[{"start":{"line":92,"column":2},"end":{"line":92,"column":null}},{"start":{},"end":{}}],"line":92}},"s":{"0":6,"1":6,"2":38,"3":38,"4":38,"5":38,"6":38,"7":61,"8":10,"9":10,"10":38,"11":10,"12":0,"13":10,"14":10,"15":38,"16":15,"17":1,"18":14,"19":0,"20":14,"21":14,"22":2,"23":12,"24":12,"25":12,"26":12,"27":38,"28":2,"29":1,"30":3,"31":0,"32":11,"33":4,"34":29,"35":29,"36":7,"37":7,"38":7,"39":8,"40":6,"41":29,"42":2,"43":29,"44":7,"45":7,"46":3,"47":4,"48":5},"f":{"0":38,"1":61,"2":10,"3":10,"4":10,"5":15,"6":2,"7":1,"8":3,"9":0,"10":11,"11":4,"12":29,"13":8,"14":2,"15":7,"16":5},"b":{"0":[0,10],"1":[10,0],"2":[1,14],"3":[0,14],"4":[2,12],"5":[6,1],"6":[8,8],"7":[3,4]},"meta":{"lastBranch":8,"lastFunction":17,"lastStatement":49,"seen":{"s:16:21:16:Infinity":0,"s:30:12:30:Infinity":1,"f:32:16:32:29":0,"s:33:20:33:Infinity":2,"s:34:22:34:Infinity":3,"s:35:2:35:Infinity":4,"s:36:2:36:Infinity":5,"s:38:8:41:Infinity":6,"f:38:8:38:16":1,"s:39:4:41:Infinity":7,"f:40:7:40:15":2,"s:40:21:40:38":8,"f:41:7:41:12":3,"s:41:18:41:36":9,"s:43:8:47:Infinity":10,"f:43:8:43:16":4,"b:44:4:44:Infinity:undefined:undefined:undefined:undefined":0,"s:44:4:44:Infinity":11,"s:44:33:44:Infinity":12,"s:45:14:45:Infinity":13,"s:46:4:46:Infinity":14,"b:46:27:46:53:46:53:46:Infinity":1,"s:49:8:58:Infinity":15,"f:49:8:49:18":5,"b:50:4:50:Infinity:undefined:undefined:undefined:undefined":2,"s:50:4:50:Infinity":16,"s:50:33:50:Infinity":17,"b:51:4:51:Infinity:undefined:undefined:undefined:undefined":3,"s:51:4:51:Infinity":18,"s:51:27:51:Infinity":19,"s:52:14:52:Infinity":20,"b:53:4:53:Infinity:undefined:undefined:undefined:undefined":4,"s:53:4:53:Infinity":21,"s:53:22:53:Infinity":22,"s:54:14:54:Infinity":23,"s:55:4:55:Infinity":24,"s:56:4:56:Infinity":25,"s:57:4:57:Infinity":26,"s:60:2:85:Infinity":27,"f:61:4:61:18":6,"s:61:18:61:Infinity":28,"f:62:4:62:20":7,"s:62:20:62:Infinity":29,"f:63:4:63:17":8,"s:63:23:63:Infinity":30,"f:64:4:64:18":9,"s:64:24:64:Infinity":31,"f:65:4:65:19":10,"s:65:36:65:Infinity":32,"f:66:4:66:20":11,"s:66:37:66:Infinity":33,"f:67:4:67:11":12,"s:72:31:72:Infinity":34,"s:73:6:79:Infinity":35,"s:74:21:74:Infinity":36,"s:75:27:75:Infinity":37,"b:76:8:78:Infinity:undefined:undefined:undefined:undefined":5,"s:76:8:78:Infinity":38,"f:76:28:76:34":13,"s:76:40:76:61":39,"b:76:40:76:45:76:45:76:61":6,"s:77:10:77:Infinity":40,"s:80:23:82:Infinity":41,"f:80:41:80:Infinity":14,"s:81:15:81:Infinity":42,"s:83:6:83:Infinity":43,"f:90:9:90:24":15,"s:91:12:91:Infinity":44,"b:92:2:92:Infinity:undefined:undefined:undefined:undefined":7,"s:92:2:92:Infinity":45,"s:92:10:92:Infinity":46,"s:93:2:96:Infinity":47,"f:95:5:95:10":16,"s:95:16:95:52":48},"fnNames":{}}}
,"/home/dan/ai-coworkers/src/runtime/episodic.ts": {"path":"/home/dan/ai-coworkers/src/runtime/episodic.ts","statementMap":{"0":{"start":{"line":21,"column":2},"end":{"line":37,"column":null}},"1":{"start":{"line":39,"column":22},"end":{"line":39,"column":null}},"2":{"start":{"line":40,"column":20},"end":{"line":40,"column":null}},"3":{"start":{"line":41,"column":2},"end":{"line":46,"column":null}},"4":{"start":{"line":42,"column":4},"end":{"line":45,"column":null}},"5":{"start":{"line":54,"column":2},"end":{"line":64,"column":null}},"6":{"start":{"line":60,"column":6},"end":{"line":60,"column":null}},"7":{"start":{"line":60,"column":30},"end":{"line":60,"column":null}},"8":{"start":{"line":62,"column":6},"end":{"line":62,"column":null}},"9":{"start":{"line":81,"column":2},"end":{"line":81,"column":null}},"10":{"start":{"line":81,"column":31},"end":{"line":81,"column":null}},"11":{"start":{"line":82,"column":15},"end":{"line":82,"column":null}},"12":{"start":{"line":83,"column":2},"end":{"line":83,"column":null}},"13":{"start":{"line":83,"column":13},"end":{"line":83,"column":null}},"14":{"start":{"line":84,"column":15},"end":{"line":93,"column":null}},"15":{"start":{"line":94,"column":2},"end":{"line":94,"column":null}}},"fnMap":{"0":{"name":"initEpisodic","decl":{"start":{"line":20,"column":16},"end":{"line":20,"column":29}},"loc":{"start":{"line":20,"column":57},"end":{"line":47,"column":null}},"line":20},"1":{"name":"sanitizeQuery","decl":{"start":{"line":53,"column":9},"end":{"line":53,"column":23}},"loc":{"start":{"line":53,"column":44},"end":{"line":65,"column":null}},"line":53},"2":{"name":"(anonymous_2)","decl":{"start":{"line":58,"column":5},"end":{"line":58,"column":10}},"loc":{"start":{"line":58,"column":18},"end":{"line":63,"column":5}},"line":58},"3":{"name":"search","decl":{"start":{"line":76,"column":16},"end":{"line":76,"column":null}},"loc":{"start":{"line":80,"column":17},"end":{"line":95,"column":null}},"line":80}},"branchMap":{"0":{"loc":{"start":{"line":41,"column":2},"end":{"line":46,"column":null}},"type":"if","locations":[{"start":{"line":41,"column":2},"end":{"line":46,"column":null}},{"start":{},"end":{}}],"line":41},"1":{"loc":{"start":{"line":41,"column":6},"end":{"line":41,"column":40}},"type":"binary-expr","locations":[{"start":{"line":41,"column":6},"end":{"line":41,"column":24}},{"start":{"line":41,"column":24},"end":{"line":41,"column":40}}],"line":41},"2":{"loc":{"start":{"line":60,"column":6},"end":{"line":60,"column":null}},"type":"if","locations":[{"start":{"line":60,"column":6},"end":{"line":60,"column":null}},{"start":{},"end":{}}],"line":60},"3":{"loc":{"start":{"line":79,"column":2},"end":{"line":79,"column":null}},"type":"default-arg","locations":[{"start":{"line":79,"column":10},"end":{"line":79,"column":null}}],"line":79},"4":{"loc":{"start":{"line":81,"column":2},"end":{"line":81,"column":null}},"type":"if","locations":[{"start":{"line":81,"column":2},"end":{"line":81,"column":null}},{"start":{},"end":{}}],"line":81},"5":{"loc":{"start":{"line":81,"column":6},"end":{"line":81,"column":31}},"type":"binary-expr","locations":[{"start":{"line":81,"column":6},"end":{"line":81,"column":16}},{"start":{"line":81,"column":16},"end":{"line":81,"column":31}}],"line":81},"6":{"loc":{"start":{"line":83,"column":2},"end":{"line":83,"column":null}},"type":"if","locations":[{"start":{"line":83,"column":2},"end":{"line":83,"column":null}},{"start":{},"end":{}}],"line":83}},"s":{"0":19,"1":19,"2":19,"3":19,"4":1,"5":8,"6":8,"7":0,"8":8,"9":10,"10":2,"11":8,"12":8,"13":0,"14":8,"15":8},"f":{"0":19,"1":8,"2":8,"3":10},"b":{"0":[1,18],"1":[19,4],"2":[0,8],"3":[10],"4":[2,8],"5":[10,9],"6":[0,8]},"meta":{"lastBranch":7,"lastFunction":4,"lastStatement":16,"seen":{"f:20:16:20:29":0,"s:21:2:37:Infinity":0,"s:39:22:39:Infinity":1,"s:40:20:40:Infinity":2,"b:41:2:46:Infinity:undefined:undefined:undefined:undefined":0,"s:41:2:46:Infinity":3,"b:41:6:41:24:41:24:41:40":1,"s:42:4:45:Infinity":4,"f:53:9:53:23":1,"s:54:2:64:Infinity":5,"f:58:5:58:10":2,"b:60:6:60:Infinity:undefined:undefined:undefined:undefined":2,"s:60:6:60:Infinity":6,"s:60:30:60:Infinity":7,"s:62:6:62:Infinity":8,"f:76:16:76:Infinity":3,"b:79:10:79:Infinity":3,"b:81:2:81:Infinity:undefined:undefined:undefined:undefined":4,"s:81:2:81:Infinity":9,"b:81:6:81:16:81:16:81:31":5,"s:81:31:81:Infinity":10,"s:82:15:82:Infinity":11,"b:83:2:83:Infinity:undefined:undefined:undefined:undefined":6,"s:83:2:83:Infinity":12,"s:83:13:83:Infinity":13,"s:84:15:93:Infinity":14,"s:94:2:94:Infinity":15},"fnNames":{}}}
,"/home/dan/ai-coworkers/src/runtime/hygiene.ts": {"path":"/home/dan/ai-coworkers/src/runtime/hygiene.ts","statementMap":{"0":{"start":{"line":19,"column":13},"end":{"line":19,"column":null}},"1":{"start":{"line":20,"column":2},"end":{"line":31,"column":null}},"2":{"start":{"line":32,"column":2},"end":{"line":32,"column":null}},"3":{"start":{"line":51,"column":14},"end":{"line":51,"column":null}},"4":{"start":{"line":52,"column":15},"end":{"line":57,"column":null}},"5":{"start":{"line":58,"column":2},"end":{"line":58,"column":null}},"6":{"start":{"line":62,"column":2},"end":{"line":63,"column":null}},"7":{"start":{"line":71,"column":2},"end":{"line":71,"column":null}},"8":{"start":{"line":75,"column":14},"end":{"line":77,"column":null}},"9":{"start":{"line":78,"column":2},"end":{"line":78,"column":null}},"10":{"start":{"line":82,"column":14},"end":{"line":82,"column":null}},"11":{"start":{"line":83,"column":19},"end":{"line":83,"column":null}},"12":{"start":{"line":84,"column":20},"end":{"line":84,"column":null}},"13":{"start":{"line":86,"column":17},"end":{"line":88,"column":null}},"14":{"start":{"line":90,"column":15},"end":{"line":90,"column":null}},"15":{"start":{"line":92,"column":2},"end":{"line":119,"column":null}},"16":{"start":{"line":93,"column":21},"end":{"line":93,"column":null}},"17":{"start":{"line":94,"column":19},"end":{"line":94,"column":null}},"18":{"start":{"line":97,"column":4},"end":{"line":103,"column":null}},"19":{"start":{"line":98,"column":6},"end":{"line":98,"column":null}},"20":{"start":{"line":99,"column":6},"end":{"line":99,"column":null}},"21":{"start":{"line":100,"column":6},"end":{"line":100,"column":null}},"22":{"start":{"line":101,"column":6},"end":{"line":101,"column":null}},"23":{"start":{"line":102,"column":6},"end":{"line":102,"column":null}},"24":{"start":{"line":106,"column":4},"end":{"line":118,"column":null}},"25":{"start":{"line":107,"column":18},"end":{"line":107,"column":null}},"26":{"start":{"line":108,"column":6},"end":{"line":111,"column":null}},"27":{"start":{"line":109,"column":8},"end":{"line":109,"column":null}},"28":{"start":{"line":110,"column":8},"end":{"line":110,"column":null}},"29":{"start":{"line":112,"column":6},"end":{"line":117,"column":null}},"30":{"start":{"line":113,"column":8},"end":{"line":113,"column":null}},"31":{"start":{"line":113,"column":14},"end":{"line":113,"column":44}},"32":{"start":{"line":114,"column":8},"end":{"line":114,"column":null}},"33":{"start":{"line":115,"column":8},"end":{"line":115,"column":null}},"34":{"start":{"line":116,"column":8},"end":{"line":116,"column":null}},"35":{"start":{"line":122,"column":14},"end":{"line":127,"column":null}},"36":{"start":{"line":128,"column":17},"end":{"line":128,"column":null}},"37":{"start":{"line":129,"column":2},"end":{"line":135,"column":null}},"38":{"start":{"line":129,"column":15},"end":{"line":129,"column":18}},"39":{"start":{"line":130,"column":14},"end":{"line":130,"column":null}},"40":{"start":{"line":131,"column":4},"end":{"line":131,"column":null}},"41":{"start":{"line":132,"column":4},"end":{"line":132,"column":null}},"42":{"start":{"line":133,"column":4},"end":{"line":133,"column":null}},"43":{"start":{"line":134,"column":4},"end":{"line":134,"column":null}},"44":{"start":{"line":137,"column":2},"end":{"line":137,"column":null}},"45":{"start":{"line":141,"column":2},"end":{"line":145,"column":null}},"46":{"start":{"line":142,"column":4},"end":{"line":142,"column":null}},"47":{"start":{"line":142,"column":52},"end":{"line":142,"column":null}},"48":{"start":{"line":149,"column":2},"end":{"line":149,"column":null}},"49":{"start":{"line":149,"column":8},"end":{"line":149,"column":30}},"50":{"start":{"line":149,"column":30},"end":{"line":149,"column":43}},"51":{"start":{"line":149,"column":53},"end":{"line":149,"column":67}}},"fnMap":{"0":{"name":"openHygiene","decl":{"start":{"line":18,"column":16},"end":{"line":18,"column":28}},"loc":{"start":{"line":18,"column":58},"end":{"line":33,"column":null}},"line":18},"1":{"name":"register","decl":{"start":{"line":45,"column":16},"end":{"line":45,"column":null}},"loc":{"start":{"line":50,"column":10},"end":{"line":59,"column":null}},"line":50},"2":{"name":"touch","decl":{"start":{"line":61,"column":16},"end":{"line":61,"column":22}},"loc":{"start":{"line":61,"column":58},"end":{"line":64,"column":null}},"line":61},"3":{"name":"markStatus","decl":{"start":{"line":66,"column":16},"end":{"line":66,"column":null}},"loc":{"start":{"line":70,"column":8},"end":{"line":72,"column":null}},"line":70},"4":{"name":"activeCount","decl":{"start":{"line":74,"column":16},"end":{"line":74,"column":28}},"loc":{"start":{"line":74,"column":74},"end":{"line":79,"column":null}},"line":74},"5":{"name":"sweep","decl":{"start":{"line":81,"column":16},"end":{"line":81,"column":22}},"loc":{"start":{"line":81,"column":80},"end":{"line":138,"column":null}},"line":81},"6":{"name":"reapPath","decl":{"start":{"line":140,"column":9},"end":{"line":140,"column":18}},"loc":{"start":{"line":140,"column":35},"end":{"line":146,"column":null}},"line":140},"7":{"name":"isProcessAlive","decl":{"start":{"line":148,"column":9},"end":{"line":148,"column":24}},"loc":{"start":{"line":148,"column":46},"end":{"line":150,"column":null}},"line":148}},"branchMap":{"0":{"loc":{"start":{"line":97,"column":4},"end":{"line":103,"column":null}},"type":"if","locations":[{"start":{"line":97,"column":4},"end":{"line":103,"column":null}},{"start":{},"end":{}}],"line":97},"1":{"loc":{"start":{"line":97,"column":4},"end":{"line":97,"column":90}},"type":"binary-expr","locations":[{"start":{"line":97,"column":9},"end":{"line":97,"column":34}},{"start":{"line":97,"column":34},"end":{"line":97,"column":63}},{"start":{"line":97,"column":63},"end":{"line":97,"column":90}}],"line":97},"2":{"loc":{"start":{"line":106,"column":4},"end":{"line":118,"column":null}},"type":"if","locations":[{"start":{"line":106,"column":4},"end":{"line":118,"column":null}},{"start":{},"end":{}}],"line":106},"3":{"loc":{"start":{"line":108,"column":6},"end":{"line":111,"column":null}},"type":"if","locations":[{"start":{"line":108,"column":6},"end":{"line":111,"column":null}},{"start":{},"end":{}}],"line":108},"4":{"loc":{"start":{"line":112,"column":6},"end":{"line":117,"column":null}},"type":"if","locations":[{"start":{"line":112,"column":6},"end":{"line":117,"column":null}},{"start":{},"end":{}}],"line":112},"5":{"loc":{"start":{"line":142,"column":4},"end":{"line":142,"column":null}},"type":"if","locations":[{"start":{"line":142,"column":4},"end":{"line":142,"column":null}},{"start":{},"end":{}}],"line":142},"6":{"loc":{"start":{"line":142,"column":8},"end":{"line":142,"column":52}},"type":"binary-expr","locations":[{"start":{"line":142,"column":8},"end":{"line":142,"column":25}},{"start":{"line":142,"column":25},"end":{"line":142,"column":52}}],"line":142}},"s":{"0":33,"1":33,"2":33,"3":8,"4":8,"5":8,"6":1,"7":6,"8":75,"9":75,"10":29,"11":29,"12":29,"13":29,"14":29,"15":29,"16":5,"17":5,"18":5,"19":1,"20":1,"21":1,"22":1,"23":1,"24":4,"25":3,"26":3,"27":2,"28":2,"29":1,"30":1,"31":1,"32":1,"33":1,"34":1,"35":29,"36":29,"37":29,"38":29,"39":1,"40":1,"41":1,"42":1,"43":1,"44":29,"45":2,"46":2,"47":2,"48":3,"49":3,"50":3,"51":2},"f":{"0":33,"1":8,"2":1,"3":6,"4":75,"5":29,"6":2,"7":3},"b":{"0":[1,4],"1":[5,3,2],"2":[3,1],"3":[2,1],"4":[1,0],"5":[2,0],"6":[2,2]},"meta":{"lastBranch":7,"lastFunction":8,"lastStatement":52,"seen":{"f:18:16:18:28":0,"s:19:13:19:Infinity":0,"s:20:2:31:Infinity":1,"s:32:2:32:Infinity":2,"f:45:16:45:Infinity":1,"s:51:14:51:Infinity":3,"s:52:15:57:Infinity":4,"s:58:2:58:Infinity":5,"f:61:16:61:22":2,"s:62:2:63:Infinity":6,"f:66:16:66:Infinity":3,"s:71:2:71:Infinity":7,"f:74:16:74:28":4,"s:75:14:77:Infinity":8,"s:78:2:78:Infinity":9,"f:81:16:81:22":5,"s:82:14:82:Infinity":10,"s:83:19:83:Infinity":11,"s:84:20:84:Infinity":12,"s:86:17:88:Infinity":13,"s:90:15:90:Infinity":14,"s:92:2:119:Infinity":15,"s:93:21:93:Infinity":16,"s:94:19:94:Infinity":17,"b:97:4:103:Infinity:undefined:undefined:undefined:undefined":0,"s:97:4:103:Infinity":18,"b:97:9:97:34:97:34:97:63:97:63:97:90":1,"s:98:6:98:Infinity":19,"s:99:6:99:Infinity":20,"s:100:6:100:Infinity":21,"s:101:6:101:Infinity":22,"s:102:6:102:Infinity":23,"b:106:4:118:Infinity:undefined:undefined:undefined:undefined":2,"s:106:4:118:Infinity":24,"s:107:18:107:Infinity":25,"b:108:6:111:Infinity:undefined:undefined:undefined:undefined":3,"s:108:6:111:Infinity":26,"s:109:8:109:Infinity":27,"s:110:8:110:Infinity":28,"b:112:6:117:Infinity:undefined:undefined:undefined:undefined":4,"s:112:6:117:Infinity":29,"s:113:8:113:Infinity":30,"s:113:14:113:44":31,"s:114:8:114:Infinity":32,"s:115:8:115:Infinity":33,"s:116:8:116:Infinity":34,"s:122:14:127:Infinity":35,"s:128:17:128:Infinity":36,"s:129:2:135:Infinity":37,"s:129:15:129:18":38,"s:130:14:130:Infinity":39,"s:131:4:131:Infinity":40,"s:132:4:132:Infinity":41,"s:133:4:133:Infinity":42,"s:134:4:134:Infinity":43,"s:137:2:137:Infinity":44,"f:140:9:140:18":6,"s:141:2:145:Infinity":45,"b:142:4:142:Infinity:undefined:undefined:undefined:undefined":5,"s:142:4:142:Infinity":46,"b:142:8:142:25:142:25:142:52":6,"s:142:52:142:Infinity":47,"f:148:9:148:24":7,"s:149:2:149:Infinity":48,"s:149:8:149:30":49,"s:149:30:149:43":50,"s:149:53:149:67":51},"fnNames":{}}}
,"/home/dan/ai-coworkers/src/runtime/inbox.ts": {"path":"/home/dan/ai-coworkers/src/runtime/inbox.ts","statementMap":{"0":{"start":{"line":20,"column":21},"end":{"line":20,"column":null}},"1":{"start":{"line":21,"column":8},"end":{"line":25,"column":null}},"2":{"start":{"line":22,"column":4},"end":{"line":22,"column":null}},"3":{"start":{"line":22,"column":33},"end":{"line":22,"column":null}},"4":{"start":{"line":23,"column":14},"end":{"line":23,"column":null}},"5":{"start":{"line":24,"column":4},"end":{"line":24,"column":null}},"6":{"start":{"line":26,"column":8},"end":{"line":26,"column":null}},"7":{"start":{"line":26,"column":37},"end":{"line":26,"column":null}},"8":{"start":{"line":28,"column":2},"end":{"line":49,"column":null}},"9":{"start":{"line":30,"column":6},"end":{"line":30,"column":null}},"10":{"start":{"line":33,"column":6},"end":{"line":33,"column":null}},"11":{"start":{"line":33,"column":29},"end":{"line":33,"column":null}},"12":{"start":{"line":34,"column":19},"end":{"line":34,"column":null}},"13":{"start":{"line":35,"column":19},"end":{"line":35,"column":null}},"14":{"start":{"line":36,"column":20},"end":{"line":36,"column":null}},"15":{"start":{"line":37,"column":6},"end":{"line":37,"column":null}},"16":{"start":{"line":37,"column":25},"end":{"line":37,"column":null}},"17":{"start":{"line":41,"column":16},"end":{"line":41,"column":null}},"18":{"start":{"line":42,"column":6},"end":{"line":42,"column":null}},"19":{"start":{"line":45,"column":6},"end":{"line":45,"column":null}},"20":{"start":{"line":45,"column":29},"end":{"line":45,"column":null}},"21":{"start":{"line":46,"column":19},"end":{"line":46,"column":null}},"22":{"start":{"line":47,"column":6},"end":{"line":47,"column":null}}},"fnMap":{"0":{"name":"openInbox","decl":{"start":{"line":19,"column":16},"end":{"line":19,"column":26}},"loc":{"start":{"line":19,"column":47},"end":{"line":50,"column":null}},"line":19},"1":{"name":"(anonymous_1)","decl":{"start":{"line":21,"column":8},"end":{"line":21,"column":35}},"loc":{"start":{"line":21,"column":35},"end":{"line":25,"column":null}},"line":21},"2":{"name":"(anonymous_2)","decl":{"start":{"line":26,"column":8},"end":{"line":26,"column":23}},"loc":{"start":{"line":26,"column":37},"end":{"line":26,"column":null}},"line":26},"3":{"name":"read","decl":{"start":{"line":29,"column":4},"end":{"line":29,"column":19}},"loc":{"start":{"line":29,"column":19},"end":{"line":31,"column":null}},"line":29},"4":{"name":"unread","decl":{"start":{"line":32,"column":4},"end":{"line":32,"column":21}},"loc":{"start":{"line":32,"column":21},"end":{"line":43,"column":null}},"line":32},"5":{"name":"markAllRead","decl":{"start":{"line":44,"column":4},"end":{"line":44,"column":24}},"loc":{"start":{"line":44,"column":24},"end":{"line":48,"column":null}},"line":44}},"branchMap":{"0":{"loc":{"start":{"line":22,"column":4},"end":{"line":22,"column":null}},"type":"if","locations":[{"start":{"line":22,"column":4},"end":{"line":22,"column":null}},{"start":{},"end":{}}],"line":22},"1":{"loc":{"start":{"line":24,"column":11},"end":{"line":24,"column":null}},"type":"cond-expr","locations":[{"start":{"line":24,"column":32},"end":{"line":24,"column":36}},{"start":{"line":24,"column":36},"end":{"line":24,"column":null}}],"line":24},"2":{"loc":{"start":{"line":30,"column":13},"end":{"line":30,"column":null}},"type":"cond-expr","locations":[{"start":{"line":30,"column":32},"end":{"line":30,"column":61}},{"start":{"line":30,"column":61},"end":{"line":30,"column":null}}],"line":30},"3":{"loc":{"start":{"line":33,"column":6},"end":{"line":33,"column":null}},"type":"if","locations":[{"start":{"line":33,"column":6},"end":{"line":33,"column":null}},{"start":{},"end":{}}],"line":33},"4":{"loc":{"start":{"line":37,"column":6},"end":{"line":37,"column":null}},"type":"if","locations":[{"start":{"l
[...]
{"name":"(anonymous_5)","decl":{"start":{"line":120,"column":24},"end":{"line":120,"column":29}},"loc":{"start":{"line":120,"column":35},"end":{"line":120,"column":85}},"line":120}},"branchMap":{"0":{"loc":{"start":{"line":16,"column":2},"end":{"line":16,"column":null}},"type":"if","locations":[{"start":{"line":16,"column":2},"end":{"line":16,"column":null}},{"start":{},"end":{}}],"line":16},"1":{"loc":{"start":{"line":39,"column":55},"end":{"line":39,"column":72}},"type":"binary-expr","locations":[{"start":{"line":39,"column":55},"end":{"line":39,"column":70}},{"start":{"line":39,"column":70},"end":{"line":39,"column":72}}],"line":39},"2":{"loc":{"start":{"line":62,"column":4},"end":{"line":62,"column":null}},"type":"if","locations":[{"start":{"line":62,"column":4},"end":{"line":62,"column":null}},{"start":{},"end":{}}],"line":62},"3":{"loc":{"start":{"line":86,"column":4},"end":{"line":86,"column":null}},"type":"if","locations":[{"start":{"line":86,"column":4},"end":{"line":86,"column":null}},{"start":{},"end":{}}],"line":86},"4":{"loc":{"start":{"line":119,"column":4},"end":{"line":119,"column":null}},"type":"if","locations":[{"start":{"line":119,"column":4},"end":{"line":119,"column":null}},{"start":{},"end":{}}],"line":119},"5":{"loc":{"start":{"line":122,"column":15},"end":{"line":122,"column":null}},"type":"binary-expr","locations":[{"start":{"line":122,"column":15},"end":{"line":122,"column":38}},{"start":{"line":122,"column":38},"end":{"line":122,"column":null}}],"line":122},"6":{"loc":{"start":{"line":124,"column":13},"end":{"line":124,"column":null}},"type":"binary-expr","locations":[{"start":{"line":124,"column":13},"end":{"line":124,"column":39}},{"start":{"line":124,"column":39},"end":{"line":124,"column":null}}],"line":124},"7":{"loc":{"start":{"line":131,"column":11},"end":{"line":131,"column":null}},"type":"cond-expr","locations":[{"start":{"line":131,"column":27},"end":{"line":131,"column":59}},{"start":{"line":131,"column":59},"end":{"line":131,"column":null}}],"line":131}},"s":{"0":3,"1":2,"2":1,"3":1,"4":1,"5":1,"6":1,"7":3,"8":2,"9":2,"10":3,"11":3,"12":1,"13":2,"14":2,"15":2,"16":2,"17":2,"18":3,"19":2,"20":1,"21":1,"22":1,"23":1,"24":1,"25":1,"26":3,"27":3,"28":3,"29":3,"30":3,"31":3,"32":3,"33":3,"34":3,"35":3,"36":1,"37":2,"38":2,"39":2,"40":3,"41":3,"42":1,"43":1,"44":3},"f":{"0":2,"1":2,"2":3,"3":2,"4":3,"5":2},"b":{"0":[1,1],"1":[2,2],"2":[1,2],"3":[1,1],"4":[1,2],"5":[2,0],"6":[3,0],"7":[1,1]},"meta":{"lastBranch":8,"lastFunction":6,"lastStatement":45,"seen":{"s:14:30:14:Infinity":0,"f:15:9:15:18":0,"b:16:2:16:Infinity:undefined:undefined:undefined:undefined":0,"s:16:2:16:Infinity":1,"s:16:10:16:Infinity":2,"s:19:19:19:Infinity":3,"s:20:15:20:Infinity":4,"s:21:2:21:Infinity":5,"s:22:2:22:Infinity":6,"s:25:37:42:Infinity":7,"f:38:11:38:18":1,"s:39:20:39:Infinity":8,"b:39:55:39:70:39:70:39:72":1,"s:40:4:40:Infinity":9,"s:48:42:70:Infinity":10,"f:61:11:61:18":2,"b:62:4:62:Infinity:undefined:undefined:undefined:undefined":2,"s:62:4:62:Infinity":11,"s:62:20:62:Infinity":12,"s:64:29:64:Infinity":13,"s:65:21:65:Infinity":14,"s:66:21:66:Infinity":15,"s:67:18:67:Infinity":16,"s:68:4:68:Infinity":17,"s:72:41:93:Infinity":18,"f:85:11:85:18":3,"b:86:4:86:Infinity:undefined:undefined:undefined:undefined":3,"s:86:4:86:Infinity":19,"s:86:20:86:Infinity":20,"s:87:29:87:Infinity":21,"s:88:21:88:Infinity":22,"s:89:21:89:Infinity":23,"s:90:18:90:Infinity":24,"s:91:4:91:Infinity":25,"s:97:37:144:Infinity":26,"f:110:11:110:18":4,"s:111:27:111:Infinity":27,"s:112:37:112:Infinity":28,"s:113:21:113:Infinity":29,"s:114:21:114:Infinity":30,"s:115:21:115:Infinity":31,"s:116:16:116:Infinity":32,"s:117:4:117:Infinity":33,"s:118:17:118:Infinity":34,"b:119:4:119:Infinity:undefined:undefined:undefined:undefined":4,"s:119:4:119:Infinity":35,"s:119:22:119:Infinity":36,"s:120:19:120:Infinity":37,"f:120:24:120:29":5,"s:120:35:120:85":38,"s:121:16:125:Infinity":39,"b:122:15:122:38:122:38:122:Infinity":5,"b:124:13:124:39:124:39:124:Infinity":6,"s:126:4:142:Infinity":40,"s:127:18:135:Infinity":41,"b:131:27:131:59:131:59:131:Infinity":7,"s:136:6:136:Infinity":42,"s:138:6:141:Infinity":43,"s:146:38:146:Infinity":44},"fnNames":{}}}
,"/home/dan/ai-coworkers/src/tools/role.ts": {"path":"/home/dan/ai-coworkers/src/tools/role.ts","statementMap":{"0":{"start":{"line":14,"column":18},"end":{"line":14,"column":null}},"1":{"start":{"line":17,"column":15},"end":{"line":17,"column":null}},"2":{"start":{"line":18,"column":2},"end":{"line":18,"column":null}},"3":{"start":{"line":21,"column":42},"end":{"line":69,"column":null}},"4":{"start":{"line":46,"column":4},"end":{"line":46,"column":null}},"5":{"start":{"line":46,"column":20},"end":{"line":46,"column":null}},"6":{"start":{"line":47,"column":38},"end":{"line":47,"column":null}},"7":{"start":{"line":48,"column":14},"end":{"line":48,"column":null}},"8":{"start":{"line":49,"column":4},"end":{"line":49,"column":null}},"9":{"start":{"line":49,"column":21},"end":{"line":49,"column":null}},"10":{"start":{"line":52,"column":25},"end":{"line":52,"column":null}},"11":{"start":{"line":53,"column":15},"end":{"line":53,"column":null}},"12":{"start":{"line":54,"column":21},"end":{"line":54,"column":null}},"13":{"start":{"line":55,"column":20},"end":{"line":55,"column":null}},"14":{"start":{"line":57,"column":4},"end":{"line":66,"column":null}},"15":{"start":{"line":58,"column":6},"end":{"line":58,"column":null}},"16":{"start":{"line":61,"column":6},"end":{"line":65,"column":null}},"17":{"start":{"line":62,"column":8},"end":{"line":62,"column":null}},"18":{"start":{"line":64,"column":8},"end":{"line":64,"column":null}},"19":{"start":{"line":67,"column":4},"end":{"line":67,"column":null}},"20":{"start":{"line":71,"column":45},"end":{"line":84,"column":null}},"21":{"start":{"line":78,"column":29},"end":{"line":78,"column":null}},"22":{"start":{"line":79,"column":20},"end":{"line":81,"column":null}},"23":{"start":{"line":79,"column":63},"end":{"line":81,"column":6}},"24":{"start":{"line":82,"column":4},"end":{"line":82,"column":null}},"25":{"start":{"line":86,"column":36},"end":{"line":86,"column":null}}},"fnMap":{"0":{"name":"dirs","decl":{"start":{"line":16,"column":9},"end":{"line":16,"column":14}},"loc":{"start":{"line":16,"column":71},"end":{"line":19,"column":null}},"line":16},"1":{"name":"(anonymous_1)","decl":{"start":{"line":45,"column":11},"end":{"line":45,"column":18}},"loc":{"start":{"line":45,"column":92},"end":{"line":68,"column":null}},"line":45},"2":{"name":"(anonymous_2)","decl":{"start":{"line":77,"column":11},"end":{"line":77,"column":18}},"loc":{"start":{"line":77,"column":52},"end":{"line":83,"column":null}},"line":77},"3":{"name":"(anonymous_3)","decl":{"start":{"line":79,"column":51},"end":{"line":79,"column":56}},"loc":{"start":{"line":79,"column":63},"end":{"line":81,"column":6}},"line":79}},"branchMap":{"0":{"loc":{"start":{"line":46,"column":4},"end":{"line":46,"column":null}},"type":"if","locations":[{"start":{"line":46,"column":4},"end":{"line":46,"column":null}},{"start":{},"end":{}}],"line":46},"1":{"loc":{"start":{"line":49,"column":4},"end":{"line":49,"column":null}},"type":"if","locations":[{"start":{"line":49,"column":4},"end":{"line":49,"column":null}},{"start":{},"end":{}}],"line":49},"2":{"loc":{"start":{"line":53,"column":15},"end":{"line":53,"column":null}},"type":"cond-expr","locations":[{"start":{"line":53,"column":30},"end":{"line":53,"column":56}},{"start":{"line":53,"column":56},"end":{"line":53,"column":null}}],"line":53}},"s":{"0":1,"1":5,"2":5,"3":1,"4":5,"5":1,"6":4,"7":4,"8":4,"9":1,"10":3,"11":5,"12":5,"13":5,"14":5,"15":5,"16":1,"17":1,"18":0,"19":3,"20":1,"21":1,"22":1,"23":1,"24":1,"25":1},"f":{"0":5,"1":5,"2":1,"3":1},"b":{"0":[1,4],"1":[1,3],"2":[1,2]},"meta":{"lastBranch":3,"lastFunction":4,"lastStatement":26,"seen":{"s:14:18:14:Infinity":0,"f:16:9:16:14":0,"s:17:15:17:Infinity":1,"s:18:2:18:Infinity":2,"s:21:42:69:Infinity":3,"f:45:11:45:18":1,"b:46:4:46:Infinity:undefined:undefined:undefined:undefined":0,"s:46:4:46:Infinity":4,"s:46:20:46:Infinity":5,"s:47:38:47:Infinity":6,"s:48:14:48:Infinity":7,"b:49:4:49:Infinity:undefined:undefined:undefined:undefined":1,"s:49:4:49:Infinity":8,"s:49:21:49:Infinity":9,"s:52:25:52:Infinity":10,"s:53:15:53:Infinity":11,"b:53:30:53:56:53:56:53:Infinity":2,"s:54:21:54:Infinity":12,"s:55:20:55:Infinity":13,"s:57:4:66:Infinity":14,"s:58:6:58:Infinity":15,"s:61:6:65:Infinity":16,"s:62:8:62:Infinity":17,"s:64:8:64:Infinity":18,"s:67:4:67:Infinity":19,"s:71:45:84:Infinity":20,"f:77:11:77:18":2,"s:78:29:78:Infinity":21,"s:79:20:81:Infinity":22,"f:79:51:79:56":3,"s:79:63:81:6":23,"s:82:4:82:Infinity":24,"s:86:36:86:Infinity":25},"fnNames":{}}}
,"/home/dan/ai-coworkers/src/tools/slack.ts": {"path":"/home/dan/ai-coworkers/src/tools/slack.ts","statementMap":{"0":{"start":{"line":11,"column":14},"end":{"line":11,"column":null}},"1":{"start":{"line":14,"column":16},"end":{"line":14,"column":null}},"2":{"start":{"line":15,"column":14},"end":{"line":15,"column":null}},"3":{"start":{"line":16,"column":14},"end":{"line":24,"column":null}},"4":{"start":{"line":25,"column":16},"end":{"line":25,"column":null}},"5":{"start":{"line":26,"column":2},"end":{"line":26,"column":null}},"6":{"start":{"line":26,"column":16},"end":{"line":26,"column":null}},"7":{"start":{"line":27,"column":2},"end":{"line":27,"column":null}},"8":{"start":{"line":30,"column":38},"end":{"line":62,"column":null}},"9":{"start":{"line":36,"column":18},"end":{"line":36,"column":null}},"10":{"start":{"line":37,"column":4},"end":{"line":37,"column":null}},"11":{"start":{"line":37,"column":16},"end":{"line":37,"column":null}},"12":{"start":{"line":40,"column":17},"end":{"line":40,"column":null}},"13":{"start":{"line":41,"column":24},"end":{"line":41,"column":null}},"14":{"start":{"line":42,"column":21},"end":{"line":42,"column":null}},"15":{"start":{"line":42,"column":55},"end":{"line":42,"column":63}},"16":{"start":{"line":43,"column":4},"end":{"line":43,"column":null}},"17":{"start":{"line":43,"column":26},"end":{"line":43,"column":null}},"18":{"start":{"line":44,"column":31},"end":{"line":44,"column":null}},"19":{"start":{"line":45,"column":10},"end":{"line":45,"column":null}},"20":{"start":{"line":46,"column":4},"end":{"line":59,"column":null}},"21":{"start":{"line":47,"column":6},"end":{"line":58,"column":null}},"22":{"start":{"line":48,"column":18},"end":{"line":50,"column":null}},"23":{"start":{"line":51,"column":8},"end":{"line":55,"column":null}},"24":{"start":{"line":52,"column":10},"end":{"line":54,"column":null}},"25":{"start":{"line":53,"column":12},"end":{"line":53,"column":null}},"26":{"start":{"line":57,"column":8},"end":{"line":57,"column":null}},"27":{"start":{"line":60,"column":4},"end":{"line":60,"column":null}},"28":{"start":{"line":64,"column":34},"end":{"line":84,"column":null}},"29":{"start":{"line":78,"column":4},"end":{"line":78,"column":null}},"30":{"start":{"line":78,"column":20},"end":{"line":78,"column":null}},"31":{"start":{"line":79,"column":18},"end":{"line":79,"column":null}},"32":{"start":{"line":80,"column":4},"end":{"line":80,"column":null}},"33":{"start":{"line":80,"column":16},"end":{"line":80,"column":null}},"34":{"start":{"line":81,"column":16},"end":{"line":81,"column":null}},"35":{"start":{"line":82,"column":4},"end":{"line":82,"column":null}},"36":{"start":{"line":86,"column":32},"end":{"line":109,"column":null}},"37":{"start":{"line":99,"column":4},"end":{"line":99,"column":null}},"38":{"start":{"line":99,"column":20},"end":{"line":99,"column":null}},"39":{"start":{"line":100,"column":18},"end":{"line":100,"column":null}},"40":{"start":{"line":101,"column":4},"end":{"line":101,"column":null}},"41":{"start":{"line":101,"column":16},"end":{"line":101,"column":null}},"42":{"start":{"line":103,"column":17},"end":{"line":103,"column":null}},"43":{"start":{"line":104,"column":16},"end":{"line":106,"column":null}},"44":{"start":{"line":107,"column":4},"end":{"line":107,"column":null}},"45":{"start":{"line":111,"column":37},"end":{"line":111,"column":null}}},"fnMap":{"0":{"name":"slack","decl":{"start":{"line":13,"column":15},"end":{"line":13,"column":24}},"loc":{"start":{"line":13,"column":102},"end":{"line":28,"column":null}},"line":13},"1":{"name":"(anonymous_1)","decl":{"start":{"line":35,"column":11},"end":{"line":35,"column":18}},"loc":{"start":{"line":35,"column":43},"end":{"line":61,"column":null}},"line":35},"2":{"name":"(anonymous_2)","decl":{"start":{"line":42,"column":44},"end":{"line":42,"column":49}},"loc":{"start":{"line":42,"column":55},"end":{"line":42,"column":63}},"line":42},"3":{"name":"(anonymous_3)","decl":{"start":{"line":77,"column":11},"end":{"line":77,"column":18}},"loc":{"start":{"line":77,"column":97},"end":{"line":83,"column":null}},"line":77},"4":{"name":"(anonymous_4)","decl":{"start":{"line":98,"column":11},"end":{"line":98,"column":18}},"loc":{"start":{"line":98,"column":74},"end":{"line":108,"column":null}},"line":98}},"branchMap":{"0":{"loc":{"start":{"line":14,"column":16},"end":{"line":14,"column":null}},"type":"binary-expr","locations":[{"start":{"line":14,"column":16},"end":{"line":14,"column":26}},{"start":{"line":14,"column":26},"end":{"line":14,"column":35}},{"start":{"line":14,"column":35},"end":{"line":14,"column":60}},{"start":{"line":14,"column":60},"end":{"line":14,"column":null}}],"line":14},"1":{"loc":{"start":{"line":15,"column":14},"end":{"line":15,"column":null}},"type":"cond-expr","locations":[{"start":{"line":15,"column":30},"end":{"line":15,"column":89}},{"start":{"line":15,"column":89},"end":{"line":15,"column":null}}],"line":15},"2":{"loc":{"start":{"line":15,"column":14},"end":{"line":15,"column":30}},"type":"binary-expr","locations":[{"start":{"line":15,"column":14},"end":{"line":15,"column":23}},{"start":{"line":15,"column":23},"end":{"line":15,"column":30}}],"line":15},"3":{"loc":{"start":{"line":17,"column":12},"end":{"line":17,"column":null}},"type":"binary-expr","locations":[{"start":{"line":17,"column":12},"end":{"line":17,"column":29}},{"start":{"line":17,"column":29},"end":{"line":17,"column":null}}],"line":17},"4":{"loc":{"start":{"line":17,"column":29},"end":{"line":17,"column":null}},"type":"cond-expr","locations":[{"start":{"line":17,"column":36},"end":{"line":17,"column":45}},{"start":{"line":17,"column":45},"end":{"line":17,"column":null}}],"line":17},"5":{"loc":{"start":{"line":21,"column":10},"end":{"line":21,"column":null}},"type":"binary-expr","locations":[{"start":{"line":21,"column":10},"end":{"line":21,"column":27}},{"start":{"line":21,"column":27},"end":{"line":21,"column":null}}],"line":21},"6":{"loc":{"start":{"line":23,"column":10},"end":{"line":23,"column":null}},"type":"cond-expr","locations":[{"start":{"line":23,"column":17},"end":{"line":23,"column":40}},{"start":{"line":23,"column":40},"end":{"line":23,"column":null}}],"line":23},"7":{"loc":{"start":{"line":26,"column":2},"end":{"line":26,"column":null}},"type":"if","locations":[{"start":{"line":26,"column":2},"end":{"line":26,"column":null}},{"start":{},"end":{}}],"line":26},"8":{"loc":{"start":{"line":26,"column":52},"end":{"line":26,"column":78}},"type":"binary-expr","locations":[{"start":{"line":26,"column":52},"end":{"line":26,"column":66}},{"start":{"line":26,"column":66},"end":{"line":26,"column":78}}],"line":26},"9":{"loc":{"start":{"line":37,"column":4},"end":{"line":37,"column":null}},"type":"if","locations":[{"start":{"line":37,"column":4},"end":{"line":37,"column":null}},{"start":{},"end":{}}],"line":37},"10":{"loc":{"start":{"line":41,"column":24},"end":{"line":41,"column":null}},"type":"binary-expr","locations":[{"start":{"line":41,"column":24},"end":{"line":41,"column":58}},{"start":{"line":41,"column":58},"end":{"line":41,"column":null}}],"line":41},"11":{"loc":{"start":{"line":43,"column":4},"end":{"line":43,"column":null}},"type":"if","locations":[{"start":{"line":43,"column":4},"end":{"line":43,"column":null}},{"start":{},"end":{}}],"line":43},"12":{"loc":{"start":{"line":51,"column":24},"end":{"line":51,"column":42}},"type":"binary-expr","locations":[{"start":{"line":51,"column":24},"end":{"line":51,"column":38}},{"start":{"line":51,"column":38},"end":{"line":51,"column":42}}],"line":51},"13":{"loc":{"start":{"line":52,"column":10},"end":{"line":54,"column":null}},"type":"if","locations":[{"start":{"line":52,"column":10},"end":{"line":54,"column":null}},{"start":{},"end":{}}],"line":52},"14":{"loc":{"start":{"line":78,"column":4},"end":{"line":78,"column":null}},"type":"if","locations":[{"start":{"line":78,"column":4},"end":{"line":78,"column":null}},{"start":{},"end":{}}],"line":78},"15":{"loc":{"start":{"line":80,"column":4},"end":{"line":80,"column":null}},"type":"if","locations":[{"start":{"line":80,"column":4},"end":{"line":80,"column":null}},{"start":{},"end":{}}],"line":80},"16":{"loc":{"start":{"line":99,"column":4},"end":{"line":99,"column":null}},"type":"if","locations":[{"start":{"line":99,"column":4},"end":{"line":99,"column":null}},{"start":{},"end":{}}],"line":99},"17":{"loc":{"start":{"line":101,"column":4},"end":{"line":101,"column":null}},"type":"if","locations":[{"start":{"line":101,"column":4},"end":{"line":101,"column":null}},{"start":{},"end":{}}],"line":101}},"s":{"0":3,"1":9,"2":9,"3":9,"4":9,"5":9,"6":0,"7":9,"8":3,"9":3,"10":3,"11":1,"12":2,"13":2,"14":3,"15":2,"16":3,"17":1,"18":1,"19":1,"20":1,"21":1,"22":1,"23":1,"24":2,"25":1,"26":0,"27":1,"28":3,"29":5,"30":1,"31":4,"32":4,"33":2,"34":2,"35":2,"36":3,"37":3,"38":1,"39":2,"40":2,"41":0,"42":2,"43":2,"44":2,"45":3},"f":{"0":9,"1":3,"2":2,"3":5,"4":3},"b":{"0":[9,3,0,0],"1":[0,9],"2":[9,3],"3":[9,9],"4":[6,3],"5":[9,9],"6":[6,3],"7":[0,9],"8":[0,0],"9":[1,2],"10":[2,1],"11":[1,2],"12":[1,0],"13":[1,1],"14":[1,4],"15":[2,2],"16":[1,2],"17":[0,2]},"meta":{"lastBranch":18,"lastFunction":5,"lastStatement":46,"seen":{"s:11:14:11:Infinity":0,"f:13:15:13:24":0,"s:14:16:14:Infinity":1,"b:14:16:14:26:14:26:14:35:14:35:14:60:14:60:14:Infinity":0,"s:15:14:15:Infinity":2,"b:15:30:15:89:15:89:15:Infinity":1,"b:15:14:15:23:15:23:15:30":2,"s:16:14:24:Infinity":3,"b:17:12:17:29:17:29:17:Infinity":3,"b:17:36:17:45:17:45:17:Infinity":4,"b:21:10:21:27:21:27:21:Infinity":5,"b:23:17:23:40:23:40:23:Infinity":6,"s:25:16:25:Infinity":4,"b:26:2:26:Infinity:undefined:undefined:undefined:undefined":7,"s:26:2:26:Infinity":5,"s:26:16:26:Infinity":6,"b:26:52:26:66:26:66:26:78":8,"s:27:2:27:Infinity":7,"s:30:38:62:Infinity":8,"f:35:11:35:18":1,"s:36:18:36:Infinity":9,"b:37:4:37:Infinity:undefined:undefined:undefined:undefined":9,"s:37:4:37:Infinity":10,"s:37:16:37:Infinity":11,"s:40:17:40:Infinity":12,"s:41:24:41:Infinity":13,"b:41:24:41:58:41:58:41:Infinity":10,"s:42:21:42:Infinity":14,"f:42:44:42:49":2,"s:42:55:42:63":15,"b:43:4:43:Infinity:undefined:undefined:undefined:undefined":11,"s:43:4:43:Infinity":16,"s:43:26:43:Infinity":17,"s:44:31:44:Infinity":18,"s:45:10:45:Infinity":19,"s:46:4:59:Infinity":20,"s:47:6:58:Infinity":21,"s:48:18:50:Infinity":22,"s:51:8:55:Infinity":23,"b:51:24:51:38:51:38:51:42":12,"b:52:10:54:Infinity:undefined:undefined:undefined:undefined":13,"s:52:10:54:Infinity":24,"s:53:12:53:Infinity":25,"s:57:8:57:Infinity":26,"s:60:4:60:Infinity":27,"s:64:34:84:Infinity":28,"f:77:11:77:18":3,"b:78:4:78:Infinity:undefined:undefined:undefined:undefined":14,"s:78:4:78:Infinity":29,"s:78:20:78:Infinity":30,"s:79:18:79:Infinity":31,"b:80:4:80:Infinity:undefined:undefined:undefined:undefined":15,"s:80:4:80:Infinity":32,"s:80:16:80:Infinity":33,"s:81:16:81:Infinity":34,"s:82:4:82:Infinity":35,"s:86:32:109:Infinity":36,"f:98:11:98:18":4,"b:99:4:99:Infinity:undefined:undefined:undefined:undefined":16,"s:99:4:99:Infinity":37,"s:99:20:99:Infinity":38,"s:100:18:100:Infinity":39,"b:101:4:101:Infinity:undefined:undefined:undefined:undefined":17,"s:101:4:101:Infinity":40,"s:101:16:101:Infinity":41,"s:103:17:103:Infinity":42,"s:104:16:106:Infinity":43,"s:107:4:107:Infinity":44,"s:111:37:111:Infinity":45},"fnNames":{}}}
}
